<Event xmlns='http://schemas.microsoft.com/win/2004/08/events/event'><System><Provider Name='Microsoft-Windows-Sysmon' Guid='{5770385f-c22a-43e0-bf4c-06f5698ffbd9}'/><EventID>1</EventID><Version>5</Version><Level>4</Level><Task>1</Task><Opcode>0</Opcode><Keywords>0x8000000000000000</Keywords><TimeCreated SystemTime='2020-11-22T08:54:40.0853581Z'/><EventRecordID>9520</EventRecordID><Correlation/><Execution ProcessID='35996' ThreadID='36956'/><Channel>Microsoft-Windows-Sysmon/Operational</Channel><Computer>DESKTOP-OD0Q7OR</Computer><Security UserID='S-1-5-18'/></System><EventData><Data Name='RuleName'>-</Data><Data Name='UtcTime'>2020-11-22 08:54:40.083</Data><Data Name='ProcessGuid'>{c9037512-2750-5fba-268f-010000000b00}</Data><Data Name='ProcessId'>40616</Data><Data Name='Image'>C:\Program Files\Git\mingw64\bin\git.exe</Data><Data Name='FileVersion'>-</Data><Data Name='Description'>Git for Windows</Data><Data Name='Product'>Git</Data><Data Name='Company'>The Git Development Community</Data><Data Name='OriginalFileName'>git.exe</Data><Data Name='CommandLine'>git.exe -c credential.helper= -c core.quotepath=false -c log.showSignature=false status --porcelain -z --untracked-files=no --ignored=no -- program/volatility/20201122-175147/hivelist.json program/volatility/20201122-175147/imageinfo_data.json program/volatility/20201122-175147/printkey_Run_hit_process_value.json program/volatility/20201122-175147/printkey_Run_process.json program/volatility/20201122-175147/printkey_software_hit_process_subkeys.json program/volatility/20201122-175147/pstree.json program/volatility/20201122-175147/pstree_hit_process_path.json program/volatility/20201122-175147/sub_pstree.json program/volatility/20201122-175147/subprocess_powershell_hit_process.json program/volatility/json/Detect_explorer_subprocess_hit_process.json program/volatility/json/Dlllist_Syswow64_netscan_yarascan_hit_process.json program/volatility/json/Result_hit_process.json program/volatility/json/hivelist.json program/volatility/json/imageinfo_data.json program/volatility/json/ldrmodules_hit_process.json program/volatility/json/ldrmodules_process_dll.json program/volatility/json/netscan_and_psxview_hit_process.json program/volatility/json/netscan_hit_process.json program/volatility/json/netscan_process.json program/volatility/json/printkey_Run_hit_process_value.json program/volatility/json/printkey_Run_process.json program/volatility/json/printkey_hit_process_subkeys.json program/volatility/json/printkey_software_hit_process_subkeys.json program/volatility/json/pstree.json program/volatility/json/pstree_hit_process_path.json program/volatility/json/psxview_hit_process.json program/volatility/json/psxview_process.json program/volatility/json/sub_pstree.json program/volatility/json/subprocess_powershell_hit_process.json program/volatility/json/yarascan_hit_process.json src/core/Sysmon/ProcessTree/Entry.py src/core/Sysmon/ProcessTree/Node.py src/core/Sysmon/ProcessTree/Process.py src/core/Sysmon/ProcessTree/ProcessTree.py src/core/Sysmon/ProcessTree/ProcessTreeAnalyzer.py src/core/Sysmon/ProcessTree/Xml.py src/core/Sysmon/ProcessTree/__init__.py src/core/Sysmon/Rule/1/rule.json src/core/Sysmon/Rule/1st_filtering/First_filtering.json src/core/Sysmon/Rule/1st_filtering/include_living_of_the_land.xml src/core/Sysmon/Rule/1st_filtering/pars.py src/core/Sysmon/Rule/DetectProcess.py src/core/Sysmon/Rule/Rule.py src/core/Sysmon/Rule/RuleEventIdOneFive.json src/core/Sysmon/Rule/RuleEventIdThree.json src/core/Sysmon/Rule/RuleSet.py src/core/Sysmon/Rule/make_json.py "src/core/Sysmon/Sysmon Set/FW_Sysmon_config.xml" "src/core/Sysmon/Sysmon Set/Sysmon_Event_Collecter.py" src/core/Sysmon/Sysmon_Event_Collecter.py src/core/Sysmon/a.txt src/core/Sysmon/detected/a.txt src/core/Sysmon/event_tmp.xml src/core/Sysmon/main.py src/gui/2020-11-18.xml src/gui/2020-11-22.xml src/gui/AfterDetectedResultFrame.py src/gui/DefenderLog_frame.py src/gui/EventLogAnalysis_frame.py src/gui/GUI_DefenderLog.py src/gui/GUI_Main.py src/gui/GUI_Main_Merge.py src/gui/GUI_Memory.py src/gui/GUI_Sys.py src/gui/GUI_Sys2.py src/gui/LiveDetectedResultFrame.py src/gui/Main_frame.py src/gui/dict.xml src/gui/event_tmp.xml src/gui/sysmon_bySUN.py</Data><Data Name='CurrentDirectory'>D:\케이쉴드주니어\python\FindWally\</Data><Data Name='User'>DESKTOP-OD0Q7OR\dayou</Data><Data Name='LogonGuid'>{c9037512-8161-5fb8-7198-7d2b00000000}</Data><Data Name='LogonId'>0x2b7d9871</Data><Data Name='TerminalSessionId'>10</Data><Data Name='IntegrityLevel'>High</Data><Data Name='Hashes'>SHA1=EDAF69E61745592959809441297208E1C3F7E7AF</Data><Data Name='ParentProcessGuid'>{c9037512-2750-5fba-258f-010000000b00}</Data><Data Name='ParentProcessId'>35040</Data><Data Name='ParentImage'>C:\Program Files\Git\cmd\git.exe</Data><Data Name='ParentCommandLine'>"C:\Program Files\Git\cmd\git.exe" -c credential.helper= -c core.quotepath=false -c log.showSignature=false status --porcelain -z --untracked-files=no --ignored=no -- program/volatility/20201122-175147/hivelist.json program/volatility/20201122-175147/imageinfo_data.json program/volatility/20201122-175147/printkey_Run_hit_process_value.json program/volatility/20201122-175147/printkey_Run_process.json program/volatility/20201122-175147/printkey_software_hit_process_subkeys.json program/volatility/20201122-175147/pstree.json program/volatility/20201122-175147/pstree_hit_process_path.json program/volatility/20201122-175147/sub_pstree.json program/volatility/20201122-175147/subprocess_powershell_hit_process.json program/volatility/json/Detect_explorer_subprocess_hit_process.json program/volatility/json/Dlllist_Syswow64_netscan_yarascan_hit_process.json program/volatility/json/Result_hit_process.json program/volatility/json/hivelist.json program/volatility/json/imageinfo_data.json program/volatility/json/ldrmodules_hit_process.json program/volatility/json/ldrmodules_process_dll.json program/volatility/json/netscan_and_psxview_hit_process.json program/volatility/json/netscan_hit_process.json program/volatility/json/netscan_process.json program/volatility/json/printkey_Run_hit_process_value.json program/volatility/json/printkey_Run_process.json program/volatility/json/printkey_hit_process_subkeys.json program/volatility/json/printkey_software_hit_process_subkeys.json program/volatility/json/pstree.json program/volatility/json/pstree_hit_process_path.json program/volatility/json/psxview_hit_process.json program/volatility/json/psxview_process.json program/volatility/json/sub_pstree.json program/volatility/json/subprocess_powershell_hit_process.json program/volatility/json/yarascan_hit_process.json src/core/Sysmon/ProcessTree/Entry.py src/core/Sysmon/ProcessTree/Node.py src/core/Sysmon/ProcessTree/Process.py src/core/Sysmon/ProcessTree/ProcessTree.py src/core/Sysmon/ProcessTree/ProcessTreeAnalyzer.py src/core/Sysmon/ProcessTree/Xml.py src/core/Sysmon/ProcessTree/__init__.py src/core/Sysmon/Rule/1/rule.json src/core/Sysmon/Rule/1st_filtering/First_filtering.json src/core/Sysmon/Rule/1st_filtering/include_living_of_the_land.xml src/core/Sysmon/Rule/1st_filtering/pars.py src/core/Sysmon/Rule/DetectProcess.py src/core/Sysmon/Rule/Rule.py src/core/Sysmon/Rule/RuleEventIdOneFive.json src/core/Sysmon/Rule/RuleEventIdThree.json src/core/Sysmon/Rule/RuleSet.py src/core/Sysmon/Rule/make_json.py "src/core/Sysmon/Sysmon Set/FW_Sysmon_config.xml" "src/core/Sysmon/Sysmon Set/Sysmon_Event_Collecter.py" src/core/Sysmon/Sysmon_Event_Collecter.py src/core/Sysmon/a.txt src/core/Sysmon/detected/a.txt src/core/Sysmon/event_tmp.xml src/core/Sysmon/main.py src/gui/2020-11-18.xml src/gui/2020-11-22.xml src/gui/AfterDetectedResultFrame.py src/gui/DefenderLog_frame.py src/gui/EventLogAnalysis_frame.py src/gui/GUI_DefenderLog.py src/gui/GUI_Main.py src/gui/GUI_Main_Merge.py src/gui/GUI_Memory.py src/gui/GUI_Sys.py src/gui/GUI_Sys2.py src/gui/LiveDetectedResultFrame.py src/gui/Main_frame.py src/gui/dict.xml src/gui/event_tmp.xml src/gui/sysmon_bySUN.py</Data></EventData></Event>
<Event xmlns='http://schemas.microsoft.com/win/2004/08/events/event'><System><Provider Name='Microsoft-Windows-Sysmon' Guid='{5770385f-c22a-43e0-bf4c-06f5698ffbd9}'/><EventID>5</EventID><Version>3</Version><Level>4</Level><Task>5</Task><Opcode>0</Opcode><Keywords>0x8000000000000000</Keywords><TimeCreated SystemTime='2020-11-22T08:54:40.1146250Z'/><EventRecordID>9521</EventRecordID><Correlation/><Execution ProcessID='35996' ThreadID='36956'/><Channel>Microsoft-Windows-Sysmon/Operational</Channel><Computer>DESKTOP-OD0Q7OR</Computer><Security UserID='S-1-5-18'/></System><EventData><Data Name='RuleName'>-</Data><Data Name='UtcTime'>2020-11-22 08:54:40.114</Data><Data Name='ProcessGuid'>{c9037512-2750-5fba-268f-010000000b00}</Data><Data Name='ProcessId'>40616</Data><Data Name='Image'>C:\Program Files\Git\mingw64\bin\git.exe</Data></EventData></Event>
<Event xmlns='http://schemas.microsoft.com/win/2004/08/events/event'><System><Provider Name='Microsoft-Windows-Sysmon' Guid='{5770385f-c22a-43e0-bf4c-06f5698ffbd9}'/><EventID>5</EventID><Version>3</Version><Level>4</Level><Task>5</Task><Opcode>0</Opcode><Keywords>0x8000000000000000</Keywords><TimeCreated SystemTime='2020-11-22T08:54:40.1166517Z'/><EventRecordID>9522</EventRecordID><Correlation/><Execution ProcessID='35996' ThreadID='36956'/><Channel>Microsoft-Windows-Sysmon/Operational</Channel><Computer>DESKTOP-OD0Q7OR</Computer><Security UserID='S-1-5-18'/></System><EventData><Data Name='RuleName'>-</Data><Data Name='UtcTime'>2020-11-22 08:54:40.116</Data><Data Name='ProcessGuid'>{c9037512-2750-5fba-258f-010000000b00}</Data><Data Name='ProcessId'>35040</Data><Data Name='Image'>C:\Program Files\Git\cmd\git.exe</Data></EventData></Event>
<Event xmlns='http://schemas.microsoft.com/win/2004/08/events/event'><System><Provider Name='Microsoft-Windows-Sysmon' Guid='{5770385f-c22a-43e0-bf4c-06f5698ffbd9}'/><EventID>5</EventID><Version>3</Version><Level>4</Level><Task>5</Task><Opcode>0</Opcode><Keywords>0x8000000000000000</Keywords><TimeCreated SystemTime='2020-11-22T08:54:40.1187198Z'/><EventRecordID>9523</EventRecordID><Correlation/><Execution ProcessID='35996' ThreadID='36956'/><Channel>Microsoft-Windows-Sysmon/Operational</Channel><Computer>DESKTOP-OD0Q7OR</Computer><Security UserID='S-1-5-18'/></System><EventData><Data Name='RuleName'>-</Data><Data Name='UtcTime'>2020-11-22 08:54:40.118</Data><Data Name='ProcessGuid'>{c9037512-2750-5fba-238f-010000000b00}</Data><Data Name='ProcessId'>38100</Data><Data Name='Image'>D:\PyCharm Community Edition 2020.2.3\bin\runnerw64.exe</Data></EventData></Event>
<Event xmlns='http://schemas.microsoft.com/win/2004/08/events/event'><System><Provider Name='Microsoft-Windows-Sysmon' Guid='{5770385f-c22a-43e0-bf4c-06f5698ffbd9}'/><EventID>5</EventID><Version>3</Version><Level>4</Level><Task>5</Task><Opcode>0</Opcode><Keywords>0x8000000000000000</Keywords><TimeCreated SystemTime='2020-11-22T08:54:40.1194318Z'/><EventRecordID>9524</EventRecordID><Correlation/><Execution ProcessID='35996' ThreadID='36956'/><Channel>Microsoft-Windows-Sysmon/Operational</Channel><Computer>DESKTOP-OD0Q7OR</Computer><Security UserID='S-1-5-18'/></System><EventData><Data Name='RuleName'>-</Data><Data Name='UtcTime'>2020-11-22 08:54:40.118</Data><Data Name='ProcessGuid'>{c9037512-2750-5fba-248f-010000000b00}</Data><Data Name='ProcessId'>35644</Data><Data Name='Image'>C:\Windows\System32\conhost.exe</Data></EventData></Event>
<Event xmlns='http://schemas.microsoft.com/win/2004/08/events/event'><System><Provider Name='Microsoft-Windows-Sysmon' Guid='{5770385f-c22a-43e0-bf4c-06f5698ffbd9}'/><EventID>1</EventID><Version>5</Version><Level>4</Level><Task>1</Task><Opcode>0</Opcode><Keywords>0x8000000000000000</Keywords><TimeCreated SystemTime='2020-11-22T08:54:40.1279860Z'/><EventRecordID>9525</EventRecordID><Correlation/><Execution ProcessID='35996' ThreadID='36956'/><Channel>Microsoft-Windows-Sysmon/Operational</Channel><Computer>DESKTOP-OD0Q7OR</Computer><Security UserID='S-1-5-18'/></System><EventData><Data Name='RuleName'>-</Data><Data Name='UtcTime'>2020-11-22 08:54:40.125</Data><Data Name='ProcessGuid'>{c9037512-2750-5fba-278f-010000000b00}</Data><Data Name='ProcessId'>38132</Data><Data Name='Image'>D:\PyCharm Community Edition 2020.2.3\bin\runnerw64.exe</Data><Data Name='FileVersion'>1.0.0.1</Data><Data Name='Description'>Command line runner</Data><Data Name='Product'>IntelliJ Platform</Data><Data Name='Company'>JetBrains s.r.o.</Data><Data Name='OriginalFileName'>runnerw.exe</Data><Data Name='CommandLine'>"D:\PyCharm Community Edition 2020.2.3\bin\runnerw64.exe" "C:\Program Files\Git\cmd\git.exe" -c credential.helper= -c core.quotepath=false -c log.showSignature=false ls-files --exclude-standard --others -z -- program/volatility/20201122-175147/printkey_Run_process.json program/volatility/20201122-175147/sub_pstree.json program/volatility/20201122-175147/printkey_software_hit_process_subkeys.json program/volatility/20201122-175147/imageinfo_data.json program/volatility/20201122-175147/hivelist.json program/volatility/20201122-175147/subprocess_powershell_hit_process.json program/volatility/20201122-175147/printkey_Run_hit_process_value.json program/volatility/20201122-175147/pstree_hit_process_path.json program/volatility/20201122-175147/pstree.json</Data><Data Name='CurrentDirectory'>D:\케이쉴드주니어\python\FindWally\</Data><Data Name='User'>DESKTOP-OD0Q7OR\dayou</Data><Data Name='LogonGuid'>{c9037512-8161-5fb8-7198-7d2b00000000}</Data><Data Name='LogonId'>0x2b7d9871</Data><Data Name='TerminalSessionId'>10</Data><Data Name='IntegrityLevel'>High</Data><Data Name='Hashes'>SHA1=F613D1D9ED9FCFA8BF3D422512D05250F3F7FF04</Data><Data Name='ParentProcessGuid'>{c9037512-2528-5fba-008d-010000000b00}</Data><Data Name='ParentProcessId'>38188</Data><Data Name='ParentImage'>D:\PyCharm Community Edition 2020.2.3\bin\pycharm64.exe</Data><Data Name='ParentCommandLine'>"D:\PyCharm Community Edition 2020.2.3\bin\pycharm64.exe" </Data></EventData></Event>
<Event xmlns='http://schemas.microsoft.com/win/2004/08/events/event'><System><Provider Name='Microsoft-Windows-Sysmon' Guid='{5770385f-c22a-43e0-bf4c-06f5698ffbd9}'/><EventID>1</EventID><Version>5</Version><Level>4</Level><Task>1</Task><Opcode>0</Opcode><Keywords>0x8000000000000000</Keywords><TimeCreated SystemTime='2020-11-22T08:54:40.1323626Z'/><EventRecordID>9526</EventRecordID><Correlation/><Execution ProcessID='35996' ThreadID='36956'/><Channel>Microsoft-Windows-Sysmon/Operational</Channel><Computer>DESKTOP-OD0Q7OR</Computer><Security UserID='S-1-5-18'/></System><EventData><Data Name='RuleName'>-</Data><Data Name='UtcTime'>2020-11-22 08:54:40.129</Data><Data Name='ProcessGuid'>{c9037512-2750-5fba-288f-010000000b00}</Data><Data Name='ProcessId'>39000</Data><Data Name='Image'>C:\Windows\System32\conhost.exe</Data><Data Name='FileVersion'>10.0.19041.546 (WinBuild.160101.0800)</Data><Data Name='Description'>Console Window Host</Data><Data Name='Product'>Microsoft® Windows® Operating System</Data><Data Name='Company'>Microsoft Corporation</Data><Data Name='OriginalFileName'>CONHOST.EXE</Data><Data Name='CommandLine'>\??\C:\WINDOWS\system32\conhost.exe 0xffffffff -ForceV1</Data><Data Name='CurrentDirectory'>C:\WINDOWS</Data><Data Name='User'>DESKTOP-OD0Q7OR\dayou</Data><Data Name='LogonGuid'>{c9037512-8161-5fb8-7198-7d2b00000000}</Data><Data Name='LogonId'>0x2b7d9871</Data><Data Name='TerminalSessionId'>10</Data><Data Name='IntegrityLevel'>High</Data><Data Name='Hashes'>SHA1=A1E4B2CC40A39BF64012D1411F92B12D1F9791E8</Data><Data Name='ParentProcessGuid'>{c9037512-2750-5fba-278f-010000000b00}</Data><Data Name='ParentProcessId'>38132</Data><Data Name='ParentImage'>D:\PyCharm Community Edition 2020.2.3\bin\runnerw64.exe</Data><Data Name='ParentCommandLine'>"D:\PyCharm Community Edition 2020.2.3\bin\runnerw64.exe" "C:\Program Files\Git\cmd\git.exe" -c credential.helper= -c core.quotepath=false -c log.showSignature=false ls-files --exclude-standard --others -z -- program/volatility/20201122-175147/printkey_Run_process.json program/volatility/20201122-175147/sub_pstree.json program/volatility/20201122-175147/printkey_software_hit_process_subkeys.json program/volatility/20201122-175147/imageinfo_data.json program/volatility/20201122-175147/hivelist.json program/volatility/20201122-175147/subprocess_powershell_hit_process.json program/volatility/20201122-175147/printkey_Run_hit_process_value.json program/volatility/20201122-175147/pstree_hit_process_path.json program/volatility/20201122-175147/pstree.json</Data></EventData></Event>
<Event xmlns='http://schemas.microsoft.com/win/2004/08/events/event'><System><Provider Name='Microsoft-Windows-Sysmon' Guid='{5770385f-c22a-43e0-bf4c-06f5698ffbd9}'/><EventID>1</EventID><Version>5</Version><Level>4</Level><Task>1</Task><Opcode>0</Opcode><Keywords>0x8000000000000000</Keywords><TimeCreated SystemTime='2020-11-22T08:54:40.1564729Z'/><EventRecordID>9527</EventRecordID><Correlation/><Execution ProcessID='35996' ThreadID='36956'/><Channel>Microsoft-Windows-Sysmon/Operational</Channel><Computer>DESKTOP-OD0Q7OR</Computer><Security UserID='S-1-5-18'/></System><EventData><Data Name='RuleName'>-</Data><Data Name='UtcTime'>2020-11-22 08:54:40.153</Data><Data Name='ProcessGuid'>{c9037512-2750-5fba-298f-010000000b00}</Data><Data Name='ProcessId'>39724</Data><Data Name='Image'>C:\Program Files\Git\cmd\git.exe</Data><Data Name='FileVersion'>-</Data><Data Name='Description'>Git for Windows</Data><Data Name='Product'>Git</Data><Data Name='Company'>The Git Development Community</Data><Data Name='OriginalFileName'>git.exe</Data><Data Name='CommandLine'>"C:\Program Files\Git\cmd\git.exe" -c credential.helper= -c core.quotepath=false -c log.showSignature=false ls-files --exclude-standard --others -z -- program/volatility/20201122-175147/printkey_Run_process.json program/volatility/20201122-175147/sub_pstree.json program/volatility/20201122-175147/printkey_software_hit_process_subkeys.json program/volatility/20201122-175147/imageinfo_data.json program/volatility/20201122-175147/hivelist.json program/volatility/20201122-175147/subprocess_powershell_hit_process.json program/volatility/20201122-175147/printkey_Run_hit_process_value.json program/volatility/20201122-175147/pstree_hit_process_path.json program/volatility/20201122-175147/pstree.json</Data><Data Name='CurrentDirectory'>D:\케이쉴드주니어\python\FindWally\</Data><Data Name='User'>DESKTOP-OD0Q7OR\dayou</Data><Data Name='LogonGuid'>{c9037512-8161-5fb8-7198-7d2b00000000}</Data><Data Name='LogonId'>0x2b7d9871</Data><Data Name='TerminalSessionId'>10</Data><Data Name='IntegrityLevel'>High</Data><Data Name='Hashes'>SHA1=6A306F8BCEC852018CA937EE85BA02F5D2E6EEAA</Data><Data Name='ParentProcessGuid'>{c9037512-2750-5fba-278f-010000000b00}</Data><Data Name='ParentProcessId'>38132</Data><Data Name='ParentImage'>D:\PyCharm Community Edition 2020.2.3\bin\runnerw64.exe</Data><Data Name='ParentCommandLine'>"D:\PyCharm Community Edition 2020.2.3\bin\runnerw64.exe" "C:\Program Files\Git\cmd\git.exe" -c credential.helper= -c core.quotepath=false -c log.showSignature=false ls-files --exclude-standard --others -z -- program/volatility/20201122-175147/printkey_Run_process.json program/volatility/20201122-175147/sub_pstree.json program/volatility/20201122-175147/printkey_software_hit_process_subkeys.json program/volatility/20201122-175147/imageinfo_data.json program/volatility/20201122-175147/hivelist.json program/volatility/20201122-175147/subprocess_powershell_hit_process.json program/volatility/20201122-175147/printkey_Run_hit_process_value.json program/volatility/20201122-175147/pstree_hit_process_path.json program/volatility/20201122-175147/pstree.json</Data></EventData></Event>
<Event xmlns='http://schemas.microsoft.com/win/2004/08/events/event'><System><Provider Name='Microsoft-Windows-Sysmon' Guid='{5770385f-c22a-43e0-bf4c-06f5698ffbd9}'/><EventID>1</EventID><Version>5</Version><Level>4</Level><Task>1</Task><Opcode>0</Opcode><Keywords>0x8000000000000000</Keywords><TimeCreated SystemTime='2020-11-22T08:54:40.1659588Z'/><EventRecordID>9528</EventRecordID><Correlation/><Execution ProcessID='35996' ThreadID='36956'/><Channel>Microsoft-Windows-Sysmon/Operational</Channel><Computer>DESKTOP-OD0Q7OR</Computer><Security UserID='S-1-5-18'/></System><EventData><Data Name='RuleName'>-</Data><Data Name='UtcTime'>2020-11-22 08:54:40.163</Data><Data Name='ProcessGuid'>{c9037512-2750-5fba-2a8f-010000000b00}</Data><Data Name='ProcessId'>39880</Data><Data Name='Image'>C:\Program Files\Git\mingw64\bin\git.exe</Data><Data Name='FileVersion'>-</Data><Data Name='Description'>Git for Windows</Data><Data Name='Product'>Git</Data><Data Name='Company'>The Git Development Community</Data><Data Name='OriginalFileName'>git.exe</Data><Data Name='CommandLine'>git.exe -c credential.helper= -c core.quotepath=false -c log.showSignature=false ls-files --exclude-standard --others -z -- program/volatility/20201122-175147/printkey_Run_process.json program/volatility/20201122-175147/sub_pstree.json program/volatility/20201122-175147/printkey_software_hit_process_subkeys.json program/volatility/20201122-175147/imageinfo_data.json program/volatility/20201122-175147/hivelist.json program/volatility/20201122-175147/subprocess_powershell_hit_process.json program/volatility/20201122-175147/printkey_Run_hit_process_value.json program/volatility/20201122-175147/pstree_hit_process_path.json program/volatility/20201122-175147/pstree.json</Data><Data Name='CurrentDirectory'>D:\케이쉴드주니어\python\FindWally\</Data><Data Name='User'>DESKTOP-OD0Q7OR\dayou</Data><Data Name='LogonGuid'>{c9037512-8161-5fb8-7198-7d2b00000000}</Data><Data Name='LogonId'>0x2b7d9871</Data><Data Name='TerminalSessionId'>10</Data><Data Name='IntegrityLevel'>High</Data><Data Name='Hashes'>SHA1=EDAF69E61745592959809441297208E1C3F7E7AF</Data><Data Name='ParentProcessGuid'>{c9037512-2750-5fba-298f-010000000b00}</Data><Data Name='ParentProcessId'>39724</Data><Data Name='ParentImage'>C:\Program Files\Git\cmd\git.exe</Data><Data Name='ParentCommandLine'>"C:\Program Files\Git\cmd\git.exe" -c credential.helper= -c core.quotepath=false -c log.showSignature=false ls-files --exclude-standard --others -z -- program/volatility/20201122-175147/printkey_Run_process.json program/volatility/20201122-175147/sub_pstree.json program/volatility/20201122-175147/printkey_software_hit_process_subkeys.json program/volatility/20201122-175147/imageinfo_data.json program/volatility/20201122-175147/hivelist.json program/volatility/20201122-175147/subprocess_powershell_hit_process.json program/volatility/20201122-175147/printkey_Run_hit_process_value.json program/volatility/20201122-175147/pstree_hit_process_path.json program/volatility/20201122-175147/pstree.json</Data></EventData></Event>
<Event xmlns='http://schemas.microsoft.com/win/2004/08/events/event'><System><Provider Name='Microsoft-Windows-Sysmon' Guid='{5770385f-c22a-43e0-bf4c-06f5698ffbd9}'/><EventID>5</EventID><Version>3</Version><Level>4</Level><Task>5</Task><Opcode>0</Opcode><Keywords>0x8000000000000000</Keywords><TimeCreated SystemTime='2020-11-22T08:54:40.1783370Z'/><EventRecordID>9529</EventRecordID><Correlation/><Execution ProcessID='35996' ThreadID='36956'/><Channel>Microsoft-Windows-Sysmon/Operational</Channel><Computer>DESKTOP-OD0Q7OR</Computer><Security UserID='S-1-5-18'/></System><EventData><Data Name='RuleName'>-</Data><Data Name='UtcTime'>2020-11-22 08:54:40.177</Data><Data Name='ProcessGuid'>{c9037512-2750-5fba-2a8f-010000000b00}</Data><Data Name='ProcessId'>39880</Data><Data Name='Image'>C:\Program Files\Git\mingw64\bin\git.exe</Data></EventData></Event>
<Event xmlns='http://schemas.microsoft.com/win/2004/08/events/event'><System><Provider Name='Microsoft-Windows-Sysmon' Guid='{5770385f-c22a-43e0-bf4c-06f5698ffbd9}'/><EventID>5</EventID><Version>3</Version><Level>4</Level><Task>5</Task><Opcode>0</Opcode><Keywords>0x8000000000000000</Keywords><TimeCreated SystemTime='2020-11-22T08:54:40.1801214Z'/><EventRecordID>9530</EventRecordID><Correlation/><Execution ProcessID='35996' ThreadID='36956'/><Channel>Microsoft-Windows-Sysmon/Operational</Channel><Computer>DESKTOP-OD0Q7OR</Computer><Security UserID='S-1-5-18'/></System><EventData><Data Name='RuleName'>-</Data><Data Name='UtcTime'>2020-11-22 08:54:40.179</Data><Data Name='ProcessGuid'>{c9037512-2750-5fba-298f-010000000b00}</Data><Data Name='ProcessId'>39724</Data><Data Name='Image'>C:\Program Files\Git\cmd\git.exe</Data></EventData></Event>
<Event xmlns='http://schemas.microsoft.com/win/2004/08/events/event'><System><Provider Name='Microsoft-Windows-Sysmon' Guid='{5770385f-c22a-43e0-bf4c-06f5698ffbd9}'/><EventID>5</EventID><Version>3</Version><Level>4</Level><Task>5</Task><Opcode>0</Opcode><Keywords>0x8000000000000000</Keywords><TimeCreated SystemTime='2020-11-22T08:54:40.1821798Z'/><EventRecordID>9531</EventRecordID><Correlation/><Execution ProcessID='35996' ThreadID='36956'/><Channel>Microsoft-Windows-Sysmon/Operational</Channel><Computer>DESKTOP-OD0Q7OR</Computer><Security UserID='S-1-5-18'/></System><EventData><Data Name='RuleName'>-</Data><Data Name='UtcTime'>2020-11-22 08:54:40.181</Data><Data Name='ProcessGuid'>{c9037512-2750-5fba-278f-010000000b00}</Data><Data Name='ProcessId'>38132</Data><Data Name='Image'>D:\PyCharm Community Edition 2020.2.3\bin\runnerw64.exe</Data></EventData></Event>
<Event xmlns='http://schemas.microsoft.com/win/2004/08/events/event'><System><Provider Name='Microsoft-Windows-Sysmon' Guid='{5770385f-c22a-43e0-bf4c-06f5698ffbd9}'/><EventID>5</EventID><Version>3</Version><Level>4</Level><Task>5</Task><Opcode>0</Opcode><Keywords>0x8000000000000000</Keywords><TimeCreated SystemTime='2020-11-22T08:54:40.1830289Z'/><EventRecordID>9532</EventRecordID><Correlation/><Execution ProcessID='35996' ThreadID='36956'/><Channel>Microsoft-Windows-Sysmon/Operational</Channel><Computer>DESKTOP-OD0Q7OR</Computer><Security UserID='S-1-5-18'/></System><EventData><Data Name='RuleName'>-</Data><Data Name='UtcTime'>2020-11-22 08:54:40.182</Data><Data Name='ProcessGuid'>{c9037512-2750-5fba-288f-010000000b00}</Data><Data Name='ProcessId'>39000</Data><Data Name='Image'>C:\Windows\System32\conhost.exe</Data></EventData></Event>
<Event xmlns='http://schemas.microsoft.com/win/2004/08/events/event'><System><Provider Name='Microsoft-Windows-Sysmon' Guid='{5770385f-c22a-43e0-bf4c-06f5698ffbd9}'/><EventID>1</EventID><Version>5</Version><Level>4</Level><Task>1</Task><Opcode>0</Opcode><Keywords>0x8000000000000000</Keywords><TimeCreated SystemTime='2020-11-22T08:54:40.3258189Z'/><EventRecordID>9533</EventRecordID><Correlation/><Execution ProcessID='35996' ThreadID='36956'/><Channel>Microsoft-Windows-Sysmon/Operational</Channel><Computer>DESKTOP-OD0Q7OR</Computer><Security UserID='S-1-5-18'/></System><EventData><Data Name='RuleName'>-</Data><Data Name='UtcTime'>2020-11-22 08:54:40.323</Data><Data Name='ProcessGuid'>{c9037512-2750-5fba-2b8f-010000000b00}</Data><Data Name='ProcessId'>39900</Data><Data Name='Image'>D:\Anaconda3\python.exe</Data><Data Name='FileVersion'>3.8.3</Data><Data Name='Description'>Python</Data><Data Name='Product'>Python</Data><Data Name='Company'>Python Software Foundation</Data><Data Name='OriginalFileName'>python.exe</Data><Data Name='CommandLine'>D:\Anaconda3\python.exe "D:\PyCharm Community Edition 2020.2.3\plugins\python-ce\helpers\pycodestyle.py" --max-line-length=120 -</Data><Data Name='CurrentDirectory'>D:\Anaconda3\</Data><Data Name='User'>DESKTOP-OD0Q7OR\dayou</Data><Data Name='LogonGuid'>{c9037512-8161-5fb8-7198-7d2b00000000}</Data><Data Name='LogonId'>0x2b7d9871</Data><Data Name='TerminalSessionId'>10</Data><Data Name='IntegrityLevel'>High</Data><Data Name='Hashes'>SHA1=50AD162464BC1F9302972AA2331A658BF5CC470F</Data><Data Name='ParentProcessGuid'>{c9037512-2528-5fba-008d-010000000b00}</Data><Data Name='ParentProcessId'>38188</Data><Data Name='ParentImage'>D:\PyCharm Community Edition 2020.2.3\bin\pycharm64.exe</Data><Data Name='ParentCommandLine'>"D:\PyCharm Community Edition 2020.2.3\bin\pycharm64.exe" </Data></EventData></Event>
<Event xmlns='http://schemas.microsoft.com/win/2004/08/events/event'><System><Provider Name='Microsoft-Windows-Sysmon' Guid='{5770385f-c22a-43e0-bf4c-06f5698ffbd9}'/><EventID>1</EventID><Version>5</Version><Level>4</Level><Task>1</Task><Opcode>0</Opcode><Keywords>0x8000000000000000</Keywords><TimeCreated SystemTime='2020-11-22T08:54:40.3347466Z'/><EventRecordID>9534</EventRecordID><Correlation/><Execution ProcessID='35996' ThreadID='36956'/><Channel>Microsoft-Windows-Sysmon/Operational</Channel><Computer>DESKTOP-OD0Q7OR</Computer><Security UserID='S-1-5-18'/></System><EventData><Data Name='RuleName'>-</Data><Data Name='UtcTime'>2020-11-22 08:54:40.332</Data><Data Name='ProcessGuid'>{c9037512-2750-5fba-2c8f-010000000b00}</Data><Data Name='ProcessId'>38096</Data><Data Name='Image'>C:\Windows\System32\conhost.exe</Data><Data Name='FileVersion'>10.0.19041.546 (WinBuild.160101.0800)</Data><Data Name='Description'>Console Window Host</Data><Data Name='Product'>Microsoft® Windows® Operating System</Data><Data Name='Company'>Microsoft Corporation</Data><Data Name='OriginalFileName'>CONHOST.EXE</Data><Data Name='CommandLine'>\??\C:\WINDOWS\system32\conhost.exe 0xffffffff -ForceV1</Data><Data Name='CurrentDirectory'>C:\WINDOWS</Data><Data Name='User'>DESKTOP-OD0Q7OR\dayou</Data><Data Name='LogonGuid'>{c9037512-8161-5fb8-7198-7d2b00000000}</Data><Data Name='LogonId'>0x2b7d9871</Data><Data Name='TerminalSessionId'>10</Data><Data Name='IntegrityLevel'>High</Data><Data Name='Hashes'>SHA1=A1E4B2CC40A39BF64012D1411F92B12D1F9791E8</Data><Data Name='ParentProcessGuid'>{c9037512-2750-5fba-2b8f-010000000b00}</Data><Data Name='ParentProcessId'>39900</Data><Data Name='ParentImage'>D:\Anaconda3\python.exe</Data><Data Name='ParentCommandLine'>D:\Anaconda3\python.exe "D:\PyCharm Community Edition 2020.2.3\plugins\python-ce\helpers\pycodestyle.py" --max-line-length=120 -</Data></EventData></Event>
<Event xmlns='http://schemas.microsoft.com/win/2004/08/events/event'><System><Provider Name='Microsoft-Windows-Sysmon' Guid='{5770385f-c22a-43e0-bf4c-06f5698ffbd9}'/><EventID>5</EventID><Version>3</Version><Level>4</Level><Task>5</Task><Opcode>0</Opcode><Keywords>0x8000000000000000</Keywords><TimeCreated SystemTime='2020-11-22T08:54:40.4586701Z'/><EventRecordID>9535</EventRecordID><Correlation/><Execution ProcessID='35996' ThreadID='36956'/><Channel>Microsoft-Windows-Sysmon/Operational</Channel><Computer>DESKTOP-OD0Q7OR</Computer><Security UserID='S-1-5-18'/></System><EventData><Data Name='RuleName'>-</Data><Data Name='UtcTime'>2020-11-22 08:54:40.458</Data><Data Name='ProcessGuid'>{c9037512-2750-5fba-2b8f-010000000b00}</Data><Data Name='ProcessId'>39900</Data><Data Name='Image'>D:\Anaconda3\python.exe</Data></EventData></Event>
<Event xmlns='http://schemas.microsoft.com/win/2004/08/events/event'><System><Provider Name='Microsoft-Windows-Sysmon' Guid='{5770385f-c22a-43e0-bf4c-06f5698ffbd9}'/><EventID>5</EventID><Version>3</Version><Level>4</Level><Task>5</Task><Opcode>0</Opcode><Keywords>0x8000000000000000</Keywords><TimeCreated SystemTime='2020-11-22T08:54:40.4614279Z'/><EventRecordID>9536</EventRecordID><Correlation/><Execution ProcessID='35996' ThreadID='36956'/><Channel>Microsoft-Windows-Sysmon/Operational</Channel><Computer>DESKTOP-OD0Q7OR</Computer><Security UserID='S-1-5-18'/></System><EventData><Data Name='RuleName'>-</Data><Data Name='UtcTime'>2020-11-22 08:54:40.461</Data><Data Name='ProcessGuid'>{c9037512-2750-5fba-2c8f-010000000b00}</Data><Data Name='ProcessId'>38096</Data><Data Name='Image'>C:\Windows\System32\conhost.exe</Data></EventData></Event>
<Event xmlns='http://schemas.microsoft.com/win/2004/08/events/event'><System><Provider Name='Microsoft-Windows-Sysmon' Guid='{5770385f-c22a-43e0-bf4c-06f5698ffbd9}'/><EventID>5</EventID><Version>3</Version><Level>4</Level><Task>5</Task><Opcode>0</Opcode><Keywords>0x8000000000000000</Keywords><TimeCreated SystemTime='2020-11-22T08:54:41.3688689Z'/><EventRecordID>9537</EventRecordID><Correlation/><Execution ProcessID='35996' ThreadID='36956'/><Channel>Microsoft-Windows-Sysmon/Operational</Channel><Computer>DESKTOP-OD0Q7OR</Computer><Security UserID='S-1-5-18'/></System><EventData><Data Name='RuleName'>-</Data><Data Name='UtcTime'>2020-11-22 08:54:41.368</Data><Data Name='ProcessGuid'>{c9037512-274f-5fba-228f-010000000b00}</Data><Data Name='ProcessId'>40184</Data><Data Name='Image'>D:\케이쉴드주니어\python\FindWally\program\volatility\vol_2.6.exe</Data></EventData></Event>
<Event xmlns='http://schemas.microsoft.com/win/2004/08/events/event'><System><Provider Name='Microsoft-Windows-Sysmon' Guid='{5770385f-c22a-43e0-bf4c-06f5698ffbd9}'/><EventID>5</EventID><Version>3</Version><Level>4</Level><Task>5</Task><Opcode>0</Opcode><Keywords>0x8000000000000000</Keywords><TimeCreated SystemTime='2020-11-22T08:54:41.5311518Z'/><EventRecordID>9538</EventRecordID><Correlation/><Execution ProcessID='35996' ThreadID='36956'/><Channel>Microsoft-Windows-Sysmon/Operational</Channel><Computer>DESKTOP-OD0Q7OR</Computer><Security UserID='S-1-5-18'/></System><EventData><Data Name='RuleName'>-</Data><Data Name='UtcTime'>2020-11-22 08:54:41.530</Data><Data Name='ProcessGuid'>{c9037512-274e-5fba-218f-010000000b00}</Data><Data Name='ProcessId'>34944</Data><Data Name='Image'>D:\케이쉴드주니어\python\FindWally\program\volatility\vol_2.6.exe</Data></EventData></Event>
<Event xmlns='http://schemas.microsoft.com/win/2004/08/events/event'><System><Provider Name='Microsoft-Windows-Sysmon' Guid='{5770385f-c22a-43e0-bf4c-06f5698ffbd9}'/><EventID>1</EventID><Version>5</Version><Level>4</Level><Task>1</Task><Opcode>0</Opcode><Keywords>0x8000000000000000</Keywords><TimeCreated SystemTime='2020-11-22T08:54:41.5347400Z'/><EventRecordID>9539</EventRecordID><Correlation/><Execution ProcessID='35996' ThreadID='36956'/><Channel>Microsoft-Windows-Sysmon/Operational</Channel><Computer>DESKTOP-OD0Q7OR</Computer><Security UserID='S-1-5-18'/></System><EventData><Data Name='RuleName'>-</Data><Data Name='UtcTime'>2020-11-22 08:54:41.532</Data><Data Name='ProcessGuid'>{c9037512-2751-5fba-2d8f-010000000b00}</Data><Data Name='ProcessId'>22312</Data><Data Name='Image'>D:\케이쉴드주니어\python\FindWally\program\volatility\vol_2.6.exe</Data><Data Name='FileVersion'>-</Data><Data Name='Description'>-</Data><Data Name='Product'>-</Data><Data Name='Company'>-</Data><Data Name='OriginalFileName'>-</Data><Data Name='CommandLine'>vol_2.6.exe -f WIN-UDBRDQCHDVH-20201114-073411.raw --profile=Win7SP1x64 -o 0xfffff8a00000e010 printkey</Data><Data Name='CurrentDirectory'>D:\케이쉴드주니어\python\FindWally\program\volatility\</Data><Data Name='User'>DESKTOP-OD0Q7OR\dayou</Data><Data Name='LogonGuid'>{c9037512-8161-5fb8-7198-7d2b00000000}</Data><Data Name='LogonId'>0x2b7d9871</Data><Data Name='TerminalSessionId'>10</Data><Data Name='IntegrityLevel'>High</Data><Data Name='Hashes'>SHA1=AE08F33AB8B4E4D452FD44B0D42645475DE62218</Data><Data Name='ParentProcessGuid'>{c9037512-26a2-5fba-be8e-010000000b00}</Data><Data Name='ParentProcessId'>39444</Data><Data Name='ParentImage'>D:\Anaconda3\python.exe</Data><Data Name='ParentCommandLine'>"D:\Anaconda3\python.exe" "-c" "from multiprocessing.spawn import spawn_main; spawn_main(parent_pid=11048, pipe_handle=2476)" "--multiprocessing-fork"</Data></EventData></Event>
<Event xmlns='http://schemas.microsoft.com/win/2004/08/events/event'><System><Provider Name='Microsoft-Windows-Sysmon' Guid='{5770385f-c22a-43e0-bf4c-06f5698ffbd9}'/><EventID>1</EventID><Version>5</Version><Level>4</Level><Task>1</Task><Opcode>0</Opcode><Keywords>0x8000000000000000</Keywords><TimeCreated SystemTime='2020-11-22T08:54:42.3931672Z'/><EventRecordID>9540</EventRecordID><Correlation/><Execution ProcessID='35996' ThreadID='36956'/><Channel>Microsoft-Windows-Sysmon/Operational</Channel><Computer>DESKTOP-OD0Q7OR</Computer><Security UserID='S-1-5-18'/></System><EventData><Data Name='RuleName'>-</Data><Data Name='UtcTime'>2020-11-22 08:54:42.391</Data><Data Name='ProcessGuid'>{c9037512-2752-5fba-2e8f-010000000b00}</Data><Data Name='ProcessId'>39728</Data><Data Name='Image'>D:\케이쉴드주니어\python\FindWally\program\volatility\vol_2.6.exe</Data><Data Name='FileVersion'>-</Data><Data Name='Description'>-</Data><Data Name='Product'>-</Data><Data Name='Company'>-</Data><Data Name='OriginalFileName'>-</Data><Data Name='CommandLine'>vol_2.6.exe -f WIN-UDBRDQCHDVH-20201114-073411.raw --profile=Win7SP1x64 -o 0xfffff8a00000e010 printkey</Data><Data Name='CurrentDirectory'>D:\케이쉴드주니어\python\FindWally\program\volatility\</Data><Data Name='User'>DESKTOP-OD0Q7OR\dayou</Data><Data Name='LogonGuid'>{c9037512-8161-5fb8-7198-7d2b00000000}</Data><Data Name='LogonId'>0x2b7d9871</Data><Data Name='TerminalSessionId'>10</Data><Data Name='IntegrityLevel'>High</Data><Data Name='Hashes'>SHA1=AE08F33AB8B4E4D452FD44B0D42645475DE62218</Data><Data Name='ParentProcessGuid'>{c9037512-2751-5fba-2d8f-010000000b00}</Data><Data Name='ParentProcessId'>22312</Data><Data Name='ParentImage'>D:\케이쉴드주니어\python\FindWally\program\volatility\vol_2.6.exe</Data><Data Name='ParentCommandLine'>vol_2.6.exe -f WIN-UDBRDQCHDVH-20201114-073411.raw --profile=Win7SP1x64 -o 0xfffff8a00000e010 printkey</Data></EventData></Event>
<Event xmlns='http://schemas.microsoft.com/win/2004/08/events/event'><System><Provider Name='Microsoft-Windows-Sysmon' Guid='{5770385f-c22a-43e0-bf4c-06f5698ffbd9}'/><EventID>5</EventID><Version>3</Version><Level>4</Level><Task>5</Task><Opcode>0</Opcode><Keywords>0x8000000000000000</Keywords><TimeCreated SystemTime='2020-11-22T08:54:44.0092855Z'/><EventRecordID>9541</EventRecordID><Correlation/><Execution ProcessID='35996' ThreadID='36956'/><Channel>Microsoft-Windows-Sysmon/Operational</Channel><Computer>DESKTOP-OD0Q7OR</Computer><Security UserID='S-1-5-18'/></System><EventData><Data Name='RuleName'>-</Data><Data Name='UtcTime'>2020-11-22 08:54:44.008</Data><Data Name='ProcessGuid'>{c9037512-2752-5fba-2e8f-010000000b00}</Data><Data Name='ProcessId'>39728</Data><Data Name='Image'>D:\케이쉴드주니어\python\FindWally\program\volatility\vol_2.6.exe</Data></EventData></Event>
<Event xmlns='http://schemas.microsoft.com/win/2004/08/events/event'><System><Provider Name='Microsoft-Windows-Sysmon' Guid='{5770385f-c22a-43e0-bf4c-06f5698ffbd9}'/><EventID>5</EventID><Version>3</Version><Level>4</Level><Task>5</Task><Opcode>0</Opcode><Keywords>0x8000000000000000</Keywords><TimeCreated SystemTime='2020-11-22T08:54:44.1669261Z'/><EventRecordID>9542</EventRecordID><Correlation/><Execution ProcessID='35996' ThreadID='36956'/><Channel>Microsoft-Windows-Sysmon/Operational</Channel><Computer>DESKTOP-OD0Q7OR</Computer><Security UserID='S-1-5-18'/></System><EventData><Data Name='RuleName'>-</Data><Data Name='UtcTime'>2020-11-22 08:54:44.166</Data><Data Name='ProcessGuid'>{c9037512-2751-5fba-2d8f-010000000b00}</Data><Data Name='ProcessId'>22312</Data><Data Name='Image'>D:\케이쉴드주니어\python\FindWally\program\volatility\vol_2.6.exe</Data></EventData></Event>
<Event xmlns='http://schemas.microsoft.com/win/2004/08/events/event'><System><Provider Name='Microsoft-Windows-Sysmon' Guid='{5770385f-c22a-43e0-bf4c-06f5698ffbd9}'/><EventID>1</EventID><Version>5</Version><Level>4</Level><Task>1</Task><Opcode>0</Opcode><Keywords>0x8000000000000000</Keywords><TimeCreated SystemTime='2020-11-22T08:54:44.1705442Z'/><EventRecordID>9543</EventRecordID><Correlation/><Execution ProcessID='35996' ThreadID='36956'/><Channel>Microsoft-Windows-Sysmon/Operational</Channel><Computer>DESKTOP-OD0Q7OR</Computer><Security UserID='S-1-5-18'/></System><EventData><Data Name='RuleName'>-</Data><Data Name='UtcTime'>2020-11-22 08:54:44.168</Data><Data Name='ProcessGuid'>{c9037512-2754-5fba-2f8f-010000000b00}</Data><Data Name='ProcessId'>40040</Data><Data Name='Image'>D:\케이쉴드주니어\python\FindWally\program\volatility\vol_2.6.exe</Data><Data Name='FileVersion'>-</Data><Data Name='Description'>-</Data><Data Name='Product'>-</Data><Data Name='Company'>-</Data><Data Name='OriginalFileName'>-</Data><Data Name='CommandLine'>vol_2.6.exe -f WIN-UDBRDQCHDVH-20201114-073411.raw --profile=Win7SP1x64 -o 0xfffff8a000024010 printkey</Data><Data Name='CurrentDirectory'>D:\케이쉴드주니어\python\FindWally\program\volatility\</Data><Data Name='User'>DESKTOP-OD0Q7OR\dayou</Data><Data Name='LogonGuid'>{c9037512-8161-5fb8-7198-7d2b00000000}</Data><Data Name='LogonId'>0x2b7d9871</Data><Data Name='TerminalSessionId'>10</Data><Data Name='IntegrityLevel'>High</Data><Data Name='Hashes'>SHA1=AE08F33AB8B4E4D452FD44B0D42645475DE62218</Data><Data Name='ParentProcessGuid'>{c9037512-26a2-5fba-be8e-010000000b00}</Data><Data Name='ParentProcessId'>39444</Data><Data Name='ParentImage'>D:\Anaconda3\python.exe</Data><Data Name='ParentCommandLine'>"D:\Anaconda3\python.exe" "-c" "from multiprocessing.spawn import spawn_main; spawn_main(parent_pid=11048, pipe_handle=2476)" "--multiprocessing-fork"</Data></EventData></Event>
<Event xmlns='http://schemas.microsoft.com/win/2004/08/events/event'><System><Provider Name='Microsoft-Windows-Sysmon' Guid='{5770385f-c22a-43e0-bf4c-06f5698ffbd9}'/><EventID>1</EventID><Version>5</Version><Level>4</Level><Task>1</Task><Opcode>0</Opcode><Keywords>0x8000000000000000</Keywords><TimeCreated SystemTime='2020-11-22T08:54:45.0164846Z'/><EventRecordID>9544</EventRecordID><Correlation/><Execution ProcessID='35996' ThreadID='36956'/><Channel>Microsoft-Windows-Sysmon/Operational</Channel><Computer>DESKTOP-OD0Q7OR</Computer><Security UserID='S-1-5-18'/></System><EventData><Data Name='RuleName'>-</Data><Data Name='UtcTime'>2020-11-22 08:54:45.014</Data><Data Name='ProcessGuid'>{c9037512-2755-5fba-308f-010000000b00}</Data><Data Name='ProcessId'>37804</Data><Data Name='Image'>D:\케이쉴드주니어\python\FindWally\program\volatility\vol_2.6.exe</Data><Data Name='FileVersion'>-</Data><Data Name='Description'>-</Data><Data Name='Product'>-</Data><Data Name='Company'>-</Data><Data Name='OriginalFileName'>-</Data><Data Name='CommandLine'>vol_2.6.exe -f WIN-UDBRDQCHDVH-20201114-073411.raw --profile=Win7SP1x64 -o 0xfffff8a000024010 printkey</Data><Data Name='CurrentDirectory'>D:\케이쉴드주니어\python\FindWally\program\volatility\</Data><Data Name='User'>DESKTOP-OD0Q7OR\dayou</Data><Data Name='LogonGuid'>{c9037512-8161-5fb8-7198-7d2b00000000}</Data><Data Name='LogonId'>0x2b7d9871</Data><Data Name='TerminalSessionId'>10</Data><Data Name='IntegrityLevel'>High</Data><Data Name='Hashes'>SHA1=AE08F33AB8B4E4D452FD44B0D42645475DE62218</Data><Data Name='ParentProcessGuid'>{c9037512-2754-5fba-2f8f-010000000b00}</Data><Data Name='ParentProcessId'>40040</Data><Data Name='ParentImage'>D:\케이쉴드주니어\python\FindWally\program\volatility\vol_2.6.exe</Data><Data Name='ParentCommandLine'>vol_2.6.exe -f WIN-UDBRDQCHDVH-20201114-073411.raw --profile=Win7SP1x64 -o 0xfffff8a000024010 printkey</Data></EventData></Event>
<Event xmlns='http://schemas.microsoft.com/win/2004/08/events/event'><System><Provider Name='Microsoft-Windows-Sysmon' Guid='{5770385f-c22a-43e0-bf4c-06f5698ffbd9}'/><EventID>5</EventID><Version>3</Version><Level>4</Level><Task>5</Task><Opcode>0</Opcode><Keywords>0x8000000000000000</Keywords><TimeCreated SystemTime='2020-11-22T08:54:46.8039140Z'/><EventRecordID>9545</EventRecordID><Correlation/><Execution ProcessID='35996' ThreadID='36956'/><Channel>Microsoft-Windows-Sysmon/Operational</Channel><Computer>DESKTOP-OD0Q7OR</Computer><Security UserID='S-1-5-18'/></System><EventData><Data Name='RuleName'>-</Data><Data Name='UtcTime'>2020-11-22 08:54:46.802</Data><Data Name='ProcessGuid'>{c9037512-2755-5fba-308f-010000000b00}</Data><Data Name='ProcessId'>37804</Data><Data Name='Image'>D:\케이쉴드주니어\python\FindWally\program\volatility\vol_2.6.exe</Data></EventData></Event>
<Event xmlns='http://schemas.microsoft.com/win/2004/08/events/event'><System><Provider Name='Microsoft-Windows-Sysmon' Guid='{5770385f-c22a-43e0-bf4c-06f5698ffbd9}'/><EventID>5</EventID><Version>3</Version><Level>4</Level><Task>5</Task><Opcode>0</Opcode><Keywords>0x8000000000000000</Keywords><TimeCreated SystemTime='2020-11-22T08:54:46.9644516Z'/><EventRecordID>9546</EventRecordID><Correlation/><Execution ProcessID='35996' ThreadID='36956'/><Channel>Microsoft-Windows-Sysmon/Operational</Channel><Computer>DESKTOP-OD0Q7OR</Computer><Security UserID='S-1-5-18'/></System><EventData><Data Name='RuleName'>-</Data><Data Name='UtcTime'>2020-11-22 08:54:46.963</Data><Data Name='ProcessGuid'>{c9037512-2754-5fba-2f8f-010000000b00}</Data><Data Name='ProcessId'>40040</Data><Data Name='Image'>D:\케이쉴드주니어\python\FindWally\program\volatility\vol_2.6.exe</Data></EventData></Event>
<Event xmlns='http://schemas.microsoft.com/win/2004/08/events/event'><System><Provider Name='Microsoft-Windows-Sysmon' Guid='{5770385f-c22a-43e0-bf4c-06f5698ffbd9}'/><EventID>1</EventID><Version>5</Version><Level>4</Level><Task>1</Task><Opcode>0</Opcode><Keywords>0x8000000000000000</Keywords><TimeCreated SystemTime='2020-11-22T08:54:46.9678826Z'/><EventRecordID>9547</EventRecordID><Correlation/><Execution ProcessID='35996' ThreadID='36956'/><Channel>Microsoft-Windows-Sysmon/Operational</Channel><Computer>DESKTOP-OD0Q7OR</Computer><Security UserID='S-1-5-18'/></System><EventData><Data Name='RuleName'>-</Data><Data Name='UtcTime'>2020-11-22 08:54:46.965</Data><Data Name='ProcessGuid'>{c9037512-2756-5fba-318f-010000000b00}</Data><Data Name='ProcessId'>40460</Data><Data Name='Image'>D:\케이쉴드주니어\python\FindWally\program\volatility\vol_2.6.exe</Data><Data Name='FileVersion'>-</Data><Data Name='Description'>-</Data><Data Name='Product'>-</Data><Data Name='Company'>-</Data><Data Name='OriginalFileName'>-</Data><Data Name='CommandLine'>vol_2.6.exe -f WIN-UDBRDQCHDVH-20201114-073411.raw --profile=Win7SP1x64 -o 0xfffff8a000053010 printkey</Data><Data Name='CurrentDirectory'>D:\케이쉴드주니어\python\FindWally\program\volatility\</Data><Data Name='User'>DESKTOP-OD0Q7OR\dayou</Data><Data Name='LogonGuid'>{c9037512-8161-5fb8-7198-7d2b00000000}</Data><Data Name='LogonId'>0x2b7d9871</Data><Data Name='TerminalSessionId'>10</Data><Data Name='IntegrityLevel'>High</Data><Data Name='Hashes'>SHA1=AE08F33AB8B4E4D452FD44B0D42645475DE62218</Data><Data Name='ParentProcessGuid'>{c9037512-26a2-5fba-be8e-010000000b00}</Data><Data Name='ParentProcessId'>39444</Data><Data Name='ParentImage'>D:\Anaconda3\python.exe</Data><Data Name='ParentCommandLine'>"D:\Anaconda3\python.exe" "-c" "from multiprocessing.spawn import spawn_main; spawn_main(parent_pid=11048, pipe_handle=2476)" "--multiprocessing-fork"</Data></EventData></Event>
<Event xmlns='http://schemas.microsoft.com/win/2004/08/events/event'><System><Provider Name='Microsoft-Windows-Sysmon' Guid='{5770385f-c22a-43e0-bf4c-06f5698ffbd9}'/><EventID>1</EventID><Version>5</Version><Level>4</Level><Task>1</Task><Opcode>0</Opcode><Keywords>0x8000000000000000</Keywords><TimeCreated SystemTime='2020-11-22T08:54:47.8163669Z'/><EventRecordID>9548</EventRecordID><Correlation/><Execution ProcessID='35996' ThreadID='36956'/><Channel>Microsoft-Windows-Sysmon/Operational</Channel><Computer>DESKTOP-OD0Q7OR</Computer><Security UserID='S-1-5-18'/></System><EventData><Data Name='RuleName'>-</Data><Data Name='UtcTime'>2020-11-22 08:54:47.814</Data><Data Name='ProcessGuid'>{c9037512-2757-5fba-328f-010000000b00}</Data><Data Name='ProcessId'>34648</Data><Data Name='Image'>D:\케이쉴드주니어\python\FindWally\program\volatility\vol_2.6.exe</Data><Data Name='FileVersion'>-</Data><Data Name='Description'>-</Data><Data Name='Product'>-</Data><Data Name='Company'>-</Data><Data Name='OriginalFileName'>-</Data><Data Name='CommandLine'>vol_2.6.exe -f WIN-UDBRDQCHDVH-20201114-073411.raw --profile=Win7SP1x64 -o 0xfffff8a000053010 printkey</Data><Data Name='CurrentDirectory'>D:\케이쉴드주니어\python\FindWally\program\volatility\</Data><Data Name='User'>DESKTOP-OD0Q7OR\dayou</Data><Data Name='LogonGuid'>{c9037512-8161-5fb8-7198-7d2b00000000}</Data><Data Name='LogonId'>0x2b7d9871</Data><Data Name='TerminalSessionId'>10</Data><Data Name='IntegrityLevel'>High</Data><Data Name='Hashes'>SHA1=AE08F33AB8B4E4D452FD44B0D42645475DE62218</Data><Data Name='ParentProcessGuid'>{c9037512-2756-5fba-318f-010000000b00}</Data><Data Name='ParentProcessId'>40460</Data><Data Name='ParentImage'>D:\케이쉴드주니어\python\FindWally\program\volatility\vol_2.6.exe</Data><Data Name='ParentCommandLine'>vol_2.6.exe -f WIN-UDBRDQCHDVH-20201114-073411.raw --profile=Win7SP1x64 -o 0xfffff8a000053010 printkey</Data></EventData></Event>
<Event xmlns='http://schemas.microsoft.com/win/2004/08/events/event'><System><Provider Name='Microsoft-Windows-Sysmon' Guid='{5770385f-c22a-43e0-bf4c-06f5698ffbd9}'/><EventID>5</EventID><Version>3</Version><Level>4</Level><Task>5</Task><Opcode>0</Opcode><Keywords>0x8000000000000000</Keywords><TimeCreated SystemTime='2020-11-22T08:54:49.4571212Z'/><EventRecordID>9549</EventRecordID><Correlation/><Execution ProcessID='35996' ThreadID='36956'/><Channel>Microsoft-Windows-Sysmon/Operational</Channel><Computer>DESKTOP-OD0Q7OR</Computer><Security UserID='S-1-5-18'/></System><EventData><Data Name='RuleName'>-</Data><Data Name='UtcTime'>2020-11-22 08:54:49.456</Data><Data Name='ProcessGuid'>{c9037512-2757-5fba-328f-010000000b00}</Data><Data Name='ProcessId'>34648</Data><Data Name='Image'>D:\케이쉴드주니어\python\FindWally\program\volatility\vol_2.6.exe</Data></EventData></Event>
