<Event xmlns='http://schemas.microsoft.com/win/2004/08/events/event'><System><Provider Name='Microsoft-Windows-Sysmon' Guid='{5770385f-c22a-43e0-bf4c-06f5698ffbd9}'/><EventID>1</EventID><Version>5</Version><Level>4</Level><Task>1</Task><Opcode>0</Opcode><Keywords>0x8000000000000000</Keywords><TimeCreated SystemTime='2020-11-22T08:55:13.1967606Z'/><EventRecordID>9584</EventRecordID><Correlation/><Execution ProcessID='35996' ThreadID='36956'/><Channel>Microsoft-Windows-Sysmon/Operational</Channel><Computer>DESKTOP-OD0Q7OR</Computer><Security UserID='S-1-5-18'/></System><EventData><Data Name='RuleName'>-</Data><Data Name='UtcTime'>2020-11-22 08:55:13.194</Data><Data Name='ProcessGuid'>{c9037512-2771-5fba-438f-010000000b00}</Data><Data Name='ProcessId'>38688</Data><Data Name='Image'>D:\PyCharm Community Edition 2020.2.3\bin\runnerw64.exe</Data><Data Name='FileVersion'>1.0.0.1</Data><Data Name='Description'>Command line runner</Data><Data Name='Product'>IntelliJ Platform</Data><Data Name='Company'>JetBrains s.r.o.</Data><Data Name='OriginalFileName'>runnerw.exe</Data><Data Name='CommandLine'>"D:\PyCharm Community Edition 2020.2.3\bin\runnerw64.exe" "C:\Program Files\Git\cmd\git.exe" -c credential.helper= -c core.quotepath=false -c log.showSignature=false status --porcelain -z --untracked-files=no --ignored=no -- program/volatility/20201122-175147/printkey_hit_process_subkeys.json program/volatility/json/Detect_explorer_subprocess_hit_process.json program/volatility/json/Dlllist_Syswow64_netscan_yarascan_hit_process.json program/volatility/json/Result_hit_process.json program/volatility/json/hivelist.json program/volatility/json/imageinfo_data.json program/volatility/json/ldrmodules_hit_process.json program/volatility/json/ldrmodules_process_dll.json program/volatility/json/netscan_and_psxview_hit_process.json program/volatility/json/netscan_hit_process.json program/volatility/json/netscan_process.json program/volatility/json/printkey_Run_hit_process_value.json program/volatility/json/printkey_Run_process.json program/volatility/json/printkey_hit_process_subkeys.json program/volatility/json/printkey_software_hit_process_subkeys.json program/volatility/json/pstree.json program/volatility/json/pstree_hit_process_path.json program/volatility/json/psxview_hit_process.json program/volatility/json/psxview_process.json program/volatility/json/sub_pstree.json program/volatility/json/subprocess_powershell_hit_process.json program/volatility/json/yarascan_hit_process.json src/core/Sysmon/ProcessTree/Entry.py src/core/Sysmon/ProcessTree/Node.py src/core/Sysmon/ProcessTree/Process.py src/core/Sysmon/ProcessTree/ProcessTree.py src/core/Sysmon/ProcessTree/ProcessTreeAnalyzer.py src/core/Sysmon/ProcessTree/Xml.py src/core/Sysmon/ProcessTree/__init__.py src/core/Sysmon/Rule/1/rule.json src/core/Sysmon/Rule/1st_filtering/First_filtering.json src/core/Sysmon/Rule/1st_filtering/include_living_of_the_land.xml src/core/Sysmon/Rule/1st_filtering/pars.py src/core/Sysmon/Rule/DetectProcess.py src/core/Sysmon/Rule/Rule.py src/core/Sysmon/Rule/RuleEventIdOneFive.json src/core/Sysmon/Rule/RuleEventIdThree.json src/core/Sysmon/Rule/RuleSet.py src/core/Sysmon/Rule/make_json.py "src/core/Sysmon/Sysmon Set/FW_Sysmon_config.xml" "src/core/Sysmon/Sysmon Set/Sysmon_Event_Collecter.py" src/core/Sysmon/Sysmon_Event_Collecter.py src/core/Sysmon/a.txt src/core/Sysmon/detected/a.txt src/core/Sysmon/event_tmp.xml src/core/Sysmon/main.py src/gui/2020-11-18.xml src/gui/AfterDetectedResultFrame.py src/gui/DefenderLog_frame.py src/gui/EventLogAnalysis_frame.py src/gui/GUI_DefenderLog.py src/gui/GUI_Main.py src/gui/GUI_Main_Merge.py src/gui/GUI_Memory.py src/gui/GUI_Sys.py src/gui/GUI_Sys2.py src/gui/LiveDetectedResultFrame.py src/gui/Main_frame.py src/gui/dict.xml src/gui/sysmon_bySUN.py</Data><Data Name='CurrentDirectory'>D:\케이쉴드주니어\python\FindWally\</Data><Data Name='User'>DESKTOP-OD0Q7OR\dayou</Data><Data Name='LogonGuid'>{c9037512-8161-5fb8-7198-7d2b00000000}</Data><Data Name='LogonId'>0x2b7d9871</Data><Data Name='TerminalSessionId'>10</Data><Data Name='IntegrityLevel'>High</Data><Data Name='Hashes'>SHA1=F613D1D9ED9FCFA8BF3D422512D05250F3F7FF04</Data><Data Name='ParentProcessGuid'>{c9037512-2528-5fba-008d-010000000b00}</Data><Data Name='ParentProcessId'>38188</Data><Data Name='ParentImage'>D:\PyCharm Community Edition 2020.2.3\bin\pycharm64.exe</Data><Data Name='ParentCommandLine'>"D:\PyCharm Community Edition 2020.2.3\bin\pycharm64.exe" </Data></EventData></Event>
<Event xmlns='http://schemas.microsoft.com/win/2004/08/events/event'><System><Provider Name='Microsoft-Windows-Sysmon' Guid='{5770385f-c22a-43e0-bf4c-06f5698ffbd9}'/><EventID>1</EventID><Version>5</Version><Level>4</Level><Task>1</Task><Opcode>0</Opcode><Keywords>0x8000000000000000</Keywords><TimeCreated SystemTime='2020-11-22T08:55:13.2006625Z'/><EventRecordID>9585</EventRecordID><Correlation/><Execution ProcessID='35996' ThreadID='36956'/><Channel>Microsoft-Windows-Sysmon/Operational</Channel><Computer>DESKTOP-OD0Q7OR</Computer><Security UserID='S-1-5-18'/></System><EventData><Data Name='RuleName'>-</Data><Data Name='UtcTime'>2020-11-22 08:55:13.198</Data><Data Name='ProcessGuid'>{c9037512-2771-5fba-448f-010000000b00}</Data><Data Name='ProcessId'>39464</Data><Data Name='Image'>C:\Windows\System32\conhost.exe</Data><Data Name='FileVersion'>10.0.19041.546 (WinBuild.160101.0800)</Data><Data Name='Description'>Console Window Host</Data><Data Name='Product'>Microsoft® Windows® Operating System</Data><Data Name='Company'>Microsoft Corporation</Data><Data Name='OriginalFileName'>CONHOST.EXE</Data><Data Name='CommandLine'>\??\C:\WINDOWS\system32\conhost.exe 0xffffffff -ForceV1</Data><Data Name='CurrentDirectory'>C:\WINDOWS</Data><Data Name='User'>DESKTOP-OD0Q7OR\dayou</Data><Data Name='LogonGuid'>{c9037512-8161-5fb8-7198-7d2b00000000}</Data><Data Name='LogonId'>0x2b7d9871</Data><Data Name='TerminalSessionId'>10</Data><Data Name='IntegrityLevel'>High</Data><Data Name='Hashes'>SHA1=A1E4B2CC40A39BF64012D1411F92B12D1F9791E8</Data><Data Name='ParentProcessGuid'>{c9037512-2771-5fba-438f-010000000b00}</Data><Data Name='ParentProcessId'>38688</Data><Data Name='ParentImage'>D:\PyCharm Community Edition 2020.2.3\bin\runnerw64.exe</Data><Data Name='ParentCommandLine'>"D:\PyCharm Community Edition 2020.2.3\bin\runnerw64.exe" "C:\Program Files\Git\cmd\git.exe" -c credential.helper= -c core.quotepath=false -c log.showSignature=false status --porcelain -z --untracked-files=no --ignored=no -- program/volatility/20201122-175147/printkey_hit_process_subkeys.json program/volatility/json/Detect_explorer_subprocess_hit_process.json program/volatility/json/Dlllist_Syswow64_netscan_yarascan_hit_process.json program/volatility/json/Result_hit_process.json program/volatility/json/hivelist.json program/volatility/json/imageinfo_data.json program/volatility/json/ldrmodules_hit_process.json program/volatility/json/ldrmodules_process_dll.json program/volatility/json/netscan_and_psxview_hit_process.json program/volatility/json/netscan_hit_process.json program/volatility/json/netscan_process.json program/volatility/json/printkey_Run_hit_process_value.json program/volatility/json/printkey_Run_process.json program/volatility/json/printkey_hit_process_subkeys.json program/volatility/json/printkey_software_hit_process_subkeys.json program/volatility/json/pstree.json program/volatility/json/pstree_hit_process_path.json program/volatility/json/psxview_hit_process.json program/volatility/json/psxview_process.json program/volatility/json/sub_pstree.json program/volatility/json/subprocess_powershell_hit_process.json program/volatility/json/yarascan_hit_process.json src/core/Sysmon/ProcessTree/Entry.py src/core/Sysmon/ProcessTree/Node.py src/core/Sysmon/ProcessTree/Process.py src/core/Sysmon/ProcessTree/ProcessTree.py src/core/Sysmon/ProcessTree/ProcessTreeAnalyzer.py src/core/Sysmon/ProcessTree/Xml.py src/core/Sysmon/ProcessTree/__init__.py src/core/Sysmon/Rule/1/rule.json src/core/Sysmon/Rule/1st_filtering/First_filtering.json src/core/Sysmon/Rule/1st_filtering/include_living_of_the_land.xml src/core/Sysmon/Rule/1st_filtering/pars.py src/core/Sysmon/Rule/DetectProcess.py src/core/Sysmon/Rule/Rule.py src/core/Sysmon/Rule/RuleEventIdOneFive.json src/core/Sysmon/Rule/RuleEventIdThree.json src/core/Sysmon/Rule/RuleSet.py src/core/Sysmon/Rule/make_json.py "src/core/Sysmon/Sysmon Set/FW_Sysmon_config.xml" "src/core/Sysmon/Sysmon Set/Sysmon_Event_Collecter.py" src/core/Sysmon/Sysmon_Event_Collecter.py src/core/Sysmon/a.txt src/core/Sysmon/detected/a.txt src/core/Sysmon/event_tmp.xml src/core/Sysmon/main.py src/gui/2020-11-18.xml src/gui/AfterDetectedResultFrame.py src/gui/DefenderLog_frame.py src/gui/EventLogAnalysis_frame.py src/gui/GUI_DefenderLog.py src/gui/GUI_Main.py src/gui/GUI_Main_Merge.py src/gui/GUI_Memory.py src/gui/GUI_Sys.py src/gui/GUI_Sys2.py src/gui/LiveDetectedResultFrame.py src/gui/Main_frame.py src/gui/dict.xml src/gui/sysmon_bySUN.py</Data></EventData></Event>
<Event xmlns='http://schemas.microsoft.com/win/2004/08/events/event'><System><Provider Name='Microsoft-Windows-Sysmon' Guid='{5770385f-c22a-43e0-bf4c-06f5698ffbd9}'/><EventID>1</EventID><Version>5</Version><Level>4</Level><Task>1</Task><Opcode>0</Opcode><Keywords>0x8000000000000000</Keywords><TimeCreated SystemTime='2020-11-22T08:55:13.2248450Z'/><EventRecordID>9586</EventRecordID><Correlation/><Execution ProcessID='35996' ThreadID='36956'/><Channel>Microsoft-Windows-Sysmon/Operational</Channel><Computer>DESKTOP-OD0Q7OR</Computer><Security UserID='S-1-5-18'/></System><EventData><Data Name='RuleName'>-</Data><Data Name='UtcTime'>2020-11-22 08:55:13.222</Data><Data Name='ProcessGuid'>{c9037512-2771-5fba-458f-010000000b00}</Data><Data Name='ProcessId'>28464</Data><Data Name='Image'>C:\Program Files\Git\cmd\git.exe</Data><Data Name='FileVersion'>-</Data><Data Name='Description'>Git for Windows</Data><Data Name='Product'>Git</Data><Data Name='Company'>The Git Development Community</Data><Data Name='OriginalFileName'>git.exe</Data><Data Name='CommandLine'>"C:\Program Files\Git\cmd\git.exe" -c credential.helper= -c core.quotepath=false -c log.showSignature=false status --porcelain -z --untracked-files=no --ignored=no -- program/volatility/20201122-175147/printkey_hit_process_subkeys.json program/volatility/json/Detect_explorer_subprocess_hit_process.json program/volatility/json/Dlllist_Syswow64_netscan_yarascan_hit_process.json program/volatility/json/Result_hit_process.json program/volatility/json/hivelist.json program/volatility/json/imageinfo_data.json program/volatility/json/ldrmodules_hit_process.json program/volatility/json/ldrmodules_process_dll.json program/volatility/json/netscan_and_psxview_hit_process.json program/volatility/json/netscan_hit_process.json program/volatility/json/netscan_process.json program/volatility/json/printkey_Run_hit_process_value.json program/volatility/json/printkey_Run_process.json program/volatility/json/printkey_hit_process_subkeys.json program/volatility/json/printkey_software_hit_process_subkeys.json program/volatility/json/pstree.json program/volatility/json/pstree_hit_process_path.json program/volatility/json/psxview_hit_process.json program/volatility/json/psxview_process.json program/volatility/json/sub_pstree.json program/volatility/json/subprocess_powershell_hit_process.json program/volatility/json/yarascan_hit_process.json src/core/Sysmon/ProcessTree/Entry.py src/core/Sysmon/ProcessTree/Node.py src/core/Sysmon/ProcessTree/Process.py src/core/Sysmon/ProcessTree/ProcessTree.py src/core/Sysmon/ProcessTree/ProcessTreeAnalyzer.py src/core/Sysmon/ProcessTree/Xml.py src/core/Sysmon/ProcessTree/__init__.py src/core/Sysmon/Rule/1/rule.json src/core/Sysmon/Rule/1st_filtering/First_filtering.json src/core/Sysmon/Rule/1st_filtering/include_living_of_the_land.xml src/core/Sysmon/Rule/1st_filtering/pars.py src/core/Sysmon/Rule/DetectProcess.py src/core/Sysmon/Rule/Rule.py src/core/Sysmon/Rule/RuleEventIdOneFive.json src/core/Sysmon/Rule/RuleEventIdThree.json src/core/Sysmon/Rule/RuleSet.py src/core/Sysmon/Rule/make_json.py "src/core/Sysmon/Sysmon Set/FW_Sysmon_config.xml" "src/core/Sysmon/Sysmon Set/Sysmon_Event_Collecter.py" src/core/Sysmon/Sysmon_Event_Collecter.py src/core/Sysmon/a.txt src/core/Sysmon/detected/a.txt src/core/Sysmon/event_tmp.xml src/core/Sysmon/main.py src/gui/2020-11-18.xml src/gui/AfterDetectedResultFrame.py src/gui/DefenderLog_frame.py src/gui/EventLogAnalysis_frame.py src/gui/GUI_DefenderLog.py src/gui/GUI_Main.py src/gui/GUI_Main_Merge.py src/gui/GUI_Memory.py src/gui/GUI_Sys.py src/gui/GUI_Sys2.py src/gui/LiveDetectedResultFrame.py src/gui/Main_frame.py src/gui/dict.xml src/gui/sysmon_bySUN.py</Data><Data Name='CurrentDirectory'>D:\케이쉴드주니어\python\FindWally\</Data><Data Name='User'>DESKTOP-OD0Q7OR\dayou</Data><Data Name='LogonGuid'>{c9037512-8161-5fb8-7198-7d2b00000000}</Data><Data Name='LogonId'>0x2b7d9871</Data><Data Name='TerminalSessionId'>10</Data><Data Name='IntegrityLevel'>High</Data><Data Name='Hashes'>SHA1=6A306F8BCEC852018CA937EE85BA02F5D2E6EEAA</Data><Data Name='ParentProcessGuid'>{c9037512-2771-5fba-438f-010000000b00}</Data><Data Name='ParentProcessId'>38688</Data><Data Name='ParentImage'>D:\PyCharm Community Edition 2020.2.3\bin\runnerw64.exe</Data><Data Name='ParentCommandLine'>"D:\PyCharm Community Edition 2020.2.3\bin\runnerw64.exe" "C:\Program Files\Git\cmd\git.exe" -c credential.helper= -c core.quotepath=false -c log.showSignature=false status --porcelain -z --untracked-files=no --ignored=no -- program/volatility/20201122-175147/printkey_hit_process_subkeys.json program/volatility/json/Detect_explorer_subprocess_hit_process.json program/volatility/json/Dlllist_Syswow64_netscan_yarascan_hit_process.json program/volatility/json/Result_hit_process.json program/volatility/json/hivelist.json program/volatility/json/imageinfo_data.json program/volatility/json/ldrmodules_hit_process.json program/volatility/json/ldrmodules_process_dll.json program/volatility/json/netscan_and_psxview_hit_process.json program/volatility/json/netscan_hit_process.json program/volatility/json/netscan_process.json program/volatility/json/printkey_Run_hit_process_value.json program/volatility/json/printkey_Run_process.json program/volatility/json/printkey_hit_process_subkeys.json program/volatility/json/printkey_software_hit_process_subkeys.json program/volatility/json/pstree.json program/volatility/json/pstree_hit_process_path.json program/volatility/json/psxview_hit_process.json program/volatility/json/psxview_process.json program/volatility/json/sub_pstree.json program/volatility/json/subprocess_powershell_hit_process.json program/volatility/json/yarascan_hit_process.json src/core/Sysmon/ProcessTree/Entry.py src/core/Sysmon/ProcessTree/Node.py src/core/Sysmon/ProcessTree/Process.py src/core/Sysmon/ProcessTree/ProcessTree.py src/core/Sysmon/ProcessTree/ProcessTreeAnalyzer.py src/core/Sysmon/ProcessTree/Xml.py src/core/Sysmon/ProcessTree/__init__.py src/core/Sysmon/Rule/1/rule.json src/core/Sysmon/Rule/1st_filtering/First_filtering.json src/core/Sysmon/Rule/1st_filtering/include_living_of_the_land.xml src/core/Sysmon/Rule/1st_filtering/pars.py src/core/Sysmon/Rule/DetectProcess.py src/core/Sysmon/Rule/Rule.py src/core/Sysmon/Rule/RuleEventIdOneFive.json src/core/Sysmon/Rule/RuleEventIdThree.json src/core/Sysmon/Rule/RuleSet.py src/core/Sysmon/Rule/make_json.py "src/core/Sysmon/Sysmon Set/FW_Sysmon_config.xml" "src/core/Sysmon/Sysmon Set/Sysmon_Event_Collecter.py" src/core/Sysmon/Sysmon_Event_Collecter.py src/core/Sysmon/a.txt src/core/Sysmon/detected/a.txt src/core/Sysmon/event_tmp.xml src/core/Sysmon/main.py src/gui/2020-11-18.xml src/gui/AfterDetectedResultFrame.py src/gui/DefenderLog_frame.py src/gui/EventLogAnalysis_frame.py src/gui/GUI_DefenderLog.py src/gui/GUI_Main.py src/gui/GUI_Main_Merge.py src/gui/GUI_Memory.py src/gui/GUI_Sys.py src/gui/GUI_Sys2.py src/gui/LiveDetectedResultFrame.py src/gui/Main_frame.py src/gui/dict.xml src/gui/sysmon_bySUN.py</Data></EventData></Event>
<Event xmlns='http://schemas.microsoft.com/win/2004/08/events/event'><System><Provider Name='Microsoft-Windows-Sysmon' Guid='{5770385f-c22a-43e0-bf4c-06f5698ffbd9}'/><EventID>1</EventID><Version>5</Version><Level>4</Level><Task>1</Task><Opcode>0</Opcode><Keywords>0x8000000000000000</Keywords><TimeCreated SystemTime='2020-11-22T08:55:13.2352124Z'/><EventRecordID>9587</EventRecordID><Correlation/><Execution ProcessID='35996' ThreadID='36956'/><Channel>Microsoft-Windows-Sysmon/Operational</Channel><Computer>DESKTOP-OD0Q7OR</Computer><Security UserID='S-1-5-18'/></System><EventData><Data Name='RuleName'>-</Data><Data Name='UtcTime'>2020-11-22 08:55:13.232</Data><Data Name='ProcessGuid'>{c9037512-2771-5fba-468f-010000000b00}</Data><Data Name='ProcessId'>36968</Data><Data Name='Image'>C:\Program Files\Git\mingw64\bin\git.exe</Data><Data Name='FileVersion'>-</Data><Data Name='Description'>Git for Windows</Data><Data Name='Product'>Git</Data><Data Name='Company'>The Git Development Community</Data><Data Name='OriginalFileName'>git.exe</Data><Data Name='CommandLine'>git.exe -c credential.helper= -c core.quotepath=false -c log.showSignature=false status --porcelain -z --untracked-files=no --ignored=no -- program/volatility/20201122-175147/printkey_hit_process_subkeys.json program/volatility/json/Detect_explorer_subprocess_hit_process.json program/volatility/json/Dlllist_Syswow64_netscan_yarascan_hit_process.json program/volatility/json/Result_hit_process.json program/volatility/json/hivelist.json program/volatility/json/imageinfo_data.json program/volatility/json/ldrmodules_hit_process.json program/volatility/json/ldrmodules_process_dll.json program/volatility/json/netscan_and_psxview_hit_process.json program/volatility/json/netscan_hit_process.json program/volatility/json/netscan_process.json program/volatility/json/printkey_Run_hit_process_value.json program/volatility/json/printkey_Run_process.json program/volatility/json/printkey_hit_process_subkeys.json program/volatility/json/printkey_software_hit_process_subkeys.json program/volatility/json/pstree.json program/volatility/json/pstree_hit_process_path.json program/volatility/json/psxview_hit_process.json program/volatility/json/psxview_process.json program/volatility/json/sub_pstree.json program/volatility/json/subprocess_powershell_hit_process.json program/volatility/json/yarascan_hit_process.json src/core/Sysmon/ProcessTree/Entry.py src/core/Sysmon/ProcessTree/Node.py src/core/Sysmon/ProcessTree/Process.py src/core/Sysmon/ProcessTree/ProcessTree.py src/core/Sysmon/ProcessTree/ProcessTreeAnalyzer.py src/core/Sysmon/ProcessTree/Xml.py src/core/Sysmon/ProcessTree/__init__.py src/core/Sysmon/Rule/1/rule.json src/core/Sysmon/Rule/1st_filtering/First_filtering.json src/core/Sysmon/Rule/1st_filtering/include_living_of_the_land.xml src/core/Sysmon/Rule/1st_filtering/pars.py src/core/Sysmon/Rule/DetectProcess.py src/core/Sysmon/Rule/Rule.py src/core/Sysmon/Rule/RuleEventIdOneFive.json src/core/Sysmon/Rule/RuleEventIdThree.json src/core/Sysmon/Rule/RuleSet.py src/core/Sysmon/Rule/make_json.py "src/core/Sysmon/Sysmon Set/FW_Sysmon_config.xml" "src/core/Sysmon/Sysmon Set/Sysmon_Event_Collecter.py" src/core/Sysmon/Sysmon_Event_Collecter.py src/core/Sysmon/a.txt src/core/Sysmon/detected/a.txt src/core/Sysmon/event_tmp.xml src/core/Sysmon/main.py src/gui/2020-11-18.xml src/gui/AfterDetectedResultFrame.py src/gui/DefenderLog_frame.py src/gui/EventLogAnalysis_frame.py src/gui/GUI_DefenderLog.py src/gui/GUI_Main.py src/gui/GUI_Main_Merge.py src/gui/GUI_Memory.py src/gui/GUI_Sys.py src/gui/GUI_Sys2.py src/gui/LiveDetectedResultFrame.py src/gui/Main_frame.py src/gui/dict.xml src/gui/sysmon_bySUN.py</Data><Data Name='CurrentDirectory'>D:\케이쉴드주니어\python\FindWally\</Data><Data Name='User'>DESKTOP-OD0Q7OR\dayou</Data><Data Name='LogonGuid'>{c9037512-8161-5fb8-7198-7d2b00000000}</Data><Data Name='LogonId'>0x2b7d9871</Data><Data Name='TerminalSessionId'>10</Data><Data Name='IntegrityLevel'>High</Data><Data Name='Hashes'>SHA1=EDAF69E61745592959809441297208E1C3F7E7AF</Data><Data Name='ParentProcessGuid'>{c9037512-2771-5fba-458f-010000000b00}</Data><Data Name='ParentProcessId'>28464</Data><Data Name='ParentImage'>C:\Program Files\Git\cmd\git.exe</Data><Data Name='ParentCommandLine'>"C:\Program Files\Git\cmd\git.exe" -c credential.helper= -c core.quotepath=false -c log.showSignature=false status --porcelain -z --untracked-files=no --ignored=no -- program/volatility/20201122-175147/printkey_hit_process_subkeys.json program/volatility/json/Detect_explorer_subprocess_hit_process.json program/volatility/json/Dlllist_Syswow64_netscan_yarascan_hit_process.json program/volatility/json/Result_hit_process.json program/volatility/json/hivelist.json program/volatility/json/imageinfo_data.json program/volatility/json/ldrmodules_hit_process.json program/volatility/json/ldrmodules_process_dll.json program/volatility/json/netscan_and_psxview_hit_process.json program/volatility/json/netscan_hit_process.json program/volatility/json/netscan_process.json program/volatility/json/printkey_Run_hit_process_value.json program/volatility/json/printkey_Run_process.json program/volatility/json/printkey_hit_process_subkeys.json program/volatility/json/printkey_software_hit_process_subkeys.json program/volatility/json/pstree.json program/volatility/json/pstree_hit_process_path.json program/volatility/json/psxview_hit_process.json program/volatility/json/psxview_process.json program/volatility/json/sub_pstree.json program/volatility/json/subprocess_powershell_hit_process.json program/volatility/json/yarascan_hit_process.json src/core/Sysmon/ProcessTree/Entry.py src/core/Sysmon/ProcessTree/Node.py src/core/Sysmon/ProcessTree/Process.py src/core/Sysmon/ProcessTree/ProcessTree.py src/core/Sysmon/ProcessTree/ProcessTreeAnalyzer.py src/core/Sysmon/ProcessTree/Xml.py src/core/Sysmon/ProcessTree/__init__.py src/core/Sysmon/Rule/1/rule.json src/core/Sysmon/Rule/1st_filtering/First_filtering.json src/core/Sysmon/Rule/1st_filtering/include_living_of_the_land.xml src/core/Sysmon/Rule/1st_filtering/pars.py src/core/Sysmon/Rule/DetectProcess.py src/core/Sysmon/Rule/Rule.py src/core/Sysmon/Rule/RuleEventIdOneFive.json src/core/Sysmon/Rule/RuleEventIdThree.json src/core/Sysmon/Rule/RuleSet.py src/core/Sysmon/Rule/make_json.py "src/core/Sysmon/Sysmon Set/FW_Sysmon_config.xml" "src/core/Sysmon/Sysmon Set/Sysmon_Event_Collecter.py" src/core/Sysmon/Sysmon_Event_Collecter.py src/core/Sysmon/a.txt src/core/Sysmon/detected/a.txt src/core/Sysmon/event_tmp.xml src/core/Sysmon/main.py src/gui/2020-11-18.xml src/gui/AfterDetectedResultFrame.py src/gui/DefenderLog_frame.py src/gui/EventLogAnalysis_frame.py src/gui/GUI_DefenderLog.py src/gui/GUI_Main.py src/gui/GUI_Main_Merge.py src/gui/GUI_Memory.py src/gui/GUI_Sys.py src/gui/GUI_Sys2.py src/gui/LiveDetectedResultFrame.py src/gui/Main_frame.py src/gui/dict.xml src/gui/sysmon_bySUN.py</Data></EventData></Event>
<Event xmlns='http://schemas.microsoft.com/win/2004/08/events/event'><System><Provider Name='Microsoft-Windows-Sysmon' Guid='{5770385f-c22a-43e0-bf4c-06f5698ffbd9}'/><EventID>5</EventID><Version>3</Version><Level>4</Level><Task>5</Task><Opcode>0</Opcode><Keywords>0x8000000000000000</Keywords><TimeCreated SystemTime='2020-11-22T08:55:13.2638366Z'/><EventRecordID>9588</EventRecordID><Correlation/><Execution ProcessID='35996' ThreadID='36956'/><Channel>Microsoft-Windows-Sysmon/Operational</Channel><Computer>DESKTOP-OD0Q7OR</Computer><Security UserID='S-1-5-18'/></System><EventData><Data Name='RuleName'>-</Data><Data Name='UtcTime'>2020-11-22 08:55:13.263</Data><Data Name='ProcessGuid'>{c9037512-2771-5fba-468f-010000000b00}</Data><Data Name='ProcessId'>36968</Data><Data Name='Image'>C:\Program Files\Git\mingw64\bin\git.exe</Data></EventData></Event>
<Event xmlns='http://schemas.microsoft.com/win/2004/08/events/event'><System><Provider Name='Microsoft-Windows-Sysmon' Guid='{5770385f-c22a-43e0-bf4c-06f5698ffbd9}'/><EventID>5</EventID><Version>3</Version><Level>4</Level><Task>5</Task><Opcode>0</Opcode><Keywords>0x8000000000000000</Keywords><TimeCreated SystemTime='2020-11-22T08:55:13.2668411Z'/><EventRecordID>9589</EventRecordID><Correlation/><Execution ProcessID='35996' ThreadID='36956'/><Channel>Microsoft-Windows-Sysmon/Operational</Channel><Computer>DESKTOP-OD0Q7OR</Computer><Security UserID='S-1-5-18'/></System><EventData><Data Name='RuleName'>-</Data><Data Name='UtcTime'>2020-11-22 08:55:13.265</Data><Data Name='ProcessGuid'>{c9037512-2771-5fba-458f-010000000b00}</Data><Data Name='ProcessId'>28464</Data><Data Name='Image'>C:\Program Files\Git\cmd\git.exe</Data></EventData></Event>
<Event xmlns='http://schemas.microsoft.com/win/2004/08/events/event'><System><Provider Name='Microsoft-Windows-Sysmon' Guid='{5770385f-c22a-43e0-bf4c-06f5698ffbd9}'/><EventID>5</EventID><Version>3</Version><Level>4</Level><Task>5</Task><Opcode>0</Opcode><Keywords>0x8000000000000000</Keywords><TimeCreated SystemTime='2020-11-22T08:55:13.2699221Z'/><EventRecordID>9590</EventRecordID><Correlation/><Execution ProcessID='35996' ThreadID='36956'/><Channel>Microsoft-Windows-Sysmon/Operational</Channel><Computer>DESKTOP-OD0Q7OR</Computer><Security UserID='S-1-5-18'/></System><EventData><Data Name='RuleName'>-</Data><Data Name='UtcTime'>2020-11-22 08:55:13.268</Data><Data Name='ProcessGuid'>{c9037512-2771-5fba-438f-010000000b00}</Data><Data Name='ProcessId'>38688</Data><Data Name='Image'>D:\PyCharm Community Edition 2020.2.3\bin\runnerw64.exe</Data></EventData></Event>
<Event xmlns='http://schemas.microsoft.com/win/2004/08/events/event'><System><Provider Name='Microsoft-Windows-Sysmon' Guid='{5770385f-c22a-43e0-bf4c-06f5698ffbd9}'/><EventID>1</EventID><Version>5</Version><Level>4</Level><Task>1</Task><Opcode>0</Opcode><Keywords>0x8000000000000000</Keywords><TimeCreated SystemTime='2020-11-22T08:55:13.3040430Z'/><EventRecordID>9591</EventRecordID><Correlation/><Execution ProcessID='35996' ThreadID='36956'/><Channel>Microsoft-Windows-Sysmon/Operational</Channel><Computer>DESKTOP-OD0Q7OR</Computer><Security UserID='S-1-5-18'/></System><EventData><Data Name='RuleName'>-</Data><Data Name='UtcTime'>2020-11-22 08:55:13.289</Data><Data Name='ProcessGuid'>{c9037512-2771-5fba-478f-010000000b00}</Data><Data Name='ProcessId'>35932</Data><Data Name='Image'>D:\PyCharm Community Edition 2020.2.3\bin\runnerw64.exe</Data><Data Name='FileVersion'>1.0.0.1</Data><Data Name='Description'>Command line runner</Data><Data Name='Product'>IntelliJ Platform</Data><Data Name='Company'>JetBrains s.r.o.</Data><Data Name='OriginalFileName'>runnerw.exe</Data><Data Name='CommandLine'>"D:\PyCharm Community Edition 2020.2.3\bin\runnerw64.exe" "C:\Program Files\Git\cmd\git.exe" -c credential.helper= -c core.quotepath=false -c log.showSignature=false ls-files --exclude-standard --others -z -- program/volatility/20201122-175147/printkey_hit_process_subkeys.json</Data><Data Name='CurrentDirectory'>D:\케이쉴드주니어\python\FindWally\</Data><Data Name='User'>DESKTOP-OD0Q7OR\dayou</Data><Data Name='LogonGuid'>{c9037512-8161-5fb8-7198-7d2b00000000}</Data><Data Name='LogonId'>0x2b7d9871</Data><Data Name='TerminalSessionId'>10</Data><Data Name='IntegrityLevel'>High</Data><Data Name='Hashes'>SHA1=F613D1D9ED9FCFA8BF3D422512D05250F3F7FF04</Data><Data Name='ParentProcessGuid'>{c9037512-2528-5fba-008d-010000000b00}</Data><Data Name='ParentProcessId'>38188</Data><Data Name='ParentImage'>D:\PyCharm Community Edition 2020.2.3\bin\pycharm64.exe</Data><Data Name='ParentCommandLine'>"D:\PyCharm Community Edition 2020.2.3\bin\pycharm64.exe" </Data></EventData></Event>
<Event xmlns='http://schemas.microsoft.com/win/2004/08/events/event'><System><Provider Name='Microsoft-Windows-Sysmon' Guid='{5770385f-c22a-43e0-bf4c-06f5698ffbd9}'/><EventID>5</EventID><Version>3</Version><Level>4</Level><Task>5</Task><Opcode>0</Opcode><Keywords>0x8000000000000000</Keywords><TimeCreated SystemTime='2020-11-22T08:55:13.3041455Z'/><EventRecordID>9592</EventRecordID><Correlation/><Execution ProcessID='35996' ThreadID='36956'/><Channel>Microsoft-Windows-Sysmon/Operational</Channel><Computer>DESKTOP-OD0Q7OR</Computer><Security UserID='S-1-5-18'/></System><EventData><Data Name='RuleName'>-</Data><Data Name='UtcTime'>2020-11-22 08:55:13.304</Data><Data Name='ProcessGuid'>{c9037512-2771-5fba-448f-010000000b00}</Data><Data Name='ProcessId'>39464</Data><Data Name='Image'>C:\Windows\System32\conhost.exe</Data></EventData></Event>
<Event xmlns='http://schemas.microsoft.com/win/2004/08/events/event'><System><Provider Name='Microsoft-Windows-Sysmon' Guid='{5770385f-c22a-43e0-bf4c-06f5698ffbd9}'/><EventID>1</EventID><Version>5</Version><Level>4</Level><Task>1</Task><Opcode>0</Opcode><Keywords>0x8000000000000000</Keywords><TimeCreated SystemTime='2020-11-22T08:55:13.3109396Z'/><EventRecordID>9593</EventRecordID><Correlation/><Execution ProcessID='35996' ThreadID='36956'/><Channel>Microsoft-Windows-Sysmon/Operational</Channel><Computer>DESKTOP-OD0Q7OR</Computer><Security UserID='S-1-5-18'/></System><EventData><Data Name='RuleName'>-</Data><Data Name='UtcTime'>2020-11-22 08:55:13.305</Data><Data Name='ProcessGuid'>{c9037512-2771-5fba-488f-010000000b00}</Data><Data Name='ProcessId'>10320</Data><Data Name='Image'>C:\Windows\System32\conhost.exe</Data><Data Name='FileVersion'>10.0.19041.546 (WinBuild.160101.0800)</Data><Data Name='Description'>Console Window Host</Data><Data Name='Product'>Microsoft® Windows® Operating System</Data><Data Name='Company'>Microsoft Corporation</Data><Data Name='OriginalFileName'>CONHOST.EXE</Data><Data Name='CommandLine'>\??\C:\WINDOWS\system32\conhost.exe 0xffffffff -ForceV1</Data><Data Name='CurrentDirectory'>C:\WINDOWS</Data><Data Name='User'>DESKTOP-OD0Q7OR\dayou</Data><Data Name='LogonGuid'>{c9037512-8161-5fb8-7198-7d2b00000000}</Data><Data Name='LogonId'>0x2b7d9871</Data><Data Name='TerminalSessionId'>10</Data><Data Name='IntegrityLevel'>High</Data><Data Name='Hashes'>SHA1=A1E4B2CC40A39BF64012D1411F92B12D1F9791E8</Data><Data Name='ParentProcessGuid'>{c9037512-2771-5fba-478f-010000000b00}</Data><Data Name='ParentProcessId'>35932</Data><Data Name='ParentImage'>D:\PyCharm Community Edition 2020.2.3\bin\runnerw64.exe</Data><Data Name='ParentCommandLine'>"D:\PyCharm Community Edition 2020.2.3\bin\runnerw64.exe" "C:\Program Files\Git\cmd\git.exe" -c credential.helper= -c core.quotepath=false -c log.showSignature=false ls-files --exclude-standard --others -z -- program/volatility/20201122-175147/printkey_hit_process_subkeys.json</Data></EventData></Event>
<Event xmlns='http://schemas.microsoft.com/win/2004/08/events/event'><System><Provider Name='Microsoft-Windows-Sysmon' Guid='{5770385f-c22a-43e0-bf4c-06f5698ffbd9}'/><EventID>1</EventID><Version>5</Version><Level>4</Level><Task>1</Task><Opcode>0</Opcode><Keywords>0x8000000000000000</Keywords><TimeCreated SystemTime='2020-11-22T08:55:13.4883727Z'/><EventRecordID>9594</EventRecordID><Correlation/><Execution ProcessID='35996' ThreadID='36956'/><Channel>Microsoft-Windows-Sysmon/Operational</Channel><Computer>DESKTOP-OD0Q7OR</Computer><Security UserID='S-1-5-18'/></System><EventData><Data Name='RuleName'>-</Data><Data Name='UtcTime'>2020-11-22 08:55:13.486</Data><Data Name='ProcessGuid'>{c9037512-2771-5fba-498f-010000000b00}</Data><Data Name='ProcessId'>30268</Data><Data Name='Image'>C:\Program Files\Git\cmd\git.exe</Data><Data Name='FileVersion'>-</Data><Data Name='Description'>Git for Windows</Data><Data Name='Product'>Git</Data><Data Name='Company'>The Git Development Community</Data><Data Name='OriginalFileName'>git.exe</Data><Data Name='CommandLine'>"C:\Program Files\Git\cmd\git.exe" -c credential.helper= -c core.quotepath=false -c log.showSignature=false ls-files --exclude-standard --others -z -- program/volatility/20201122-175147/printkey_hit_process_subkeys.json</Data><Data Name='CurrentDirectory'>D:\케이쉴드주니어\python\FindWally\</Data><Data Name='User'>DESKTOP-OD0Q7OR\dayou</Data><Data Name='LogonGuid'>{c9037512-8161-5fb8-7198-7d2b00000000}</Data><Data Name='LogonId'>0x2b7d9871</Data><Data Name='TerminalSessionId'>10</Data><Data Name='IntegrityLevel'>High</Data><Data Name='Hashes'>SHA1=6A306F8BCEC852018CA937EE85BA02F5D2E6EEAA</Data><Data Name='ParentProcessGuid'>{c9037512-2771-5fba-478f-010000000b00}</Data><Data Name='ParentProcessId'>35932</Data><Data Name='ParentImage'>D:\PyCharm Community Edition 2020.2.3\bin\runnerw64.exe</Data><Data Name='ParentCommandLine'>"D:\PyCharm Community Edition 2020.2.3\bin\runnerw64.exe" "C:\Program Files\Git\cmd\git.exe" -c credential.helper= -c core.quotepath=false -c log.showSignature=false ls-files --exclude-standard --others -z -- program/volatility/20201122-175147/printkey_hit_process_subkeys.json</Data></EventData></Event>
<Event xmlns='http://schemas.microsoft.com/win/2004/08/events/event'><System><Provider Name='Microsoft-Windows-Sysmon' Guid='{5770385f-c22a-43e0-bf4c-06f5698ffbd9}'/><EventID>1</EventID><Version>5</Version><Level>4</Level><Task>1</Task><Opcode>0</Opcode><Keywords>0x8000000000000000</Keywords><TimeCreated SystemTime='2020-11-22T08:55:13.4989776Z'/><EventRecordID>9595</EventRecordID><Correlation/><Execution ProcessID='35996' ThreadID='36956'/><Channel>Microsoft-Windows-Sysmon/Operational</Channel><Computer>DESKTOP-OD0Q7OR</Computer><Security UserID='S-1-5-18'/></System><EventData><Data Name='RuleName'>-</Data><Data Name='UtcTime'>2020-11-22 08:55:13.496</Data><Data Name='ProcessGuid'>{c9037512-2771-5fba-4a8f-010000000b00}</Data><Data Name='ProcessId'>40164</Data><Data Name='Image'>C:\Program Files\Git\mingw64\bin\git.exe</Data><Data Name='FileVersion'>-</Data><Data Name='Description'>Git for Windows</Data><Data Name='Product'>Git</Data><Data Name='Company'>The Git Development Community</Data><Data Name='OriginalFileName'>git.exe</Data><Data Name='CommandLine'>git.exe -c credential.helper= -c core.quotepath=false -c log.showSignature=false ls-files --exclude-standard --others -z -- program/volatility/20201122-175147/printkey_hit_process_subkeys.json</Data><Data Name='CurrentDirectory'>D:\케이쉴드주니어\python\FindWally\</Data><Data Name='User'>DESKTOP-OD0Q7OR\dayou</Data><Data Name='LogonGuid'>{c9037512-8161-5fb8-7198-7d2b00000000}</Data><Data Name='LogonId'>0x2b7d9871</Data><Data Name='TerminalSessionId'>10</Data><Data Name='IntegrityLevel'>High</Data><Data Name='Hashes'>SHA1=EDAF69E61745592959809441297208E1C3F7E7AF</Data><Data Name='ParentProcessGuid'>{c9037512-2771-5fba-498f-010000000b00}</Data><Data Name='ParentProcessId'>30268</Data><Data Name='ParentImage'>C:\Program Files\Git\cmd\git.exe</Data><Data Name='ParentCommandLine'>"C:\Program Files\Git\cmd\git.exe" -c credential.helper= -c core.quotepath=false -c log.showSignature=false ls-files --exclude-standard --others -z -- program/volatility/20201122-175147/printkey_hit_process_subkeys.json</Data></EventData></Event>
<Event xmlns='http://schemas.microsoft.com/win/2004/08/events/event'><System><Provider Name='Microsoft-Windows-Sysmon' Guid='{5770385f-c22a-43e0-bf4c-06f5698ffbd9}'/><EventID>5</EventID><Version>3</Version><Level>4</Level><Task>5</Task><Opcode>0</Opcode><Keywords>0x8000000000000000</Keywords><TimeCreated SystemTime='2020-11-22T08:55:13.5118791Z'/><EventRecordID>9596</EventRecordID><Correlation/><Execution ProcessID='35996' ThreadID='36956'/><Channel>Microsoft-Windows-Sysmon/Operational</Channel><Computer>DESKTOP-OD0Q7OR</Computer><Security UserID='S-1-5-18'/></System><EventData><Data Name='RuleName'>-</Data><Data Name='UtcTime'>2020-11-22 08:55:13.511</Data><Data Name='ProcessGuid'>{c9037512-2771-5fba-4a8f-010000000b00}</Data><Data Name='ProcessId'>40164</Data><Data Name='Image'>C:\Program Files\Git\mingw64\bin\git.exe</Data></EventData></Event>
<Event xmlns='http://schemas.microsoft.com/win/2004/08/events/event'><System><Provider Name='Microsoft-Windows-Sysmon' Guid='{5770385f-c22a-43e0-bf4c-06f5698ffbd9}'/><EventID>5</EventID><Version>3</Version><Level>4</Level><Task>5</Task><Opcode>0</Opcode><Keywords>0x8000000000000000</Keywords><TimeCreated SystemTime='2020-11-22T08:55:13.5135066Z'/><EventRecordID>9597</EventRecordID><Correlation/><Execution ProcessID='35996' ThreadID='36956'/><Channel>Microsoft-Windows-Sysmon/Operational</Channel><Computer>DESKTOP-OD0Q7OR</Computer><Security UserID='S-1-5-18'/></System><EventData><Data Name='RuleName'>-</Data><Data Name='UtcTime'>2020-11-22 08:55:13.513</Data><Data Name='ProcessGuid'>{c9037512-2771-5fba-498f-010000000b00}</Data><Data Name='ProcessId'>30268</Data><Data Name='Image'>C:\Program Files\Git\cmd\git.exe</Data></EventData></Event>
<Event xmlns='http://schemas.microsoft.com/win/2004/08/events/event'><System><Provider Name='Microsoft-Windows-Sysmon' Guid='{5770385f-c22a-43e0-bf4c-06f5698ffbd9}'/><EventID>5</EventID><Version>3</Version><Level>4</Level><Task>5</Task><Opcode>0</Opcode><Keywords>0x8000000000000000</Keywords><TimeCreated SystemTime='2020-11-22T08:55:13.5158607Z'/><EventRecordID>9598</EventRecordID><Correlation/><Execution ProcessID='35996' ThreadID='36956'/><Channel>Microsoft-Windows-Sysmon/Operational</Channel><Computer>DESKTOP-OD0Q7OR</Computer><Security UserID='S-1-5-18'/></System><EventData><Data Name='RuleName'>-</Data><Data Name='UtcTime'>2020-11-22 08:55:13.515</Data><Data Name='ProcessGuid'>{c9037512-2771-5fba-478f-010000000b00}</Data><Data Name='ProcessId'>35932</Data><Data Name='Image'>D:\PyCharm Community Edition 2020.2.3\bin\runnerw64.exe</Data></EventData></Event>
<Event xmlns='http://schemas.microsoft.com/win/2004/08/events/event'><System><Provider Name='Microsoft-Windows-Sysmon' Guid='{5770385f-c22a-43e0-bf4c-06f5698ffbd9}'/><EventID>5</EventID><Version>3</Version><Level>4</Level><Task>5</Task><Opcode>0</Opcode><Keywords>0x8000000000000000</Keywords><TimeCreated SystemTime='2020-11-22T08:55:13.5167846Z'/><EventRecordID>9599</EventRecordID><Correlation/><Execution ProcessID='35996' ThreadID='36956'/><Channel>Microsoft-Windows-Sysmon/Operational</Channel><Computer>DESKTOP-OD0Q7OR</Computer><Security UserID='S-1-5-18'/></System><EventData><Data Name='RuleName'>-</Data><Data Name='UtcTime'>2020-11-22 08:55:13.516</Data><Data Name='ProcessGuid'>{c9037512-2771-5fba-488f-010000000b00}</Data><Data Name='ProcessId'>10320</Data><Data Name='Image'>C:\Windows\System32\conhost.exe</Data></EventData></Event>
<Event xmlns='http://schemas.microsoft.com/win/2004/08/events/event'><System><Provider Name='Microsoft-Windows-Sysmon' Guid='{5770385f-c22a-43e0-bf4c-06f5698ffbd9}'/><EventID>1</EventID><Version>5</Version><Level>4</Level><Task>1</Task><Opcode>0</Opcode><Keywords>0x8000000000000000</Keywords><TimeCreated SystemTime='2020-11-22T08:55:13.7325074Z'/><EventRecordID>9600</EventRecordID><Correlation/><Execution ProcessID='35996' ThreadID='36956'/><Channel>Microsoft-Windows-Sysmon/Operational</Channel><Computer>DESKTOP-OD0Q7OR</Computer><Security UserID='S-1-5-18'/></System><EventData><Data Name='RuleName'>-</Data><Data Name='UtcTime'>2020-11-22 08:55:13.729</Data><Data Name='ProcessGuid'>{c9037512-2771-5fba-4b8f-010000000b00}</Data><Data Name='ProcessId'>31072</Data><Data Name='Image'>D:\Anaconda3\python.exe</Data><Data Name='FileVersion'>3.8.3</Data><Data Name='Description'>Python</Data><Data Name='Product'>Python</Data><Data Name='Company'>Python Software Foundation</Data><Data Name='OriginalFileName'>python.exe</Data><Data Name='CommandLine'>D:\Anaconda3\python.exe "D:\PyCharm Community Edition 2020.2.3\plugins\python-ce\helpers\pycodestyle.py" --max-line-length=120 -</Data><Data Name='CurrentDirectory'>D:\Anaconda3\</Data><Data Name='User'>DESKTOP-OD0Q7OR\dayou</Data><Data Name='LogonGuid'>{c9037512-8161-5fb8-7198-7d2b00000000}</Data><Data Name='LogonId'>0x2b7d9871</Data><Data Name='TerminalSessionId'>10</Data><Data Name='IntegrityLevel'>High</Data><Data Name='Hashes'>SHA1=50AD162464BC1F9302972AA2331A658BF5CC470F</Data><Data Name='ParentProcessGuid'>{c9037512-2528-5fba-008d-010000000b00}</Data><Data Name='ParentProcessId'>38188</Data><Data Name='ParentImage'>D:\PyCharm Community Edition 2020.2.3\bin\pycharm64.exe</Data><Data Name='ParentCommandLine'>"D:\PyCharm Community Edition 2020.2.3\bin\pycharm64.exe" </Data></EventData></Event>
<Event xmlns='http://schemas.microsoft.com/win/2004/08/events/event'><System><Provider Name='Microsoft-Windows-Sysmon' Guid='{5770385f-c22a-43e0-bf4c-06f5698ffbd9}'/><EventID>1</EventID><Version>5</Version><Level>4</Level><Task>1</Task><Opcode>0</Opcode><Keywords>0x8000000000000000</Keywords><TimeCreated SystemTime='2020-11-22T08:55:13.7418522Z'/><EventRecordID>9601</EventRecordID><Correlation/><Execution ProcessID='35996' ThreadID='36956'/><Channel>Microsoft-Windows-Sysmon/Operational</Channel><Computer>DESKTOP-OD0Q7OR</Computer><Security UserID='S-1-5-18'/></System><EventData><Data Name='RuleName'>-</Data><Data Name='UtcTime'>2020-11-22 08:55:13.739</Data><Data Name='ProcessGuid'>{c9037512-2771-5fba-4c8f-010000000b00}</Data><Data Name='ProcessId'>34256</Data><Data Name='Image'>C:\Windows\System32\conhost.exe</Data><Data Name='FileVersion'>10.0.19041.546 (WinBuild.160101.0800)</Data><Data Name='Description'>Console Window Host</Data><Data Name='Product'>Microsoft® Windows® Operating System</Data><Data Name='Company'>Microsoft Corporation</Data><Data Name='OriginalFileName'>CONHOST.EXE</Data><Data Name='CommandLine'>\??\C:\WINDOWS\system32\conhost.exe 0xffffffff -ForceV1</Data><Data Name='CurrentDirectory'>C:\WINDOWS</Data><Data Name='User'>DESKTOP-OD0Q7OR\dayou</Data><Data Name='LogonGuid'>{c9037512-8161-5fb8-7198-7d2b00000000}</Data><Data Name='LogonId'>0x2b7d9871</Data><Data Name='TerminalSessionId'>10</Data><Data Name='IntegrityLevel'>High</Data><Data Name='Hashes'>SHA1=A1E4B2CC40A39BF64012D1411F92B12D1F9791E8</Data><Data Name='ParentProcessGuid'>{c9037512-2771-5fba-4b8f-010000000b00}</Data><Data Name='ParentProcessId'>31072</Data><Data Name='ParentImage'>D:\Anaconda3\python.exe</Data><Data Name='ParentCommandLine'>D:\Anaconda3\python.exe "D:\PyCharm Community Edition 2020.2.3\plugins\python-ce\helpers\pycodestyle.py" --max-line-length=120 -</Data></EventData></Event>
<Event xmlns='http://schemas.microsoft.com/win/2004/08/events/event'><System><Provider Name='Microsoft-Windows-Sysmon' Guid='{5770385f-c22a-43e0-bf4c-06f5698ffbd9}'/><EventID>5</EventID><Version>3</Version><Level>4</Level><Task>5</Task><Opcode>0</Opcode><Keywords>0x8000000000000000</Keywords><TimeCreated SystemTime='2020-11-22T08:55:13.8660116Z'/><EventRecordID>9602</EventRecordID><Correlation/><Execution ProcessID='35996' ThreadID='36956'/><Channel>Microsoft-Windows-Sysmon/Operational</Channel><Computer>DESKTOP-OD0Q7OR</Computer><Security UserID='S-1-5-18'/></System><EventData><Data Name='RuleName'>-</Data><Data Name='UtcTime'>2020-11-22 08:55:13.865</Data><Data Name='ProcessGuid'>{c9037512-2771-5fba-4b8f-010000000b00}</Data><Data Name='ProcessId'>31072</Data><Data Name='Image'>D:\Anaconda3\python.exe</Data></EventData></Event>
<Event xmlns='http://schemas.microsoft.com/win/2004/08/events/event'><System><Provider Name='Microsoft-Windows-Sysmon' Guid='{5770385f-c22a-43e0-bf4c-06f5698ffbd9}'/><EventID>5</EventID><Version>3</Version><Level>4</Level><Task>5</Task><Opcode>0</Opcode><Keywords>0x8000000000000000</Keywords><TimeCreated SystemTime='2020-11-22T08:55:13.8687389Z'/><EventRecordID>9603</EventRecordID><Correlation/><Execution ProcessID='35996' ThreadID='36956'/><Channel>Microsoft-Windows-Sysmon/Operational</Channel><Computer>DESKTOP-OD0Q7OR</Computer><Security UserID='S-1-5-18'/></System><EventData><Data Name='RuleName'>-</Data><Data Name='UtcTime'>2020-11-22 08:55:13.868</Data><Data Name='ProcessGuid'>{c9037512-2771-5fba-4c8f-010000000b00}</Data><Data Name='ProcessId'>34256</Data><Data Name='Image'>C:\Windows\System32\conhost.exe</Data></EventData></Event>
<Event xmlns='http://schemas.microsoft.com/win/2004/08/events/event'><System><Provider Name='Microsoft-Windows-Sysmon' Guid='{5770385f-c22a-43e0-bf4c-06f5698ffbd9}'/><EventID>5</EventID><Version>3</Version><Level>4</Level><Task>5</Task><Opcode>0</Opcode><Keywords>0x8000000000000000</Keywords><TimeCreated SystemTime='2020-11-22T08:55:14.8836434Z'/><EventRecordID>9604</EventRecordID><Correlation/><Execution ProcessID='35996' ThreadID='36956'/><Channel>Microsoft-Windows-Sysmon/Operational</Channel><Computer>DESKTOP-OD0Q7OR</Computer><Security UserID='S-1-5-18'/></System><EventData><Data Name='RuleName'>-</Data><Data Name='UtcTime'>2020-11-22 08:55:14.883</Data><Data Name='ProcessGuid'>{c9037512-276e-5fba-428f-010000000b00}</Data><Data Name='ProcessId'>35428</Data><Data Name='Image'>D:\케이쉴드주니어\python\FindWally\program\volatility\vol_2.6.exe</Data></EventData></Event>
<Event xmlns='http://schemas.microsoft.com/win/2004/08/events/event'><System><Provider Name='Microsoft-Windows-Sysmon' Guid='{5770385f-c22a-43e0-bf4c-06f5698ffbd9}'/><EventID>5</EventID><Version>3</Version><Level>4</Level><Task>5</Task><Opcode>0</Opcode><Keywords>0x8000000000000000</Keywords><TimeCreated SystemTime='2020-11-22T08:55:15.0490752Z'/><EventRecordID>9605</EventRecordID><Correlation/><Execution ProcessID='35996' ThreadID='36956'/><Channel>Microsoft-Windows-Sysmon/Operational</Channel><Computer>DESKTOP-OD0Q7OR</Computer><Security UserID='S-1-5-18'/></System><EventData><Data Name='RuleName'>-</Data><Data Name='UtcTime'>2020-11-22 08:55:15.048</Data><Data Name='ProcessGuid'>{c9037512-276d-5fba-418f-010000000b00}</Data><Data Name='ProcessId'>4844</Data><Data Name='Image'>D:\케이쉴드주니어\python\FindWally\program\volatility\vol_2.6.exe</Data></EventData></Event>
<Event xmlns='http://schemas.microsoft.com/win/2004/08/events/event'><System><Provider Name='Microsoft-Windows-Sysmon' Guid='{5770385f-c22a-43e0-bf4c-06f5698ffbd9}'/><EventID>1</EventID><Version>5</Version><Level>4</Level><Task>1</Task><Opcode>0</Opcode><Keywords>0x8000000000000000</Keywords><TimeCreated SystemTime='2020-11-22T08:55:15.0593268Z'/><EventRecordID>9606</EventRecordID><Correlation/><Execution ProcessID='35996' ThreadID='36956'/><Channel>Microsoft-Windows-Sysmon/Operational</Channel><Computer>DESKTOP-OD0Q7OR</Computer><Security UserID='S-1-5-18'/></System><EventData><Data Name='RuleName'>-</Data><Data Name='UtcTime'>2020-11-22 08:55:15.057</Data><Data Name='ProcessGuid'>{c9037512-2773-5fba-4d8f-010000000b00}</Data><Data Name='ProcessId'>39640</Data><Data Name='Image'>D:\케이쉴드주니어\python\FindWally\program\volatility\vol_2.6.exe</Data><Data Name='FileVersion'>-</Data><Data Name='Description'>-</Data><Data Name='Product'>-</Data><Data Name='Company'>-</Data><Data Name='OriginalFileName'>-</Data><Data Name='CommandLine'>vol_2.6.exe -f WIN-UDBRDQCHDVH-20201114-073411.raw --profile=Win7SP1x64 psxview</Data><Data Name='CurrentDirectory'>D:\케이쉴드주니어\python\FindWally\program\volatility\</Data><Data Name='User'>DESKTOP-OD0Q7OR\dayou</Data><Data Name='LogonGuid'>{c9037512-8161-5fb8-7198-7d2b00000000}</Data><Data Name='LogonId'>0x2b7d9871</Data><Data Name='TerminalSessionId'>10</Data><Data Name='IntegrityLevel'>High</Data><Data Name='Hashes'>SHA1=AE08F33AB8B4E4D452FD44B0D42645475DE62218</Data><Data Name='ParentProcessGuid'>{c9037512-26a2-5fba-be8e-010000000b00}</Data><Data Name='ParentProcessId'>39444</Data><Data Name='ParentImage'>D:\Anaconda3\python.exe</Data><Data Name='ParentCommandLine'>"D:\Anaconda3\python.exe" "-c" "from multiprocessing.spawn import spawn_main; spawn_main(parent_pid=11048, pipe_handle=2476)" "--multiprocessing-fork"</Data></EventData></Event>
<Event xmlns='http://schemas.microsoft.com/win/2004/08/events/event'><System><Provider Name='Microsoft-Windows-Sysmon' Guid='{5770385f-c22a-43e0-bf4c-06f5698ffbd9}'/><EventID>1</EventID><Version>5</Version><Level>4</Level><Task>1</Task><Opcode>0</Opcode><Keywords>0x8000000000000000</Keywords><TimeCreated SystemTime='2020-11-22T08:55:15.9007555Z'/><EventRecordID>9607</EventRecordID><Correlation/><Execution ProcessID='35996' ThreadID='36956'/><Channel>Microsoft-Windows-Sysmon/Operational</Channel><Computer>DESKTOP-OD0Q7OR</Computer><Security UserID='S-1-5-18'/></System><EventData><Data Name='RuleName'>-</Data><Data Name='UtcTime'>2020-11-22 08:55:15.898</Data><Data Name='ProcessGuid'>{c9037512-2773-5fba-4e8f-010000000b00}</Data><Data Name='ProcessId'>35664</Data><Data Name='Image'>D:\케이쉴드주니어\python\FindWally\program\volatility\vol_2.6.exe</Data><Data Name='FileVersion'>-</Data><Data Name='Description'>-</Data><Data Name='Product'>-</Data><Data Name='Company'>-</Data><Data Name='OriginalFileName'>-</Data><Data Name='CommandLine'>vol_2.6.exe -f WIN-UDBRDQCHDVH-20201114-073411.raw --profile=Win7SP1x64 psxview</Data><Data Name='CurrentDirectory'>D:\케이쉴드주니어\python\FindWally\program\volatility\</Data><Data Name='User'>DESKTOP-OD0Q7OR\dayou</Data><Data Name='LogonGuid'>{c9037512-8161-5fb8-7198-7d2b00000000}</Data><Data Name='LogonId'>0x2b7d9871</Data><Data Name='TerminalSessionId'>10</Data><Data Name='IntegrityLevel'>High</Data><Data Name='Hashes'>SHA1=AE08F33AB8B4E4D452FD44B0D42645475DE62218</Data><Data Name='ParentProcessGuid'>{c9037512-2773-5fba-4d8f-010000000b00}</Data><Data Name='ParentProcessId'>39640</Data><Data Name='ParentImage'>D:\케이쉴드주니어\python\FindWally\program\volatility\vol_2.6.exe</Data><Data Name='ParentCommandLine'>vol_2.6.exe -f WIN-UDBRDQCHDVH-20201114-073411.raw --profile=Win7SP1x64 psxview</Data></EventData></Event>
