<Event xmlns='http://schemas.microsoft.com/win/2004/08/events/event'><System><Provider Name='Microsoft-Windows-Sysmon' Guid='{5770385f-c22a-43e0-bf4c-06f5698ffbd9}'/><EventID>1</EventID><Version>5</Version><Level>4</Level><Task>1</Task><Opcode>0</Opcode><Keywords>0x8000000000000000</Keywords><TimeCreated SystemTime='2020-11-22T08:58:40.8782038Z'/><EventRecordID>9674</EventRecordID><Correlation/><Execution ProcessID='35996' ThreadID='36956'/><Channel>Microsoft-Windows-Sysmon/Operational</Channel><Computer>DESKTOP-OD0Q7OR</Computer><Security UserID='S-1-5-18'/></System><EventData><Data Name='RuleName'>-</Data><Data Name='UtcTime'>2020-11-22 08:58:40.875</Data><Data Name='ProcessGuid'>{c9037512-2840-5fba-6f8f-010000000b00}</Data><Data Name='ProcessId'>25048</Data><Data Name='Image'>D:\PyCharm Community Edition 2020.2.3\bin\runnerw64.exe</Data><Data Name='FileVersion'>1.0.0.1</Data><Data Name='Description'>Command line runner</Data><Data Name='Product'>IntelliJ Platform</Data><Data Name='Company'>JetBrains s.r.o.</Data><Data Name='OriginalFileName'>runnerw.exe</Data><Data Name='CommandLine'>"D:\PyCharm Community Edition 2020.2.3\bin\runnerw64.exe" "C:\Program Files\Git\cmd\git.exe" -c credential.helper= -c core.quotepath=false -c log.showSignature=false status --porcelain -z --untracked-files=no --ignored=no -- program/volatility/20201122-175147/Detect_explorer_subprocess_hit_process.json program/volatility/20201122-175147/Result_hit_process.json program/volatility/20201122-175147/Result_hit_registry.json program/volatility/20201122-175147/ldrmodules_hit_process.json program/volatility/20201122-175147/ldrmodules_process_dll.json program/volatility/20201122-175147/netscan_and_psxview_hit_process.json program/volatility/20201122-175147/netscan_hit_process.json program/volatility/20201122-175147/netscan_process.json program/volatility/20201122-175147/psxview_hit_process.json program/volatility/20201122-175147/psxview_process.json program/volatility/20201122-175147/yarascan_hit_process.json program/volatility/json/Detect_explorer_subprocess_hit_process.json program/volatility/json/Dlllist_Syswow64_netscan_yarascan_hit_process.json program/volatility/json/Result_hit_process.json program/volatility/json/hivelist.json program/volatility/json/imageinfo_data.json program/volatility/json/ldrmodules_hit_process.json program/volatility/json/ldrmodules_process_dll.json program/volatility/json/netscan_and_psxview_hit_process.json program/volatility/json/netscan_hit_process.json program/volatility/json/netscan_process.json program/volatility/json/printkey_Run_hit_process_value.json program/volatility/json/printkey_Run_process.json program/volatility/json/printkey_hit_process_subkeys.json program/volatility/json/printkey_software_hit_process_subkeys.json program/volatility/json/pstree.json program/volatility/json/pstree_hit_process_path.json program/volatility/json/psxview_hit_process.json program/volatility/json/psxview_process.json program/volatility/json/sub_pstree.json program/volatility/json/subprocess_powershell_hit_process.json program/volatility/json/yarascan_hit_process.json src/core/Sysmon/ProcessTree/Entry.py src/core/Sysmon/ProcessTree/Node.py src/core/Sysmon/ProcessTree/Process.py src/core/Sysmon/ProcessTree/ProcessTree.py src/core/Sysmon/ProcessTree/ProcessTreeAnalyzer.py src/core/Sysmon/ProcessTree/Xml.py src/core/Sysmon/ProcessTree/__init__.py src/core/Sysmon/Rule/1/rule.json src/core/Sysmon/Rule/1st_filtering/First_filtering.json src/core/Sysmon/Rule/1st_filtering/include_living_of_the_land.xml src/core/Sysmon/Rule/1st_filtering/pars.py src/core/Sysmon/Rule/DetectProcess.py src/core/Sysmon/Rule/Rule.py src/core/Sysmon/Rule/RuleEventIdOneFive.json src/core/Sysmon/Rule/RuleEventIdThree.json src/core/Sysmon/Rule/RuleSet.py src/core/Sysmon/Rule/make_json.py "src/core/Sysmon/Sysmon Set/FW_Sysmon_config.xml" "src/core/Sysmon/Sysmon Set/Sysmon_Event_Collecter.py" src/core/Sysmon/Sysmon_Event_Collecter.py src/core/Sysmon/a.txt src/core/Sysmon/detected/a.txt src/core/Sysmon/event_tmp.xml src/core/Sysmon/main.py src/gui/2020-11-18.xml src/gui/AfterDetectedResultFrame.py src/gui/DefenderLog_frame.py src/gui/EventLogAnalysis_frame.py src/gui/GUI_DefenderLog.py src/gui/GUI_Main.py src/gui/GUI_Main_Merge.py src/gui/GUI_Memory.py src/gui/GUI_Sys.py src/gui/GUI_Sys2.py src/gui/LiveDetectedResultFrame.py src/gui/Main_frame.py src/gui/dict.xml src/gui/sysmon_bySUN.py</Data><Data Name='CurrentDirectory'>D:\케이쉴드주니어\python\FindWally\</Data><Data Name='User'>DESKTOP-OD0Q7OR\dayou</Data><Data Name='LogonGuid'>{c9037512-8161-5fb8-7198-7d2b00000000}</Data><Data Name='LogonId'>0x2b7d9871</Data><Data Name='TerminalSessionId'>10</Data><Data Name='IntegrityLevel'>High</Data><Data Name='Hashes'>SHA1=F613D1D9ED9FCFA8BF3D422512D05250F3F7FF04</Data><Data Name='ParentProcessGuid'>{c9037512-2528-5fba-008d-010000000b00}</Data><Data Name='ParentProcessId'>38188</Data><Data Name='ParentImage'>D:\PyCharm Community Edition 2020.2.3\bin\pycharm64.exe</Data><Data Name='ParentCommandLine'>"D:\PyCharm Community Edition 2020.2.3\bin\pycharm64.exe" </Data></EventData></Event>
<Event xmlns='http://schemas.microsoft.com/win/2004/08/events/event'><System><Provider Name='Microsoft-Windows-Sysmon' Guid='{5770385f-c22a-43e0-bf4c-06f5698ffbd9}'/><EventID>1</EventID><Version>5</Version><Level>4</Level><Task>1</Task><Opcode>0</Opcode><Keywords>0x8000000000000000</Keywords><TimeCreated SystemTime='2020-11-22T08:58:40.8824988Z'/><EventRecordID>9675</EventRecordID><Correlation/><Execution ProcessID='35996' ThreadID='36956'/><Channel>Microsoft-Windows-Sysmon/Operational</Channel><Computer>DESKTOP-OD0Q7OR</Computer><Security UserID='S-1-5-18'/></System><EventData><Data Name='RuleName'>-</Data><Data Name='UtcTime'>2020-11-22 08:58:40.880</Data><Data Name='ProcessGuid'>{c9037512-2840-5fba-708f-010000000b00}</Data><Data Name='ProcessId'>40164</Data><Data Name='Image'>C:\Windows\System32\conhost.exe</Data><Data Name='FileVersion'>10.0.19041.546 (WinBuild.160101.0800)</Data><Data Name='Description'>Console Window Host</Data><Data Name='Product'>Microsoft® Windows® Operating System</Data><Data Name='Company'>Microsoft Corporation</Data><Data Name='OriginalFileName'>CONHOST.EXE</Data><Data Name='CommandLine'>\??\C:\WINDOWS\system32\conhost.exe 0xffffffff -ForceV1</Data><Data Name='CurrentDirectory'>C:\WINDOWS</Data><Data Name='User'>DESKTOP-OD0Q7OR\dayou</Data><Data Name='LogonGuid'>{c9037512-8161-5fb8-7198-7d2b00000000}</Data><Data Name='LogonId'>0x2b7d9871</Data><Data Name='TerminalSessionId'>10</Data><Data Name='IntegrityLevel'>High</Data><Data Name='Hashes'>SHA1=A1E4B2CC40A39BF64012D1411F92B12D1F9791E8</Data><Data Name='ParentProcessGuid'>{c9037512-2840-5fba-6f8f-010000000b00}</Data><Data Name='ParentProcessId'>25048</Data><Data Name='ParentImage'>D:\PyCharm Community Edition 2020.2.3\bin\runnerw64.exe</Data><Data Name='ParentCommandLine'>"D:\PyCharm Community Edition 2020.2.3\bin\runnerw64.exe" "C:\Program Files\Git\cmd\git.exe" -c credential.helper= -c core.quotepath=false -c log.showSignature=false status --porcelain -z --untracked-files=no --ignored=no -- program/volatility/20201122-175147/Detect_explorer_subprocess_hit_process.json program/volatility/20201122-175147/Result_hit_process.json program/volatility/20201122-175147/Result_hit_registry.json program/volatility/20201122-175147/ldrmodules_hit_process.json program/volatility/20201122-175147/ldrmodules_process_dll.json program/volatility/20201122-175147/netscan_and_psxview_hit_process.json program/volatility/20201122-175147/netscan_hit_process.json program/volatility/20201122-175147/netscan_process.json program/volatility/20201122-175147/psxview_hit_process.json program/volatility/20201122-175147/psxview_process.json program/volatility/20201122-175147/yarascan_hit_process.json program/volatility/json/Detect_explorer_subprocess_hit_process.json program/volatility/json/Dlllist_Syswow64_netscan_yarascan_hit_process.json program/volatility/json/Result_hit_process.json program/volatility/json/hivelist.json program/volatility/json/imageinfo_data.json program/volatility/json/ldrmodules_hit_process.json program/volatility/json/ldrmodules_process_dll.json program/volatility/json/netscan_and_psxview_hit_process.json program/volatility/json/netscan_hit_process.json program/volatility/json/netscan_process.json program/volatility/json/printkey_Run_hit_process_value.json program/volatility/json/printkey_Run_process.json program/volatility/json/printkey_hit_process_subkeys.json program/volatility/json/printkey_software_hit_process_subkeys.json program/volatility/json/pstree.json program/volatility/json/pstree_hit_process_path.json program/volatility/json/psxview_hit_process.json program/volatility/json/psxview_process.json program/volatility/json/sub_pstree.json program/volatility/json/subprocess_powershell_hit_process.json program/volatility/json/yarascan_hit_process.json src/core/Sysmon/ProcessTree/Entry.py src/core/Sysmon/ProcessTree/Node.py src/core/Sysmon/ProcessTree/Process.py src/core/Sysmon/ProcessTree/ProcessTree.py src/core/Sysmon/ProcessTree/ProcessTreeAnalyzer.py src/core/Sysmon/ProcessTree/Xml.py src/core/Sysmon/ProcessTree/__init__.py src/core/Sysmon/Rule/1/rule.json src/core/Sysmon/Rule/1st_filtering/First_filtering.json src/core/Sysmon/Rule/1st_filtering/include_living_of_the_land.xml src/core/Sysmon/Rule/1st_filtering/pars.py src/core/Sysmon/Rule/DetectProcess.py src/core/Sysmon/Rule/Rule.py src/core/Sysmon/Rule/RuleEventIdOneFive.json src/core/Sysmon/Rule/RuleEventIdThree.json src/core/Sysmon/Rule/RuleSet.py src/core/Sysmon/Rule/make_json.py "src/core/Sysmon/Sysmon Set/FW_Sysmon_config.xml" "src/core/Sysmon/Sysmon Set/Sysmon_Event_Collecter.py" src/core/Sysmon/Sysmon_Event_Collecter.py src/core/Sysmon/a.txt src/core/Sysmon/detected/a.txt src/core/Sysmon/event_tmp.xml src/core/Sysmon/main.py src/gui/2020-11-18.xml src/gui/AfterDetectedResultFrame.py src/gui/DefenderLog_frame.py src/gui/EventLogAnalysis_frame.py src/gui/GUI_DefenderLog.py src/gui/GUI_Main.py src/gui/GUI_Main_Merge.py src/gui/GUI_Memory.py src/gui/GUI_Sys.py src/gui/GUI_Sys2.py src/gui/LiveDetectedResultFrame.py src/gui/Main_frame.py src/gui/dict.xml src/gui/sysmon_bySUN.py</Data></EventData></Event>
<Event xmlns='http://schemas.microsoft.com/win/2004/08/events/event'><System><Provider Name='Microsoft-Windows-Sysmon' Guid='{5770385f-c22a-43e0-bf4c-06f5698ffbd9}'/><EventID>1</EventID><Version>5</Version><Level>4</Level><Task>1</Task><Opcode>0</Opcode><Keywords>0x8000000000000000</Keywords><TimeCreated SystemTime='2020-11-22T08:58:40.9059957Z'/><EventRecordID>9676</EventRecordID><Correlation/><Execution ProcessID='35996' ThreadID='36956'/><Channel>Microsoft-Windows-Sysmon/Operational</Channel><Computer>DESKTOP-OD0Q7OR</Computer><Security UserID='S-1-5-18'/></System><EventData><Data Name='RuleName'>-</Data><Data Name='UtcTime'>2020-11-22 08:58:40.903</Data><Data Name='ProcessGuid'>{c9037512-2840-5fba-718f-010000000b00}</Data><Data Name='ProcessId'>10112</Data><Data Name='Image'>C:\Program Files\Git\cmd\git.exe</Data><Data Name='FileVersion'>-</Data><Data Name='Description'>Git for Windows</Data><Data Name='Product'>Git</Data><Data Name='Company'>The Git Development Community</Data><Data Name='OriginalFileName'>git.exe</Data><Data Name='CommandLine'>"C:\Program Files\Git\cmd\git.exe" -c credential.helper= -c core.quotepath=false -c log.showSignature=false status --porcelain -z --untracked-files=no --ignored=no -- program/volatility/20201122-175147/Detect_explorer_subprocess_hit_process.json program/volatility/20201122-175147/Result_hit_process.json program/volatility/20201122-175147/Result_hit_registry.json program/volatility/20201122-175147/ldrmodules_hit_process.json program/volatility/20201122-175147/ldrmodules_process_dll.json program/volatility/20201122-175147/netscan_and_psxview_hit_process.json program/volatility/20201122-175147/netscan_hit_process.json program/volatility/20201122-175147/netscan_process.json program/volatility/20201122-175147/psxview_hit_process.json program/volatility/20201122-175147/psxview_process.json program/volatility/20201122-175147/yarascan_hit_process.json program/volatility/json/Detect_explorer_subprocess_hit_process.json program/volatility/json/Dlllist_Syswow64_netscan_yarascan_hit_process.json program/volatility/json/Result_hit_process.json program/volatility/json/hivelist.json program/volatility/json/imageinfo_data.json program/volatility/json/ldrmodules_hit_process.json program/volatility/json/ldrmodules_process_dll.json program/volatility/json/netscan_and_psxview_hit_process.json program/volatility/json/netscan_hit_process.json program/volatility/json/netscan_process.json program/volatility/json/printkey_Run_hit_process_value.json program/volatility/json/printkey_Run_process.json program/volatility/json/printkey_hit_process_subkeys.json program/volatility/json/printkey_software_hit_process_subkeys.json program/volatility/json/pstree.json program/volatility/json/pstree_hit_process_path.json program/volatility/json/psxview_hit_process.json program/volatility/json/psxview_process.json program/volatility/json/sub_pstree.json program/volatility/json/subprocess_powershell_hit_process.json program/volatility/json/yarascan_hit_process.json src/core/Sysmon/ProcessTree/Entry.py src/core/Sysmon/ProcessTree/Node.py src/core/Sysmon/ProcessTree/Process.py src/core/Sysmon/ProcessTree/ProcessTree.py src/core/Sysmon/ProcessTree/ProcessTreeAnalyzer.py src/core/Sysmon/ProcessTree/Xml.py src/core/Sysmon/ProcessTree/__init__.py src/core/Sysmon/Rule/1/rule.json src/core/Sysmon/Rule/1st_filtering/First_filtering.json src/core/Sysmon/Rule/1st_filtering/include_living_of_the_land.xml src/core/Sysmon/Rule/1st_filtering/pars.py src/core/Sysmon/Rule/DetectProcess.py src/core/Sysmon/Rule/Rule.py src/core/Sysmon/Rule/RuleEventIdOneFive.json src/core/Sysmon/Rule/RuleEventIdThree.json src/core/Sysmon/Rule/RuleSet.py src/core/Sysmon/Rule/make_json.py "src/core/Sysmon/Sysmon Set/FW_Sysmon_config.xml" "src/core/Sysmon/Sysmon Set/Sysmon_Event_Collecter.py" src/core/Sysmon/Sysmon_Event_Collecter.py src/core/Sysmon/a.txt src/core/Sysmon/detected/a.txt src/core/Sysmon/event_tmp.xml src/core/Sysmon/main.py src/gui/2020-11-18.xml src/gui/AfterDetectedResultFrame.py src/gui/DefenderLog_frame.py src/gui/EventLogAnalysis_frame.py src/gui/GUI_DefenderLog.py src/gui/GUI_Main.py src/gui/GUI_Main_Merge.py src/gui/GUI_Memory.py src/gui/GUI_Sys.py src/gui/GUI_Sys2.py src/gui/LiveDetectedResultFrame.py src/gui/Main_frame.py src/gui/dict.xml src/gui/sysmon_bySUN.py</Data><Data Name='CurrentDirectory'>D:\케이쉴드주니어\python\FindWally\</Data><Data Name='User'>DESKTOP-OD0Q7OR\dayou</Data><Data Name='LogonGuid'>{c9037512-8161-5fb8-7198-7d2b00000000}</Data><Data Name='LogonId'>0x2b7d9871</Data><Data Name='TerminalSessionId'>10</Data><Data Name='IntegrityLevel'>High</Data><Data Name='Hashes'>SHA1=6A306F8BCEC852018CA937EE85BA02F5D2E6EEAA</Data><Data Name='ParentProcessGuid'>{c9037512-2840-5fba-6f8f-010000000b00}</Data><Data Name='ParentProcessId'>25048</Data><Data Name='ParentImage'>D:\PyCharm Community Edition 2020.2.3\bin\runnerw64.exe</Data><Data Name='ParentCommandLine'>"D:\PyCharm Community Edition 2020.2.3\bin\runnerw64.exe" "C:\Program Files\Git\cmd\git.exe" -c credential.helper= -c core.quotepath=false -c log.showSignature=false status --porcelain -z --untracked-files=no --ignored=no -- program/volatility/20201122-175147/Detect_explorer_subprocess_hit_process.json program/volatility/20201122-175147/Result_hit_process.json program/volatility/20201122-175147/Result_hit_registry.json program/volatility/20201122-175147/ldrmodules_hit_process.json program/volatility/20201122-175147/ldrmodules_process_dll.json program/volatility/20201122-175147/netscan_and_psxview_hit_process.json program/volatility/20201122-175147/netscan_hit_process.json program/volatility/20201122-175147/netscan_process.json program/volatility/20201122-175147/psxview_hit_process.json program/volatility/20201122-175147/psxview_process.json program/volatility/20201122-175147/yarascan_hit_process.json program/volatility/json/Detect_explorer_subprocess_hit_process.json program/volatility/json/Dlllist_Syswow64_netscan_yarascan_hit_process.json program/volatility/json/Result_hit_process.json program/volatility/json/hivelist.json program/volatility/json/imageinfo_data.json program/volatility/json/ldrmodules_hit_process.json program/volatility/json/ldrmodules_process_dll.json program/volatility/json/netscan_and_psxview_hit_process.json program/volatility/json/netscan_hit_process.json program/volatility/json/netscan_process.json program/volatility/json/printkey_Run_hit_process_value.json program/volatility/json/printkey_Run_process.json program/volatility/json/printkey_hit_process_subkeys.json program/volatility/json/printkey_software_hit_process_subkeys.json program/volatility/json/pstree.json program/volatility/json/pstree_hit_process_path.json program/volatility/json/psxview_hit_process.json program/volatility/json/psxview_process.json program/volatility/json/sub_pstree.json program/volatility/json/subprocess_powershell_hit_process.json program/volatility/json/yarascan_hit_process.json src/core/Sysmon/ProcessTree/Entry.py src/core/Sysmon/ProcessTree/Node.py src/core/Sysmon/ProcessTree/Process.py src/core/Sysmon/ProcessTree/ProcessTree.py src/core/Sysmon/ProcessTree/ProcessTreeAnalyzer.py src/core/Sysmon/ProcessTree/Xml.py src/core/Sysmon/ProcessTree/__init__.py src/core/Sysmon/Rule/1/rule.json src/core/Sysmon/Rule/1st_filtering/First_filtering.json src/core/Sysmon/Rule/1st_filtering/include_living_of_the_land.xml src/core/Sysmon/Rule/1st_filtering/pars.py src/core/Sysmon/Rule/DetectProcess.py src/core/Sysmon/Rule/Rule.py src/core/Sysmon/Rule/RuleEventIdOneFive.json src/core/Sysmon/Rule/RuleEventIdThree.json src/core/Sysmon/Rule/RuleSet.py src/core/Sysmon/Rule/make_json.py "src/core/Sysmon/Sysmon Set/FW_Sysmon_config.xml" "src/core/Sysmon/Sysmon Set/Sysmon_Event_Collecter.py" src/core/Sysmon/Sysmon_Event_Collecter.py src/core/Sysmon/a.txt src/core/Sysmon/detected/a.txt src/core/Sysmon/event_tmp.xml src/core/Sysmon/main.py src/gui/2020-11-18.xml src/gui/AfterDetectedResultFrame.py src/gui/DefenderLog_frame.py src/gui/EventLogAnalysis_frame.py src/gui/GUI_DefenderLog.py src/gui/GUI_Main.py src/gui/GUI_Main_Merge.py src/gui/GUI_Memory.py src/gui/GUI_Sys.py src/gui/GUI_Sys2.py src/gui/LiveDetectedResultFrame.py src/gui/Main_frame.py src/gui/dict.xml src/gui/sysmon_bySUN.py</Data></EventData></Event>
<Event xmlns='http://schemas.microsoft.com/win/2004/08/events/event'><System><Provider Name='Microsoft-Windows-Sysmon' Guid='{5770385f-c22a-43e0-bf4c-06f5698ffbd9}'/><EventID>1</EventID><Version>5</Version><Level>4</Level><Task>1</Task><Opcode>0</Opcode><Keywords>0x8000000000000000</Keywords><TimeCreated SystemTime='2020-11-22T08:58:40.9156226Z'/><EventRecordID>9677</EventRecordID><Correlation/><Execution ProcessID='35996' ThreadID='36956'/><Channel>Microsoft-Windows-Sysmon/Operational</Channel><Computer>DESKTOP-OD0Q7OR</Computer><Security UserID='S-1-5-18'/></System><EventData><Data Name='RuleName'>-</Data><Data Name='UtcTime'>2020-11-22 08:58:40.913</Data><Data Name='ProcessGuid'>{c9037512-2840-5fba-728f-010000000b00}</Data><Data Name='ProcessId'>20016</Data><Data Name='Image'>C:\Program Files\Git\mingw64\bin\git.exe</Data><Data Name='FileVersion'>-</Data><Data Name='Description'>Git for Windows</Data><Data Name='Product'>Git</Data><Data Name='Company'>The Git Development Community</Data><Data Name='OriginalFileName'>git.exe</Data><Data Name='CommandLine'>git.exe -c credential.helper= -c core.quotepath=false -c log.showSignature=false status --porcelain -z --untracked-files=no --ignored=no -- program/volatility/20201122-175147/Detect_explorer_subprocess_hit_process.json program/volatility/20201122-175147/Result_hit_process.json program/volatility/20201122-175147/Result_hit_registry.json program/volatility/20201122-175147/ldrmodules_hit_process.json program/volatility/20201122-175147/ldrmodules_process_dll.json program/volatility/20201122-175147/netscan_and_psxview_hit_process.json program/volatility/20201122-175147/netscan_hit_process.json program/volatility/20201122-175147/netscan_process.json program/volatility/20201122-175147/psxview_hit_process.json program/volatility/20201122-175147/psxview_process.json program/volatility/20201122-175147/yarascan_hit_process.json program/volatility/json/Detect_explorer_subprocess_hit_process.json program/volatility/json/Dlllist_Syswow64_netscan_yarascan_hit_process.json program/volatility/json/Result_hit_process.json program/volatility/json/hivelist.json program/volatility/json/imageinfo_data.json program/volatility/json/ldrmodules_hit_process.json program/volatility/json/ldrmodules_process_dll.json program/volatility/json/netscan_and_psxview_hit_process.json program/volatility/json/netscan_hit_process.json program/volatility/json/netscan_process.json program/volatility/json/printkey_Run_hit_process_value.json program/volatility/json/printkey_Run_process.json program/volatility/json/printkey_hit_process_subkeys.json program/volatility/json/printkey_software_hit_process_subkeys.json program/volatility/json/pstree.json program/volatility/json/pstree_hit_process_path.json program/volatility/json/psxview_hit_process.json program/volatility/json/psxview_process.json program/volatility/json/sub_pstree.json program/volatility/json/subprocess_powershell_hit_process.json program/volatility/json/yarascan_hit_process.json src/core/Sysmon/ProcessTree/Entry.py src/core/Sysmon/ProcessTree/Node.py src/core/Sysmon/ProcessTree/Process.py src/core/Sysmon/ProcessTree/ProcessTree.py src/core/Sysmon/ProcessTree/ProcessTreeAnalyzer.py src/core/Sysmon/ProcessTree/Xml.py src/core/Sysmon/ProcessTree/__init__.py src/core/Sysmon/Rule/1/rule.json src/core/Sysmon/Rule/1st_filtering/First_filtering.json src/core/Sysmon/Rule/1st_filtering/include_living_of_the_land.xml src/core/Sysmon/Rule/1st_filtering/pars.py src/core/Sysmon/Rule/DetectProcess.py src/core/Sysmon/Rule/Rule.py src/core/Sysmon/Rule/RuleEventIdOneFive.json src/core/Sysmon/Rule/RuleEventIdThree.json src/core/Sysmon/Rule/RuleSet.py src/core/Sysmon/Rule/make_json.py "src/core/Sysmon/Sysmon Set/FW_Sysmon_config.xml" "src/core/Sysmon/Sysmon Set/Sysmon_Event_Collecter.py" src/core/Sysmon/Sysmon_Event_Collecter.py src/core/Sysmon/a.txt src/core/Sysmon/detected/a.txt src/core/Sysmon/event_tmp.xml src/core/Sysmon/main.py src/gui/2020-11-18.xml src/gui/AfterDetectedResultFrame.py src/gui/DefenderLog_frame.py src/gui/EventLogAnalysis_frame.py src/gui/GUI_DefenderLog.py src/gui/GUI_Main.py src/gui/GUI_Main_Merge.py src/gui/GUI_Memory.py src/gui/GUI_Sys.py src/gui/GUI_Sys2.py src/gui/LiveDetectedResultFrame.py src/gui/Main_frame.py src/gui/dict.xml src/gui/sysmon_bySUN.py</Data><Data Name='CurrentDirectory'>D:\케이쉴드주니어\python\FindWally\</Data><Data Name='User'>DESKTOP-OD0Q7OR\dayou</Data><Data Name='LogonGuid'>{c9037512-8161-5fb8-7198-7d2b00000000}</Data><Data Name='LogonId'>0x2b7d9871</Data><Data Name='TerminalSessionId'>10</Data><Data Name='IntegrityLevel'>High</Data><Data Name='Hashes'>SHA1=EDAF69E61745592959809441297208E1C3F7E7AF</Data><Data Name='ParentProcessGuid'>{c9037512-2840-5fba-718f-010000000b00}</Data><Data Name='ParentProcessId'>10112</Data><Data Name='ParentImage'>C:\Program Files\Git\cmd\git.exe</Data><Data Name='ParentCommandLine'>"C:\Program Files\Git\cmd\git.exe" -c credential.helper= -c core.quotepath=false -c log.showSignature=false status --porcelain -z --untracked-files=no --ignored=no -- program/volatility/20201122-175147/Detect_explorer_subprocess_hit_process.json program/volatility/20201122-175147/Result_hit_process.json program/volatility/20201122-175147/Result_hit_registry.json program/volatility/20201122-175147/ldrmodules_hit_process.json program/volatility/20201122-175147/ldrmodules_process_dll.json program/volatility/20201122-175147/netscan_and_psxview_hit_process.json program/volatility/20201122-175147/netscan_hit_process.json program/volatility/20201122-175147/netscan_process.json program/volatility/20201122-175147/psxview_hit_process.json program/volatility/20201122-175147/psxview_process.json program/volatility/20201122-175147/yarascan_hit_process.json program/volatility/json/Detect_explorer_subprocess_hit_process.json program/volatility/json/Dlllist_Syswow64_netscan_yarascan_hit_process.json program/volatility/json/Result_hit_process.json program/volatility/json/hivelist.json program/volatility/json/imageinfo_data.json program/volatility/json/ldrmodules_hit_process.json program/volatility/json/ldrmodules_process_dll.json program/volatility/json/netscan_and_psxview_hit_process.json program/volatility/json/netscan_hit_process.json program/volatility/json/netscan_process.json program/volatility/json/printkey_Run_hit_process_value.json program/volatility/json/printkey_Run_process.json program/volatility/json/printkey_hit_process_subkeys.json program/volatility/json/printkey_software_hit_process_subkeys.json program/volatility/json/pstree.json program/volatility/json/pstree_hit_process_path.json program/volatility/json/psxview_hit_process.json program/volatility/json/psxview_process.json program/volatility/json/sub_pstree.json program/volatility/json/subprocess_powershell_hit_process.json program/volatility/json/yarascan_hit_process.json src/core/Sysmon/ProcessTree/Entry.py src/core/Sysmon/ProcessTree/Node.py src/core/Sysmon/ProcessTree/Process.py src/core/Sysmon/ProcessTree/ProcessTree.py src/core/Sysmon/ProcessTree/ProcessTreeAnalyzer.py src/core/Sysmon/ProcessTree/Xml.py src/core/Sysmon/ProcessTree/__init__.py src/core/Sysmon/Rule/1/rule.json src/core/Sysmon/Rule/1st_filtering/First_filtering.json src/core/Sysmon/Rule/1st_filtering/include_living_of_the_land.xml src/core/Sysmon/Rule/1st_filtering/pars.py src/core/Sysmon/Rule/DetectProcess.py src/core/Sysmon/Rule/Rule.py src/core/Sysmon/Rule/RuleEventIdOneFive.json src/core/Sysmon/Rule/RuleEventIdThree.json src/core/Sysmon/Rule/RuleSet.py src/core/Sysmon/Rule/make_json.py "src/core/Sysmon/Sysmon Set/FW_Sysmon_config.xml" "src/core/Sysmon/Sysmon Set/Sysmon_Event_Collecter.py" src/core/Sysmon/Sysmon_Event_Collecter.py src/core/Sysmon/a.txt src/core/Sysmon/detected/a.txt src/core/Sysmon/event_tmp.xml src/core/Sysmon/main.py src/gui/2020-11-18.xml src/gui/AfterDetectedResultFrame.py src/gui/DefenderLog_frame.py src/gui/EventLogAnalysis_frame.py src/gui/GUI_DefenderLog.py src/gui/GUI_Main.py src/gui/GUI_Main_Merge.py src/gui/GUI_Memory.py src/gui/GUI_Sys.py src/gui/GUI_Sys2.py src/gui/LiveDetectedResultFrame.py src/gui/Main_frame.py src/gui/dict.xml src/gui/sysmon_bySUN.py</Data></EventData></Event>
<Event xmlns='http://schemas.microsoft.com/win/2004/08/events/event'><System><Provider Name='Microsoft-Windows-Sysmon' Guid='{5770385f-c22a-43e0-bf4c-06f5698ffbd9}'/><EventID>5</EventID><Version>3</Version><Level>4</Level><Task>5</Task><Opcode>0</Opcode><Keywords>0x8000000000000000</Keywords><TimeCreated SystemTime='2020-11-22T08:58:40.9412128Z'/><EventRecordID>9678</EventRecordID><Correlation/><Execution ProcessID='35996' ThreadID='36956'/><Channel>Microsoft-Windows-Sysmon/Operational</Channel><Computer>DESKTOP-OD0Q7OR</Computer><Security UserID='S-1-5-18'/></System><EventData><Data Name='RuleName'>-</Data><Data Name='UtcTime'>2020-11-22 08:58:40.940</Data><Data Name='ProcessGuid'>{c9037512-2840-5fba-728f-010000000b00}</Data><Data Name='ProcessId'>20016</Data><Data Name='Image'>C:\Program Files\Git\mingw64\bin\git.exe</Data></EventData></Event>
<Event xmlns='http://schemas.microsoft.com/win/2004/08/events/event'><System><Provider Name='Microsoft-Windows-Sysmon' Guid='{5770385f-c22a-43e0-bf4c-06f5698ffbd9}'/><EventID>5</EventID><Version>3</Version><Level>4</Level><Task>5</Task><Opcode>0</Opcode><Keywords>0x8000000000000000</Keywords><TimeCreated SystemTime='2020-11-22T08:58:40.9430601Z'/><EventRecordID>9679</EventRecordID><Correlation/><Execution ProcessID='35996' ThreadID='36956'/><Channel>Microsoft-Windows-Sysmon/Operational</Channel><Computer>DESKTOP-OD0Q7OR</Computer><Security UserID='S-1-5-18'/></System><EventData><Data Name='RuleName'>-</Data><Data Name='UtcTime'>2020-11-22 08:58:40.942</Data><Data Name='ProcessGuid'>{c9037512-2840-5fba-718f-010000000b00}</Data><Data Name='ProcessId'>10112</Data><Data Name='Image'>C:\Program Files\Git\cmd\git.exe</Data></EventData></Event>
<Event xmlns='http://schemas.microsoft.com/win/2004/08/events/event'><System><Provider Name='Microsoft-Windows-Sysmon' Guid='{5770385f-c22a-43e0-bf4c-06f5698ffbd9}'/><EventID>5</EventID><Version>3</Version><Level>4</Level><Task>5</Task><Opcode>0</Opcode><Keywords>0x8000000000000000</Keywords><TimeCreated SystemTime='2020-11-22T08:58:40.9450561Z'/><EventRecordID>9680</EventRecordID><Correlation/><Execution ProcessID='35996' ThreadID='36956'/><Channel>Microsoft-Windows-Sysmon/Operational</Channel><Computer>DESKTOP-OD0Q7OR</Computer><Security UserID='S-1-5-18'/></System><EventData><Data Name='RuleName'>-</Data><Data Name='UtcTime'>2020-11-22 08:58:40.944</Data><Data Name='ProcessGuid'>{c9037512-2840-5fba-6f8f-010000000b00}</Data><Data Name='ProcessId'>25048</Data><Data Name='Image'>D:\PyCharm Community Edition 2020.2.3\bin\runnerw64.exe</Data></EventData></Event>
<Event xmlns='http://schemas.microsoft.com/win/2004/08/events/event'><System><Provider Name='Microsoft-Windows-Sysmon' Guid='{5770385f-c22a-43e0-bf4c-06f5698ffbd9}'/><EventID>5</EventID><Version>3</Version><Level>4</Level><Task>5</Task><Opcode>0</Opcode><Keywords>0x8000000000000000</Keywords><TimeCreated SystemTime='2020-11-22T08:58:40.9458744Z'/><EventRecordID>9681</EventRecordID><Correlation/><Execution ProcessID='35996' ThreadID='36956'/><Channel>Microsoft-Windows-Sysmon/Operational</Channel><Computer>DESKTOP-OD0Q7OR</Computer><Security UserID='S-1-5-18'/></System><EventData><Data Name='RuleName'>-</Data><Data Name='UtcTime'>2020-11-22 08:58:40.944</Data><Data Name='ProcessGuid'>{c9037512-2840-5fba-708f-010000000b00}</Data><Data Name='ProcessId'>40164</Data><Data Name='Image'>C:\Windows\System32\conhost.exe</Data></EventData></Event>
<Event xmlns='http://schemas.microsoft.com/win/2004/08/events/event'><System><Provider Name='Microsoft-Windows-Sysmon' Guid='{5770385f-c22a-43e0-bf4c-06f5698ffbd9}'/><EventID>1</EventID><Version>5</Version><Level>4</Level><Task>1</Task><Opcode>0</Opcode><Keywords>0x8000000000000000</Keywords><TimeCreated SystemTime='2020-11-22T08:58:40.9544215Z'/><EventRecordID>9682</EventRecordID><Correlation/><Execution ProcessID='35996' ThreadID='36956'/><Channel>Microsoft-Windows-Sysmon/Operational</Channel><Computer>DESKTOP-OD0Q7OR</Computer><Security UserID='S-1-5-18'/></System><EventData><Data Name='RuleName'>-</Data><Data Name='UtcTime'>2020-11-22 08:58:40.952</Data><Data Name='ProcessGuid'>{c9037512-2840-5fba-738f-010000000b00}</Data><Data Name='ProcessId'>40084</Data><Data Name='Image'>D:\PyCharm Community Edition 2020.2.3\bin\runnerw64.exe</Data><Data Name='FileVersion'>1.0.0.1</Data><Data Name='Description'>Command line runner</Data><Data Name='Product'>IntelliJ Platform</Data><Data Name='Company'>JetBrains s.r.o.</Data><Data Name='OriginalFileName'>runnerw.exe</Data><Data Name='CommandLine'>"D:\PyCharm Community Edition 2020.2.3\bin\runnerw64.exe" "C:\Program Files\Git\cmd\git.exe" -c credential.helper= -c core.quotepath=false -c log.showSignature=false ls-files --exclude-standard --others -z -- program/volatility/20201122-175147/Detect_explorer_subprocess_hit_process.json program/volatility/20201122-175147/ldrmodules_hit_process.json program/volatility/20201122-175147/ldrmodules_process_dll.json program/volatility/20201122-175147/psxview_hit_process.json program/volatility/20201122-175147/Result_hit_registry.json program/volatility/20201122-175147/psxview_process.json program/volatility/20201122-175147/netscan_process.json program/volatility/20201122-175147/netscan_and_psxview_hit_process.json program/volatility/20201122-175147/netscan_hit_process.json program/volatility/20201122-175147/Result_hit_process.json program/volatility/20201122-175147/yarascan_hit_process.json</Data><Data Name='CurrentDirectory'>D:\케이쉴드주니어\python\FindWally\</Data><Data Name='User'>DESKTOP-OD0Q7OR\dayou</Data><Data Name='LogonGuid'>{c9037512-8161-5fb8-7198-7d2b00000000}</Data><Data Name='LogonId'>0x2b7d9871</Data><Data Name='TerminalSessionId'>10</Data><Data Name='IntegrityLevel'>High</Data><Data Name='Hashes'>SHA1=F613D1D9ED9FCFA8BF3D422512D05250F3F7FF04</Data><Data Name='ParentProcessGuid'>{c9037512-2528-5fba-008d-010000000b00}</Data><Data Name='ParentProcessId'>38188</Data><Data Name='ParentImage'>D:\PyCharm Community Edition 2020.2.3\bin\pycharm64.exe</Data><Data Name='ParentCommandLine'>"D:\PyCharm Community Edition 2020.2.3\bin\pycharm64.exe" </Data></EventData></Event>
<Event xmlns='http://schemas.microsoft.com/win/2004/08/events/event'><System><Provider Name='Microsoft-Windows-Sysmon' Guid='{5770385f-c22a-43e0-bf4c-06f5698ffbd9}'/><EventID>1</EventID><Version>5</Version><Level>4</Level><Task>1</Task><Opcode>0</Opcode><Keywords>0x8000000000000000</Keywords><TimeCreated SystemTime='2020-11-22T08:58:40.9582079Z'/><EventRecordID>9683</EventRecordID><Correlation/><Execution ProcessID='35996' ThreadID='36956'/><Channel>Microsoft-Windows-Sysmon/Operational</Channel><Computer>DESKTOP-OD0Q7OR</Computer><Security UserID='S-1-5-18'/></System><EventData><Data Name='RuleName'>-</Data><Data Name='UtcTime'>2020-11-22 08:58:40.956</Data><Data Name='ProcessGuid'>{c9037512-2840-5fba-748f-010000000b00}</Data><Data Name='ProcessId'>996</Data><Data Name='Image'>C:\Windows\System32\conhost.exe</Data><Data Name='FileVersion'>10.0.19041.546 (WinBuild.160101.0800)</Data><Data Name='Description'>Console Window Host</Data><Data Name='Product'>Microsoft® Windows® Operating System</Data><Data Name='Company'>Microsoft Corporation</Data><Data Name='OriginalFileName'>CONHOST.EXE</Data><Data Name='CommandLine'>\??\C:\WINDOWS\system32\conhost.exe 0xffffffff -ForceV1</Data><Data Name='CurrentDirectory'>C:\WINDOWS</Data><Data Name='User'>DESKTOP-OD0Q7OR\dayou</Data><Data Name='LogonGuid'>{c9037512-8161-5fb8-7198-7d2b00000000}</Data><Data Name='LogonId'>0x2b7d9871</Data><Data Name='TerminalSessionId'>10</Data><Data Name='IntegrityLevel'>High</Data><Data Name='Hashes'>SHA1=A1E4B2CC40A39BF64012D1411F92B12D1F9791E8</Data><Data Name='ParentProcessGuid'>{c9037512-2840-5fba-738f-010000000b00}</Data><Data Name='ParentProcessId'>40084</Data><Data Name='ParentImage'>D:\PyCharm Community Edition 2020.2.3\bin\runnerw64.exe</Data><Data Name='ParentCommandLine'>"D:\PyCharm Community Edition 2020.2.3\bin\runnerw64.exe" "C:\Program Files\Git\cmd\git.exe" -c credential.helper= -c core.quotepath=false -c log.showSignature=false ls-files --exclude-standard --others -z -- program/volatility/20201122-175147/Detect_explorer_subprocess_hit_process.json program/volatility/20201122-175147/ldrmodules_hit_process.json program/volatility/20201122-175147/ldrmodules_process_dll.json program/volatility/20201122-175147/psxview_hit_process.json program/volatility/20201122-175147/Result_hit_registry.json program/volatility/20201122-175147/psxview_process.json program/volatility/20201122-175147/netscan_process.json program/volatility/20201122-175147/netscan_and_psxview_hit_process.json program/volatility/20201122-175147/netscan_hit_process.json program/volatility/20201122-175147/Result_hit_process.json program/volatility/20201122-175147/yarascan_hit_process.json</Data></EventData></Event>
<Event xmlns='http://schemas.microsoft.com/win/2004/08/events/event'><System><Provider Name='Microsoft-Windows-Sysmon' Guid='{5770385f-c22a-43e0-bf4c-06f5698ffbd9}'/><EventID>1</EventID><Version>5</Version><Level>4</Level><Task>1</Task><Opcode>0</Opcode><Keywords>0x8000000000000000</Keywords><TimeCreated SystemTime='2020-11-22T08:58:40.9802969Z'/><EventRecordID>9684</EventRecordID><Correlation/><Execution ProcessID='35996' ThreadID='36956'/><Channel>Microsoft-Windows-Sysmon/Operational</Channel><Computer>DESKTOP-OD0Q7OR</Computer><Security UserID='S-1-5-18'/></System><EventData><Data Name='RuleName'>-</Data><Data Name='UtcTime'>2020-11-22 08:58:40.978</Data><Data Name='ProcessGuid'>{c9037512-2840-5fba-758f-010000000b00}</Data><Data Name='ProcessId'>24108</Data><Data Name='Image'>C:\Program Files\Git\cmd\git.exe</Data><Data Name='FileVersion'>-</Data><Data Name='Description'>Git for Windows</Data><Data Name='Product'>Git</Data><Data Name='Company'>The Git Development Community</Data><Data Name='OriginalFileName'>git.exe</Data><Data Name='CommandLine'>"C:\Program Files\Git\cmd\git.exe" -c credential.helper= -c core.quotepath=false -c log.showSignature=false ls-files --exclude-standard --others -z -- program/volatility/20201122-175147/Detect_explorer_subprocess_hit_process.json program/volatility/20201122-175147/ldrmodules_hit_process.json program/volatility/20201122-175147/ldrmodules_process_dll.json program/volatility/20201122-175147/psxview_hit_process.json program/volatility/20201122-175147/Result_hit_registry.json program/volatility/20201122-175147/psxview_process.json program/volatility/20201122-175147/netscan_process.json program/volatility/20201122-175147/netscan_and_psxview_hit_process.json program/volatility/20201122-175147/netscan_hit_process.json program/volatility/20201122-175147/Result_hit_process.json program/volatility/20201122-175147/yarascan_hit_process.json</Data><Data Name='CurrentDirectory'>D:\케이쉴드주니어\python\FindWally\</Data><Data Name='User'>DESKTOP-OD0Q7OR\dayou</Data><Data Name='LogonGuid'>{c9037512-8161-5fb8-7198-7d2b00000000}</Data><Data Name='LogonId'>0x2b7d9871</Data><Data Name='TerminalSessionId'>10</Data><Data Name='IntegrityLevel'>High</Data><Data Name='Hashes'>SHA1=6A306F8BCEC852018CA937EE85BA02F5D2E6EEAA</Data><Data Name='ParentProcessGuid'>{c9037512-2840-5fba-738f-010000000b00}</Data><Data Name='ParentProcessId'>40084</Data><Data Name='ParentImage'>D:\PyCharm Community Edition 2020.2.3\bin\runnerw64.exe</Data><Data Name='ParentCommandLine'>"D:\PyCharm Community Edition 2020.2.3\bin\runnerw64.exe" "C:\Program Files\Git\cmd\git.exe" -c credential.helper= -c core.quotepath=false -c log.showSignature=false ls-files --exclude-standard --others -z -- program/volatility/20201122-175147/Detect_explorer_subprocess_hit_process.json program/volatility/20201122-175147/ldrmodules_hit_process.json program/volatility/20201122-175147/ldrmodules_process_dll.json program/volatility/20201122-175147/psxview_hit_process.json program/volatility/20201122-175147/Result_hit_registry.json program/volatility/20201122-175147/psxview_process.json program/volatility/20201122-175147/netscan_process.json program/volatility/20201122-175147/netscan_and_psxview_hit_process.json program/volatility/20201122-175147/netscan_hit_process.json program/volatility/20201122-175147/Result_hit_process.json program/volatility/20201122-175147/yarascan_hit_process.json</Data></EventData></Event>
<Event xmlns='http://schemas.microsoft.com/win/2004/08/events/event'><System><Provider Name='Microsoft-Windows-Sysmon' Guid='{5770385f-c22a-43e0-bf4c-06f5698ffbd9}'/><EventID>1</EventID><Version>5</Version><Level>4</Level><Task>1</Task><Opcode>0</Opcode><Keywords>0x8000000000000000</Keywords><TimeCreated SystemTime='2020-11-22T08:58:40.9895554Z'/><EventRecordID>9685</EventRecordID><Correlation/><Execution ProcessID='35996' ThreadID='36956'/><Channel>Microsoft-Windows-Sysmon/Operational</Channel><Computer>DESKTOP-OD0Q7OR</Computer><Security UserID='S-1-5-18'/></System><EventData><Data Name='RuleName'>-</Data><Data Name='UtcTime'>2020-11-22 08:58:40.987</Data><Data Name='ProcessGuid'>{c9037512-2840-5fba-768f-010000000b00}</Data><Data Name='ProcessId'>40956</Data><Data Name='Image'>C:\Program Files\Git\mingw64\bin\git.exe</Data><Data Name='FileVersion'>-</Data><Data Name='Description'>Git for Windows</Data><Data Name='Product'>Git</Data><Data Name='Company'>The Git Development Community</Data><Data Name='OriginalFileName'>git.exe</Data><Data Name='CommandLine'>git.exe -c credential.helper= -c core.quotepath=false -c log.showSignature=false ls-files --exclude-standard --others -z -- program/volatility/20201122-175147/Detect_explorer_subprocess_hit_process.json program/volatility/20201122-175147/ldrmodules_hit_process.json program/volatility/20201122-175147/ldrmodules_process_dll.json program/volatility/20201122-175147/psxview_hit_process.json program/volatility/20201122-175147/Result_hit_registry.json program/volatility/20201122-175147/psxview_process.json program/volatility/20201122-175147/netscan_process.json program/volatility/20201122-175147/netscan_and_psxview_hit_process.json program/volatility/20201122-175147/netscan_hit_process.json program/volatility/20201122-175147/Result_hit_process.json program/volatility/20201122-175147/yarascan_hit_process.json</Data><Data Name='CurrentDirectory'>D:\케이쉴드주니어\python\FindWally\</Data><Data Name='User'>DESKTOP-OD0Q7OR\dayou</Data><Data Name='LogonGuid'>{c9037512-8161-5fb8-7198-7d2b00000000}</Data><Data Name='LogonId'>0x2b7d9871</Data><Data Name='TerminalSessionId'>10</Data><Data Name='IntegrityLevel'>High</Data><Data Name='Hashes'>SHA1=EDAF69E61745592959809441297208E1C3F7E7AF</Data><Data Name='ParentProcessGuid'>{c9037512-2840-5fba-758f-010000000b00}</Data><Data Name='ParentProcessId'>24108</Data><Data Name='ParentImage'>C:\Program Files\Git\cmd\git.exe</Data><Data Name='ParentCommandLine'>"C:\Program Files\Git\cmd\git.exe" -c credential.helper= -c core.quotepath=false -c log.showSignature=false ls-files --exclude-standard --others -z -- program/volatility/20201122-175147/Detect_explorer_subprocess_hit_process.json program/volatility/20201122-175147/ldrmodules_hit_process.json program/volatility/20201122-175147/ldrmodules_process_dll.json program/volatility/20201122-175147/psxview_hit_process.json program/volatility/20201122-175147/Result_hit_registry.json program/volatility/20201122-175147/psxview_process.json program/volatility/20201122-175147/netscan_process.json program/volatility/20201122-175147/netscan_and_psxview_hit_process.json program/volatility/20201122-175147/netscan_hit_process.json program/volatility/20201122-175147/Result_hit_process.json program/volatility/20201122-175147/yarascan_hit_process.json</Data></EventData></Event>
<Event xmlns='http://schemas.microsoft.com/win/2004/08/events/event'><System><Provider Name='Microsoft-Windows-Sysmon' Guid='{5770385f-c22a-43e0-bf4c-06f5698ffbd9}'/><EventID>5</EventID><Version>3</Version><Level>4</Level><Task>5</Task><Opcode>0</Opcode><Keywords>0x8000000000000000</Keywords><TimeCreated SystemTime='2020-11-22T08:58:41.0025740Z'/><EventRecordID>9686</EventRecordID><Correlation/><Execution ProcessID='35996' ThreadID='36956'/><Channel>Microsoft-Windows-Sysmon/Operational</Channel><Computer>DESKTOP-OD0Q7OR</Computer><Security UserID='S-1-5-18'/></System><EventData><Data Name='RuleName'>-</Data><Data Name='UtcTime'>2020-11-22 08:58:41.001</Data><Data Name='ProcessGuid'>{c9037512-2840-5fba-768f-010000000b00}</Data><Data Name='ProcessId'>40956</Data><Data Name='Image'>C:\Program Files\Git\mingw64\bin\git.exe</Data></EventData></Event>
<Event xmlns='http://schemas.microsoft.com/win/2004/08/events/event'><System><Provider Name='Microsoft-Windows-Sysmon' Guid='{5770385f-c22a-43e0-bf4c-06f5698ffbd9}'/><EventID>5</EventID><Version>3</Version><Level>4</Level><Task>5</Task><Opcode>0</Opcode><Keywords>0x8000000000000000</Keywords><TimeCreated SystemTime='2020-11-22T08:58:41.0041993Z'/><EventRecordID>9687</EventRecordID><Correlation/><Execution ProcessID='35996' ThreadID='36956'/><Channel>Microsoft-Windows-Sysmon/Operational</Channel><Computer>DESKTOP-OD0Q7OR</Computer><Security UserID='S-1-5-18'/></System><EventData><Data Name='RuleName'>-</Data><Data Name='UtcTime'>2020-11-22 08:58:41.003</Data><Data Name='ProcessGuid'>{c9037512-2840-5fba-758f-010000000b00}</Data><Data Name='ProcessId'>24108</Data><Data Name='Image'>C:\Program Files\Git\cmd\git.exe</Data></EventData></Event>
<Event xmlns='http://schemas.microsoft.com/win/2004/08/events/event'><System><Provider Name='Microsoft-Windows-Sysmon' Guid='{5770385f-c22a-43e0-bf4c-06f5698ffbd9}'/><EventID>5</EventID><Version>3</Version><Level>4</Level><Task>5</Task><Opcode>0</Opcode><Keywords>0x8000000000000000</Keywords><TimeCreated SystemTime='2020-11-22T08:58:41.0060086Z'/><EventRecordID>9688</EventRecordID><Correlation/><Execution ProcessID='35996' ThreadID='36956'/><Channel>Microsoft-Windows-Sysmon/Operational</Channel><Computer>DESKTOP-OD0Q7OR</Computer><Security UserID='S-1-5-18'/></System><EventData><Data Name='RuleName'>-</Data><Data Name='UtcTime'>2020-11-22 08:58:41.005</Data><Data Name='ProcessGuid'>{c9037512-2840-5fba-738f-010000000b00}</Data><Data Name='ProcessId'>40084</Data><Data Name='Image'>D:\PyCharm Community Edition 2020.2.3\bin\runnerw64.exe</Data></EventData></Event>
<Event xmlns='http://schemas.microsoft.com/win/2004/08/events/event'><System><Provider Name='Microsoft-Windows-Sysmon' Guid='{5770385f-c22a-43e0-bf4c-06f5698ffbd9}'/><EventID>5</EventID><Version>3</Version><Level>4</Level><Task>5</Task><Opcode>0</Opcode><Keywords>0x8000000000000000</Keywords><TimeCreated SystemTime='2020-11-22T08:58:41.0067912Z'/><EventRecordID>9689</EventRecordID><Correlation/><Execution ProcessID='35996' ThreadID='36956'/><Channel>Microsoft-Windows-Sysmon/Operational</Channel><Computer>DESKTOP-OD0Q7OR</Computer><Security UserID='S-1-5-18'/></System><EventData><Data Name='RuleName'>-</Data><Data Name='UtcTime'>2020-11-22 08:58:41.005</Data><Data Name='ProcessGuid'>{c9037512-2840-5fba-748f-010000000b00}</Data><Data Name='ProcessId'>996</Data><Data Name='Image'>C:\Windows\System32\conhost.exe</Data></EventData></Event>
<Event xmlns='http://schemas.microsoft.com/win/2004/08/events/event'><System><Provider Name='Microsoft-Windows-Sysmon' Guid='{5770385f-c22a-43e0-bf4c-06f5698ffbd9}'/><EventID>1</EventID><Version>5</Version><Level>4</Level><Task>1</Task><Opcode>0</Opcode><Keywords>0x8000000000000000</Keywords><TimeCreated SystemTime='2020-11-22T08:58:41.0279681Z'/><EventRecordID>9690</EventRecordID><Correlation/><Execution ProcessID='35996' ThreadID='36956'/><Channel>Microsoft-Windows-Sysmon/Operational</Channel><Computer>DESKTOP-OD0Q7OR</Computer><Security UserID='S-1-5-18'/></System><EventData><Data Name='RuleName'>-</Data><Data Name='UtcTime'>2020-11-22 08:58:41.025</Data><Data Name='ProcessGuid'>{c9037512-2841-5fba-778f-010000000b00}</Data><Data Name='ProcessId'>32472</Data><Data Name='Image'>D:\Anaconda3\python.exe</Data><Data Name='FileVersion'>3.8.3</Data><Data Name='Description'>Python</Data><Data Name='Product'>Python</Data><Data Name='Company'>Python Software Foundation</Data><Data Name='OriginalFileName'>python.exe</Data><Data Name='CommandLine'>D:\Anaconda3\python.exe "D:\PyCharm Community Edition 2020.2.3\plugins\python-ce\helpers\pycodestyle.py" --max-line-length=120 -</Data><Data Name='CurrentDirectory'>D:\Anaconda3\</Data><Data Name='User'>DESKTOP-OD0Q7OR\dayou</Data><Data Name='LogonGuid'>{c9037512-8161-5fb8-7198-7d2b00000000}</Data><Data Name='LogonId'>0x2b7d9871</Data><Data Name='TerminalSessionId'>10</Data><Data Name='IntegrityLevel'>High</Data><Data Name='Hashes'>SHA1=50AD162464BC1F9302972AA2331A658BF5CC470F</Data><Data Name='ParentProcessGuid'>{c9037512-2528-5fba-008d-010000000b00}</Data><Data Name='ParentProcessId'>38188</Data><Data Name='ParentImage'>D:\PyCharm Community Edition 2020.2.3\bin\pycharm64.exe</Data><Data Name='ParentCommandLine'>"D:\PyCharm Community Edition 2020.2.3\bin\pycharm64.exe" </Data></EventData></Event>
<Event xmlns='http://schemas.microsoft.com/win/2004/08/events/event'><System><Provider Name='Microsoft-Windows-Sysmon' Guid='{5770385f-c22a-43e0-bf4c-06f5698ffbd9}'/><EventID>1</EventID><Version>5</Version><Level>4</Level><Task>1</Task><Opcode>0</Opcode><Keywords>0x8000000000000000</Keywords><TimeCreated SystemTime='2020-11-22T08:58:41.0370860Z'/><EventRecordID>9691</EventRecordID><Correlation/><Execution ProcessID='35996' ThreadID='36956'/><Channel>Microsoft-Windows-Sysmon/Operational</Channel><Computer>DESKTOP-OD0Q7OR</Computer><Security UserID='S-1-5-18'/></System><EventData><Data Name='RuleName'>-</Data><Data Name='UtcTime'>2020-11-22 08:58:41.034</Data><Data Name='ProcessGuid'>{c9037512-2841-5fba-788f-010000000b00}</Data><Data Name='ProcessId'>40780</Data><Data Name='Image'>C:\Windows\System32\conhost.exe</Data><Data Name='FileVersion'>10.0.19041.546 (WinBuild.160101.0800)</Data><Data Name='Description'>Console Window Host</Data><Data Name='Product'>Microsoft® Windows® Operating System</Data><Data Name='Company'>Microsoft Corporation</Data><Data Name='OriginalFileName'>CONHOST.EXE</Data><Data Name='CommandLine'>\??\C:\WINDOWS\system32\conhost.exe 0xffffffff -ForceV1</Data><Data Name='CurrentDirectory'>C:\WINDOWS</Data><Data Name='User'>DESKTOP-OD0Q7OR\dayou</Data><Data Name='LogonGuid'>{c9037512-8161-5fb8-7198-7d2b00000000}</Data><Data Name='LogonId'>0x2b7d9871</Data><Data Name='TerminalSessionId'>10</Data><Data Name='IntegrityLevel'>High</Data><Data Name='Hashes'>SHA1=A1E4B2CC40A39BF64012D1411F92B12D1F9791E8</Data><Data Name='ParentProcessGuid'>{c9037512-2841-5fba-778f-010000000b00}</Data><Data Name='ParentProcessId'>32472</Data><Data Name='ParentImage'>D:\Anaconda3\python.exe</Data><Data Name='ParentCommandLine'>D:\Anaconda3\python.exe "D:\PyCharm Community Edition 2020.2.3\plugins\python-ce\helpers\pycodestyle.py" --max-line-length=120 -</Data></EventData></Event>
