<Event xmlns='http://schemas.microsoft.com/win/2004/08/events/event'><System><Provider Name='Microsoft-Windows-Sysmon' Guid='{5770385f-c22a-43e0-bf4c-06f5698ffbd9}'/><EventID>1</EventID><Version>5</Version><Level>4</Level><Task>1</Task><Opcode>0</Opcode><Keywords>0x8000000000000000</Keywords><TimeCreated SystemTime='2020-11-22T09:00:18.3295393Z'/><EventRecordID>9724</EventRecordID><Correlation/><Execution ProcessID='35996' ThreadID='36956'/><Channel>Microsoft-Windows-Sysmon/Operational</Channel><Computer>DESKTOP-OD0Q7OR</Computer><Security UserID='S-1-5-18'/></System><EventData><Data Name='RuleName'>-</Data><Data Name='UtcTime'>2020-11-22 09:00:18.326</Data><Data Name='ProcessGuid'>{c9037512-28a2-5fba-8a8f-010000000b00}</Data><Data Name='ProcessId'>35644</Data><Data Name='Image'>C:\Windows\System32\cmd.exe</Data><Data Name='FileVersion'>10.0.19041.546 (WinBuild.160101.0800)</Data><Data Name='Description'>Windows Command Processor</Data><Data Name='Product'>Microsoft® Windows® Operating System</Data><Data Name='Company'>Microsoft Corporation</Data><Data Name='OriginalFileName'>Cmd.Exe</Data><Data Name='CommandLine'>C:\WINDOWS\system32\cmd.exe /c echo ^&lt;Events^&gt;&gt;&gt; 2020-11-22.xml</Data><Data Name='CurrentDirectory'>D:\케이쉴드주니어\python\FindWally\src\gui\</Data><Data Name='User'>DESKTOP-OD0Q7OR\dayou</Data><Data Name='LogonGuid'>{c9037512-8161-5fb8-7198-7d2b00000000}</Data><Data Name='LogonId'>0x2b7d9871</Data><Data Name='TerminalSessionId'>10</Data><Data Name='IntegrityLevel'>High</Data><Data Name='Hashes'>SHA1=77BB1893182667D4B3614A55592C9DC42FBB831D</Data><Data Name='ParentProcessGuid'>{c9037512-28a1-5fba-848f-010000000b00}</Data><Data Name='ParentProcessId'>39116</Data><Data Name='ParentImage'>D:\Anaconda3\python.exe</Data><Data Name='ParentCommandLine'>"D:\Anaconda3\python.exe" "-c" "from multiprocessing.spawn import spawn_main; spawn_main(parent_pid=11048, pipe_handle=1912)" "--multiprocessing-fork"</Data></EventData></Event>
<Event xmlns='http://schemas.microsoft.com/win/2004/08/events/event'><System><Provider Name='Microsoft-Windows-Sysmon' Guid='{5770385f-c22a-43e0-bf4c-06f5698ffbd9}'/><EventID>5</EventID><Version>3</Version><Level>4</Level><Task>5</Task><Opcode>0</Opcode><Keywords>0x8000000000000000</Keywords><TimeCreated SystemTime='2020-11-22T09:00:18.3364874Z'/><EventRecordID>9725</EventRecordID><Correlation/><Execution ProcessID='35996' ThreadID='36956'/><Channel>Microsoft-Windows-Sysmon/Operational</Channel><Computer>DESKTOP-OD0Q7OR</Computer><Security UserID='S-1-5-18'/></System><EventData><Data Name='RuleName'>-</Data><Data Name='UtcTime'>2020-11-22 09:00:18.336</Data><Data Name='ProcessGuid'>{c9037512-28a2-5fba-8a8f-010000000b00}</Data><Data Name='ProcessId'>35644</Data><Data Name='Image'>C:\Windows\System32\cmd.exe</Data></EventData></Event>
<Event xmlns='http://schemas.microsoft.com/win/2004/08/events/event'><System><Provider Name='Microsoft-Windows-Sysmon' Guid='{5770385f-c22a-43e0-bf4c-06f5698ffbd9}'/><EventID>1</EventID><Version>5</Version><Level>4</Level><Task>1</Task><Opcode>0</Opcode><Keywords>0x8000000000000000</Keywords><TimeCreated SystemTime='2020-11-22T09:00:18.3440488Z'/><EventRecordID>9726</EventRecordID><Correlation/><Execution ProcessID='35996' ThreadID='36956'/><Channel>Microsoft-Windows-Sysmon/Operational</Channel><Computer>DESKTOP-OD0Q7OR</Computer><Security UserID='S-1-5-18'/></System><EventData><Data Name='RuleName'>-</Data><Data Name='UtcTime'>2020-11-22 09:00:18.340</Data><Data Name='ProcessGuid'>{c9037512-28a2-5fba-8b8f-010000000b00}</Data><Data Name='ProcessId'>16992</Data><Data Name='Image'>C:\Windows\System32\cmd.exe</Data><Data Name='FileVersion'>10.0.19041.546 (WinBuild.160101.0800)</Data><Data Name='Description'>Windows Command Processor</Data><Data Name='Product'>Microsoft® Windows® Operating System</Data><Data Name='Company'>Microsoft Corporation</Data><Data Name='OriginalFileName'>Cmd.Exe</Data><Data Name='CommandLine'>C:\WINDOWS\system32\cmd.exe /c echo ^&lt;/Events^&gt;&gt;&gt; 2020-11-22.xml</Data><Data Name='CurrentDirectory'>D:\케이쉴드주니어\python\FindWally\src\gui\</Data><Data Name='User'>DESKTOP-OD0Q7OR\dayou</Data><Data Name='LogonGuid'>{c9037512-8161-5fb8-7198-7d2b00000000}</Data><Data Name='LogonId'>0x2b7d9871</Data><Data Name='TerminalSessionId'>10</Data><Data Name='IntegrityLevel'>High</Data><Data Name='Hashes'>SHA1=77BB1893182667D4B3614A55592C9DC42FBB831D</Data><Data Name='ParentProcessGuid'>{c9037512-28a1-5fba-848f-010000000b00}</Data><Data Name='ParentProcessId'>39116</Data><Data Name='ParentImage'>D:\Anaconda3\python.exe</Data><Data Name='ParentCommandLine'>"D:\Anaconda3\python.exe" "-c" "from multiprocessing.spawn import spawn_main; spawn_main(parent_pid=11048, pipe_handle=1912)" "--multiprocessing-fork"</Data></EventData></Event>
<Event xmlns='http://schemas.microsoft.com/win/2004/08/events/event'><System><Provider Name='Microsoft-Windows-Sysmon' Guid='{5770385f-c22a-43e0-bf4c-06f5698ffbd9}'/><EventID>5</EventID><Version>3</Version><Level>4</Level><Task>5</Task><Opcode>0</Opcode><Keywords>0x8000000000000000</Keywords><TimeCreated SystemTime='2020-11-22T09:00:18.3565107Z'/><EventRecordID>9727</EventRecordID><Correlation/><Execution ProcessID='35996' ThreadID='36956'/><Channel>Microsoft-Windows-Sysmon/Operational</Channel><Computer>DESKTOP-OD0Q7OR</Computer><Security UserID='S-1-5-18'/></System><EventData><Data Name='RuleName'>-</Data><Data Name='UtcTime'>2020-11-22 09:00:18.356</Data><Data Name='ProcessGuid'>{c9037512-28a2-5fba-8b8f-010000000b00}</Data><Data Name='ProcessId'>16992</Data><Data Name='Image'>C:\Windows\System32\cmd.exe</Data></EventData></Event>
<Event xmlns='http://schemas.microsoft.com/win/2004/08/events/event'><System><Provider Name='Microsoft-Windows-Sysmon' Guid='{5770385f-c22a-43e0-bf4c-06f5698ffbd9}'/><EventID>1</EventID><Version>5</Version><Level>4</Level><Task>1</Task><Opcode>0</Opcode><Keywords>0x8000000000000000</Keywords><TimeCreated SystemTime='2020-11-22T09:00:18.8546688Z'/><EventRecordID>9728</EventRecordID><Correlation/><Execution ProcessID='35996' ThreadID='36956'/><Channel>Microsoft-Windows-Sysmon/Operational</Channel><Computer>DESKTOP-OD0Q7OR</Computer><Security UserID='S-1-5-18'/></System><EventData><Data Name='RuleName'>-</Data><Data Name='UtcTime'>2020-11-22 09:00:18.851</Data><Data Name='ProcessGuid'>{c9037512-28a2-5fba-8c8f-010000000b00}</Data><Data Name='ProcessId'>38368</Data><Data Name='Image'>C:\Windows\System32\cmd.exe</Data><Data Name='FileVersion'>10.0.19041.546 (WinBuild.160101.0800)</Data><Data Name='Description'>Windows Command Processor</Data><Data Name='Product'>Microsoft® Windows® Operating System</Data><Data Name='Company'>Microsoft Corporation</Data><Data Name='OriginalFileName'>Cmd.Exe</Data><Data Name='CommandLine'>C:\WINDOWS\system32\cmd.exe /c wevtutil.exe qe "Microsoft-Windows-Sysmon/Operational"  /q:"*[System[TimeCreated[@SystemTime&gt;'2020-11-22T08:54:05.1983219Z']]]" /e:Events /f:xml &gt; event_tmp.xml</Data><Data Name='CurrentDirectory'>D:\케이쉴드주니어\python\FindWally\src\gui\</Data><Data Name='User'>DESKTOP-OD0Q7OR\dayou</Data><Data Name='LogonGuid'>{c9037512-8161-5fb8-7198-7d2b00000000}</Data><Data Name='LogonId'>0x2b7d9871</Data><Data Name='TerminalSessionId'>10</Data><Data Name='IntegrityLevel'>High</Data><Data Name='Hashes'>SHA1=77BB1893182667D4B3614A55592C9DC42FBB831D</Data><Data Name='ParentProcessGuid'>{c9037512-28a1-5fba-848f-010000000b00}</Data><Data Name='ParentProcessId'>39116</Data><Data Name='ParentImage'>D:\Anaconda3\python.exe</Data><Data Name='ParentCommandLine'>"D:\Anaconda3\python.exe" "-c" "from multiprocessing.spawn import spawn_main; spawn_main(parent_pid=11048, pipe_handle=1912)" "--multiprocessing-fork"</Data></EventData></Event>
<Event xmlns='http://schemas.microsoft.com/win/2004/08/events/event'><System><Provider Name='Microsoft-Windows-Sysmon' Guid='{5770385f-c22a-43e0-bf4c-06f5698ffbd9}'/><EventID>1</EventID><Version>5</Version><Level>4</Level><Task>1</Task><Opcode>0</Opcode><Keywords>0x8000000000000000</Keywords><TimeCreated SystemTime='2020-11-22T09:00:18.8848072Z'/><EventRecordID>9729</EventRecordID><Correlation/><Execution ProcessID='35996' ThreadID='36956'/><Channel>Microsoft-Windows-Sysmon/Operational</Channel><Computer>DESKTOP-OD0Q7OR</Computer><Security UserID='S-1-5-18'/></System><EventData><Data Name='RuleName'>-</Data><Data Name='UtcTime'>2020-11-22 09:00:18.882</Data><Data Name='ProcessGuid'>{c9037512-28a2-5fba-8d8f-010000000b00}</Data><Data Name='ProcessId'>39932</Data><Data Name='Image'>C:\Windows\System32\wevtutil.exe</Data><Data Name='FileVersion'>10.0.19041.1 (WinBuild.160101.0800)</Data><Data Name='Description'>Eventing Command Line Utility</Data><Data Name='Product'>Microsoft® Windows® Operating System</Data><Data Name='Company'>Microsoft Corporation</Data><Data Name='OriginalFileName'>wevtutil.exe</Data><Data Name='CommandLine'>wevtutil.exe  qe "Microsoft-Windows-Sysmon/Operational"  /q:"*[System[TimeCreated[@SystemTime&gt;'2020-11-22T08:54:05.1983219Z']]]" /e:Events /f:xml </Data><Data Name='CurrentDirectory'>D:\케이쉴드주니어\python\FindWally\src\gui\</Data><Data Name='User'>DESKTOP-OD0Q7OR\dayou</Data><Data Name='LogonGuid'>{c9037512-8161-5fb8-7198-7d2b00000000}</Data><Data Name='LogonId'>0x2b7d9871</Data><Data Name='TerminalSessionId'>10</Data><Data Name='IntegrityLevel'>High</Data><Data Name='Hashes'>SHA1=552EB2AECB4B52FF6650F94BC949FCE05576C161</Data><Data Name='ParentProcessGuid'>{c9037512-28a2-5fba-8c8f-010000000b00}</Data><Data Name='ParentProcessId'>38368</Data><Data Name='ParentImage'>C:\Windows\System32\cmd.exe</Data><Data Name='ParentCommandLine'>C:\WINDOWS\system32\cmd.exe /c wevtutil.exe qe "Microsoft-Windows-Sysmon/Operational"  /q:"*[System[TimeCreated[@SystemTime&gt;'2020-11-22T08:54:05.1983219Z']]]" /e:Events /f:xml &gt; event_tmp.xml</Data></EventData></Event>
</Events>
