<Event xmlns='http://schemas.microsoft.com/win/2004/08/events/event'><System><Provider Name='Microsoft-Windows-Sysmon' Guid='{5770385f-c22a-43e0-bf4c-06f5698ffbd9}'/><EventID>1</EventID><Version>5</Version><Level>4</Level><Task>1</Task><Opcode>0</Opcode><Keywords>0x8000000000000000</Keywords><TimeCreated SystemTime='2020-11-22T08:54:26.7857974Z'/><EventRecordID>9497</EventRecordID><Correlation/><Execution ProcessID='35996' ThreadID='36956'/><Channel>Microsoft-Windows-Sysmon/Operational</Channel><Computer>DESKTOP-OD0Q7OR</Computer><Security UserID='S-1-5-18'/></System><EventData><Data Name='RuleName'>-</Data><Data Name='UtcTime'>2020-11-22 08:54:26.783</Data><Data Name='ProcessGuid'>{c9037512-2742-5fba-178f-010000000b00}</Data><Data Name='ProcessId'>40656</Data><Data Name='Image'>D:\케이쉴드주니어\python\FindWally\program\volatility\vol_2.6.exe</Data><Data Name='FileVersion'>-</Data><Data Name='Description'>-</Data><Data Name='Product'>-</Data><Data Name='Company'>-</Data><Data Name='OriginalFileName'>-</Data><Data Name='CommandLine'>vol_2.6.exe -f WIN-UDBRDQCHDVH-20201114-073411.raw --profile=Win7SP1x64 printkey -o 0xfffff8a0019fe010 -K Software</Data><Data Name='CurrentDirectory'>D:\케이쉴드주니어\python\FindWally\program\volatility\</Data><Data Name='User'>DESKTOP-OD0Q7OR\dayou</Data><Data Name='LogonGuid'>{c9037512-8161-5fb8-7198-7d2b00000000}</Data><Data Name='LogonId'>0x2b7d9871</Data><Data Name='TerminalSessionId'>10</Data><Data Name='IntegrityLevel'>High</Data><Data Name='Hashes'>SHA1=AE08F33AB8B4E4D452FD44B0D42645475DE62218</Data><Data Name='ParentProcessGuid'>{c9037512-26a2-5fba-be8e-010000000b00}</Data><Data Name='ParentProcessId'>39444</Data><Data Name='ParentImage'>D:\Anaconda3\python.exe</Data><Data Name='ParentCommandLine'>"D:\Anaconda3\python.exe" "-c" "from multiprocessing.spawn import spawn_main; spawn_main(parent_pid=11048, pipe_handle=2476)" "--multiprocessing-fork"</Data></EventData></Event>
<Event xmlns='http://schemas.microsoft.com/win/2004/08/events/event'><System><Provider Name='Microsoft-Windows-Sysmon' Guid='{5770385f-c22a-43e0-bf4c-06f5698ffbd9}'/><EventID>1</EventID><Version>5</Version><Level>4</Level><Task>1</Task><Opcode>0</Opcode><Keywords>0x8000000000000000</Keywords><TimeCreated SystemTime='2020-11-22T08:54:27.6319720Z'/><EventRecordID>9498</EventRecordID><Correlation/><Execution ProcessID='35996' ThreadID='36956'/><Channel>Microsoft-Windows-Sysmon/Operational</Channel><Computer>DESKTOP-OD0Q7OR</Computer><Security UserID='S-1-5-18'/></System><EventData><Data Name='RuleName'>-</Data><Data Name='UtcTime'>2020-11-22 08:54:27.630</Data><Data Name='ProcessGuid'>{c9037512-2743-5fba-188f-010000000b00}</Data><Data Name='ProcessId'>30516</Data><Data Name='Image'>D:\케이쉴드주니어\python\FindWally\program\volatility\vol_2.6.exe</Data><Data Name='FileVersion'>-</Data><Data Name='Description'>-</Data><Data Name='Product'>-</Data><Data Name='Company'>-</Data><Data Name='OriginalFileName'>-</Data><Data Name='CommandLine'>vol_2.6.exe -f WIN-UDBRDQCHDVH-20201114-073411.raw --profile=Win7SP1x64 printkey -o 0xfffff8a0019fe010 -K Software</Data><Data Name='CurrentDirectory'>D:\케이쉴드주니어\python\FindWally\program\volatility\</Data><Data Name='User'>DESKTOP-OD0Q7OR\dayou</Data><Data Name='LogonGuid'>{c9037512-8161-5fb8-7198-7d2b00000000}</Data><Data Name='LogonId'>0x2b7d9871</Data><Data Name='TerminalSessionId'>10</Data><Data Name='IntegrityLevel'>High</Data><Data Name='Hashes'>SHA1=AE08F33AB8B4E4D452FD44B0D42645475DE62218</Data><Data Name='ParentProcessGuid'>{c9037512-2742-5fba-178f-010000000b00}</Data><Data Name='ParentProcessId'>40656</Data><Data Name='ParentImage'>D:\케이쉴드주니어\python\FindWally\program\volatility\vol_2.6.exe</Data><Data Name='ParentCommandLine'>vol_2.6.exe -f WIN-UDBRDQCHDVH-20201114-073411.raw --profile=Win7SP1x64 printkey -o 0xfffff8a0019fe010 -K Software</Data></EventData></Event>
<Event xmlns='http://schemas.microsoft.com/win/2004/08/events/event'><System><Provider Name='Microsoft-Windows-Sysmon' Guid='{5770385f-c22a-43e0-bf4c-06f5698ffbd9}'/><EventID>5</EventID><Version>3</Version><Level>4</Level><Task>5</Task><Opcode>0</Opcode><Keywords>0x8000000000000000</Keywords><TimeCreated SystemTime='2020-11-22T08:54:29.5081072Z'/><EventRecordID>9499</EventRecordID><Correlation/><Execution ProcessID='35996' ThreadID='36956'/><Channel>Microsoft-Windows-Sysmon/Operational</Channel><Computer>DESKTOP-OD0Q7OR</Computer><Security UserID='S-1-5-18'/></System><EventData><Data Name='RuleName'>-</Data><Data Name='UtcTime'>2020-11-22 08:54:29.507</Data><Data Name='ProcessGuid'>{c9037512-2743-5fba-188f-010000000b00}</Data><Data Name='ProcessId'>30516</Data><Data Name='Image'>D:\케이쉴드주니어\python\FindWally\program\volatility\vol_2.6.exe</Data></EventData></Event>
<Event xmlns='http://schemas.microsoft.com/win/2004/08/events/event'><System><Provider Name='Microsoft-Windows-Sysmon' Guid='{5770385f-c22a-43e0-bf4c-06f5698ffbd9}'/><EventID>5</EventID><Version>3</Version><Level>4</Level><Task>5</Task><Opcode>0</Opcode><Keywords>0x8000000000000000</Keywords><TimeCreated SystemTime='2020-11-22T08:54:29.6717086Z'/><EventRecordID>9500</EventRecordID><Correlation/><Execution ProcessID='35996' ThreadID='36956'/><Channel>Microsoft-Windows-Sysmon/Operational</Channel><Computer>DESKTOP-OD0Q7OR</Computer><Security UserID='S-1-5-18'/></System><EventData><Data Name='RuleName'>-</Data><Data Name='UtcTime'>2020-11-22 08:54:29.671</Data><Data Name='ProcessGuid'>{c9037512-2742-5fba-178f-010000000b00}</Data><Data Name='ProcessId'>40656</Data><Data Name='Image'>D:\케이쉴드주니어\python\FindWally\program\volatility\vol_2.6.exe</Data></EventData></Event>
<Event xmlns='http://schemas.microsoft.com/win/2004/08/events/event'><System><Provider Name='Microsoft-Windows-Sysmon' Guid='{5770385f-c22a-43e0-bf4c-06f5698ffbd9}'/><EventID>1</EventID><Version>5</Version><Level>4</Level><Task>1</Task><Opcode>0</Opcode><Keywords>0x8000000000000000</Keywords><TimeCreated SystemTime='2020-11-22T08:54:29.6751241Z'/><EventRecordID>9501</EventRecordID><Correlation/><Execution ProcessID='35996' ThreadID='36956'/><Channel>Microsoft-Windows-Sysmon/Operational</Channel><Computer>DESKTOP-OD0Q7OR</Computer><Security UserID='S-1-5-18'/></System><EventData><Data Name='RuleName'>-</Data><Data Name='UtcTime'>2020-11-22 08:54:29.673</Data><Data Name='ProcessGuid'>{c9037512-2745-5fba-198f-010000000b00}</Data><Data Name='ProcessId'>1380</Data><Data Name='Image'>D:\케이쉴드주니어\python\FindWally\program\volatility\vol_2.6.exe</Data><Data Name='FileVersion'>-</Data><Data Name='Description'>-</Data><Data Name='Product'>-</Data><Data Name='Company'>-</Data><Data Name='OriginalFileName'>-</Data><Data Name='CommandLine'>vol_2.6.exe -f WIN-UDBRDQCHDVH-20201114-073411.raw --profile=Win7SP1x64 printkey -o 0xfffff8a001c20010 -K Software</Data><Data Name='CurrentDirectory'>D:\케이쉴드주니어\python\FindWally\program\volatility\</Data><Data Name='User'>DESKTOP-OD0Q7OR\dayou</Data><Data Name='LogonGuid'>{c9037512-8161-5fb8-7198-7d2b00000000}</Data><Data Name='LogonId'>0x2b7d9871</Data><Data Name='TerminalSessionId'>10</Data><Data Name='IntegrityLevel'>High</Data><Data Name='Hashes'>SHA1=AE08F33AB8B4E4D452FD44B0D42645475DE62218</Data><Data Name='ParentProcessGuid'>{c9037512-26a2-5fba-be8e-010000000b00}</Data><Data Name='ParentProcessId'>39444</Data><Data Name='ParentImage'>D:\Anaconda3\python.exe</Data><Data Name='ParentCommandLine'>"D:\Anaconda3\python.exe" "-c" "from multiprocessing.spawn import spawn_main; spawn_main(parent_pid=11048, pipe_handle=2476)" "--multiprocessing-fork"</Data></EventData></Event>
<Event xmlns='http://schemas.microsoft.com/win/2004/08/events/event'><System><Provider Name='Microsoft-Windows-Sysmon' Guid='{5770385f-c22a-43e0-bf4c-06f5698ffbd9}'/><EventID>1</EventID><Version>5</Version><Level>4</Level><Task>1</Task><Opcode>0</Opcode><Keywords>0x8000000000000000</Keywords><TimeCreated SystemTime='2020-11-22T08:54:30.7951516Z'/><EventRecordID>9502</EventRecordID><Correlation/><Execution ProcessID='35996' ThreadID='36956'/><Channel>Microsoft-Windows-Sysmon/Operational</Channel><Computer>DESKTOP-OD0Q7OR</Computer><Security UserID='S-1-5-18'/></System><EventData><Data Name='RuleName'>-</Data><Data Name='UtcTime'>2020-11-22 08:54:30.793</Data><Data Name='ProcessGuid'>{c9037512-2746-5fba-1a8f-010000000b00}</Data><Data Name='ProcessId'>38244</Data><Data Name='Image'>D:\케이쉴드주니어\python\FindWally\program\volatility\vol_2.6.exe</Data><Data Name='FileVersion'>-</Data><Data Name='Description'>-</Data><Data Name='Product'>-</Data><Data Name='Company'>-</Data><Data Name='OriginalFileName'>-</Data><Data Name='CommandLine'>vol_2.6.exe -f WIN-UDBRDQCHDVH-20201114-073411.raw --profile=Win7SP1x64 printkey -o 0xfffff8a001c20010 -K Software</Data><Data Name='CurrentDirectory'>D:\케이쉴드주니어\python\FindWally\program\volatility\</Data><Data Name='User'>DESKTOP-OD0Q7OR\dayou</Data><Data Name='LogonGuid'>{c9037512-8161-5fb8-7198-7d2b00000000}</Data><Data Name='LogonId'>0x2b7d9871</Data><Data Name='TerminalSessionId'>10</Data><Data Name='IntegrityLevel'>High</Data><Data Name='Hashes'>SHA1=AE08F33AB8B4E4D452FD44B0D42645475DE62218</Data><Data Name='ParentProcessGuid'>{c9037512-2745-5fba-198f-010000000b00}</Data><Data Name='ParentProcessId'>1380</Data><Data Name='ParentImage'>D:\케이쉴드주니어\python\FindWally\program\volatility\vol_2.6.exe</Data><Data Name='ParentCommandLine'>vol_2.6.exe -f WIN-UDBRDQCHDVH-20201114-073411.raw --profile=Win7SP1x64 printkey -o 0xfffff8a001c20010 -K Software</Data></EventData></Event>
<Event xmlns='http://schemas.microsoft.com/win/2004/08/events/event'><System><Provider Name='Microsoft-Windows-Sysmon' Guid='{5770385f-c22a-43e0-bf4c-06f5698ffbd9}'/><EventID>5</EventID><Version>3</Version><Level>4</Level><Task>5</Task><Opcode>0</Opcode><Keywords>0x8000000000000000</Keywords><TimeCreated SystemTime='2020-11-22T08:54:32.8323032Z'/><EventRecordID>9503</EventRecordID><Correlation/><Execution ProcessID='35996' ThreadID='36956'/><Channel>Microsoft-Windows-Sysmon/Operational</Channel><Computer>DESKTOP-OD0Q7OR</Computer><Security UserID='S-1-5-18'/></System><EventData><Data Name='RuleName'>-</Data><Data Name='UtcTime'>2020-11-22 08:54:32.831</Data><Data Name='ProcessGuid'>{c9037512-2746-5fba-1a8f-010000000b00}</Data><Data Name='ProcessId'>38244</Data><Data Name='Image'>D:\케이쉴드주니어\python\FindWally\program\volatility\vol_2.6.exe</Data></EventData></Event>
<Event xmlns='http://schemas.microsoft.com/win/2004/08/events/event'><System><Provider Name='Microsoft-Windows-Sysmon' Guid='{5770385f-c22a-43e0-bf4c-06f5698ffbd9}'/><EventID>5</EventID><Version>3</Version><Level>4</Level><Task>5</Task><Opcode>0</Opcode><Keywords>0x8000000000000000</Keywords><TimeCreated SystemTime='2020-11-22T08:54:32.9938579Z'/><EventRecordID>9504</EventRecordID><Correlation/><Execution ProcessID='35996' ThreadID='36956'/><Channel>Microsoft-Windows-Sysmon/Operational</Channel><Computer>DESKTOP-OD0Q7OR</Computer><Security UserID='S-1-5-18'/></System><EventData><Data Name='RuleName'>-</Data><Data Name='UtcTime'>2020-11-22 08:54:32.993</Data><Data Name='ProcessGuid'>{c9037512-2745-5fba-198f-010000000b00}</Data><Data Name='ProcessId'>1380</Data><Data Name='Image'>D:\케이쉴드주니어\python\FindWally\program\volatility\vol_2.6.exe</Data></EventData></Event>
<Event xmlns='http://schemas.microsoft.com/win/2004/08/events/event'><System><Provider Name='Microsoft-Windows-Sysmon' Guid='{5770385f-c22a-43e0-bf4c-06f5698ffbd9}'/><EventID>1</EventID><Version>5</Version><Level>4</Level><Task>1</Task><Opcode>0</Opcode><Keywords>0x8000000000000000</Keywords><TimeCreated SystemTime='2020-11-22T08:54:33.3035603Z'/><EventRecordID>9505</EventRecordID><Correlation/><Execution ProcessID='35996' ThreadID='36956'/><Channel>Microsoft-Windows-Sysmon/Operational</Channel><Computer>DESKTOP-OD0Q7OR</Computer><Security UserID='S-1-5-18'/></System><EventData><Data Name='RuleName'>-</Data><Data Name='UtcTime'>2020-11-22 08:54:33.301</Data><Data Name='ProcessGuid'>{c9037512-2749-5fba-1b8f-010000000b00}</Data><Data Name='ProcessId'>34760</Data><Data Name='Image'>D:\케이쉴드주니어\python\FindWally\program\volatility\vol_2.6.exe</Data><Data Name='FileVersion'>-</Data><Data Name='Description'>-</Data><Data Name='Product'>-</Data><Data Name='Company'>-</Data><Data Name='OriginalFileName'>-</Data><Data Name='CommandLine'>vol_2.6.exe -f WIN-UDBRDQCHDVH-20201114-073411.raw --profile=Win7SP1x64 -o 0xfffff8a001c62010 printkey</Data><Data Name='CurrentDirectory'>D:\케이쉴드주니어\python\FindWally\program\volatility\</Data><Data Name='User'>DESKTOP-OD0Q7OR\dayou</Data><Data Name='LogonGuid'>{c9037512-8161-5fb8-7198-7d2b00000000}</Data><Data Name='LogonId'>0x2b7d9871</Data><Data Name='TerminalSessionId'>10</Data><Data Name='IntegrityLevel'>High</Data><Data Name='Hashes'>SHA1=AE08F33AB8B4E4D452FD44B0D42645475DE62218</Data><Data Name='ParentProcessGuid'>{c9037512-26a2-5fba-be8e-010000000b00}</Data><Data Name='ParentProcessId'>39444</Data><Data Name='ParentImage'>D:\Anaconda3\python.exe</Data><Data Name='ParentCommandLine'>"D:\Anaconda3\python.exe" "-c" "from multiprocessing.spawn import spawn_main; spawn_main(parent_pid=11048, pipe_handle=2476)" "--multiprocessing-fork"</Data></EventData></Event>
<Event xmlns='http://schemas.microsoft.com/win/2004/08/events/event'><System><Provider Name='Microsoft-Windows-Sysmon' Guid='{5770385f-c22a-43e0-bf4c-06f5698ffbd9}'/><EventID>1</EventID><Version>5</Version><Level>4</Level><Task>1</Task><Opcode>0</Opcode><Keywords>0x8000000000000000</Keywords><TimeCreated SystemTime='2020-11-22T08:54:34.1448153Z'/><EventRecordID>9506</EventRecordID><Correlation/><Execution ProcessID='35996' ThreadID='36956'/><Channel>Microsoft-Windows-Sysmon/Operational</Channel><Computer>DESKTOP-OD0Q7OR</Computer><Security UserID='S-1-5-18'/></System><EventData><Data Name='RuleName'>-</Data><Data Name='UtcTime'>2020-11-22 08:54:34.142</Data><Data Name='ProcessGuid'>{c9037512-274a-5fba-1c8f-010000000b00}</Data><Data Name='ProcessId'>36920</Data><Data Name='Image'>D:\케이쉴드주니어\python\FindWally\program\volatility\vol_2.6.exe</Data><Data Name='FileVersion'>-</Data><Data Name='Description'>-</Data><Data Name='Product'>-</Data><Data Name='Company'>-</Data><Data Name='OriginalFileName'>-</Data><Data Name='CommandLine'>vol_2.6.exe -f WIN-UDBRDQCHDVH-20201114-073411.raw --profile=Win7SP1x64 -o 0xfffff8a001c62010 printkey</Data><Data Name='CurrentDirectory'>D:\케이쉴드주니어\python\FindWally\program\volatility\</Data><Data Name='User'>DESKTOP-OD0Q7OR\dayou</Data><Data Name='LogonGuid'>{c9037512-8161-5fb8-7198-7d2b00000000}</Data><Data Name='LogonId'>0x2b7d9871</Data><Data Name='TerminalSessionId'>10</Data><Data Name='IntegrityLevel'>High</Data><Data Name='Hashes'>SHA1=AE08F33AB8B4E4D452FD44B0D42645475DE62218</Data><Data Name='ParentProcessGuid'>{c9037512-2749-5fba-1b8f-010000000b00}</Data><Data Name='ParentProcessId'>34760</Data><Data Name='ParentImage'>D:\케이쉴드주니어\python\FindWally\program\volatility\vol_2.6.exe</Data><Data Name='ParentCommandLine'>vol_2.6.exe -f WIN-UDBRDQCHDVH-20201114-073411.raw --profile=Win7SP1x64 -o 0xfffff8a001c62010 printkey</Data></EventData></Event>
<Event xmlns='http://schemas.microsoft.com/win/2004/08/events/event'><System><Provider Name='Microsoft-Windows-Sysmon' Guid='{5770385f-c22a-43e0-bf4c-06f5698ffbd9}'/><EventID>5</EventID><Version>3</Version><Level>4</Level><Task>5</Task><Opcode>0</Opcode><Keywords>0x8000000000000000</Keywords><TimeCreated SystemTime='2020-11-22T08:54:35.9238944Z'/><EventRecordID>9507</EventRecordID><Correlation/><Execution ProcessID='35996' ThreadID='36956'/><Channel>Microsoft-Windows-Sysmon/Operational</Channel><Computer>DESKTOP-OD0Q7OR</Computer><Security UserID='S-1-5-18'/></System><EventData><Data Name='RuleName'>-</Data><Data Name='UtcTime'>2020-11-22 08:54:35.923</Data><Data Name='ProcessGuid'>{c9037512-274a-5fba-1c8f-010000000b00}</Data><Data Name='ProcessId'>36920</Data><Data Name='Image'>D:\케이쉴드주니어\python\FindWally\program\volatility\vol_2.6.exe</Data></EventData></Event>
<Event xmlns='http://schemas.microsoft.com/win/2004/08/events/event'><System><Provider Name='Microsoft-Windows-Sysmon' Guid='{5770385f-c22a-43e0-bf4c-06f5698ffbd9}'/><EventID>5</EventID><Version>3</Version><Level>4</Level><Task>5</Task><Opcode>0</Opcode><Keywords>0x8000000000000000</Keywords><TimeCreated SystemTime='2020-11-22T08:54:36.1395014Z'/><EventRecordID>9508</EventRecordID><Correlation/><Execution ProcessID='35996' ThreadID='36956'/><Channel>Microsoft-Windows-Sysmon/Operational</Channel><Computer>DESKTOP-OD0Q7OR</Computer><Security UserID='S-1-5-18'/></System><EventData><Data Name='RuleName'>-</Data><Data Name='UtcTime'>2020-11-22 08:54:36.138</Data><Data Name='ProcessGuid'>{c9037512-2749-5fba-1b8f-010000000b00}</Data><Data Name='ProcessId'>34760</Data><Data Name='Image'>D:\케이쉴드주니어\python\FindWally\program\volatility\vol_2.6.exe</Data></EventData></Event>
<Event xmlns='http://schemas.microsoft.com/win/2004/08/events/event'><System><Provider Name='Microsoft-Windows-Sysmon' Guid='{5770385f-c22a-43e0-bf4c-06f5698ffbd9}'/><EventID>1</EventID><Version>5</Version><Level>4</Level><Task>1</Task><Opcode>0</Opcode><Keywords>0x8000000000000000</Keywords><TimeCreated SystemTime='2020-11-22T08:54:36.1430626Z'/><EventRecordID>9509</EventRecordID><Correlation/><Execution ProcessID='35996' ThreadID='36956'/><Channel>Microsoft-Windows-Sysmon/Operational</Channel><Computer>DESKTOP-OD0Q7OR</Computer><Security UserID='S-1-5-18'/></System><EventData><Data Name='RuleName'>-</Data><Data Name='UtcTime'>2020-11-22 08:54:36.141</Data><Data Name='ProcessGuid'>{c9037512-274c-5fba-1d8f-010000000b00}</Data><Data Name='ProcessId'>39732</Data><Data Name='Image'>D:\케이쉴드주니어\python\FindWally\program\volatility\vol_2.6.exe</Data><Data Name='FileVersion'>-</Data><Data Name='Description'>-</Data><Data Name='Product'>-</Data><Data Name='Company'>-</Data><Data Name='OriginalFileName'>-</Data><Data Name='CommandLine'>vol_2.6.exe -f WIN-UDBRDQCHDVH-20201114-073411.raw --profile=Win7SP1x64 -o 0xfffff8a002191010 printkey</Data><Data Name='CurrentDirectory'>D:\케이쉴드주니어\python\FindWally\program\volatility\</Data><Data Name='User'>DESKTOP-OD0Q7OR\dayou</Data><Data Name='LogonGuid'>{c9037512-8161-5fb8-7198-7d2b00000000}</Data><Data Name='LogonId'>0x2b7d9871</Data><Data Name='TerminalSessionId'>10</Data><Data Name='IntegrityLevel'>High</Data><Data Name='Hashes'>SHA1=AE08F33AB8B4E4D452FD44B0D42645475DE62218</Data><Data Name='ParentProcessGuid'>{c9037512-26a2-5fba-be8e-010000000b00}</Data><Data Name='ParentProcessId'>39444</Data><Data Name='ParentImage'>D:\Anaconda3\python.exe</Data><Data Name='ParentCommandLine'>"D:\Anaconda3\python.exe" "-c" "from multiprocessing.spawn import spawn_main; spawn_main(parent_pid=11048, pipe_handle=2476)" "--multiprocessing-fork"</Data></EventData></Event>
<Event xmlns='http://schemas.microsoft.com/win/2004/08/events/event'><System><Provider Name='Microsoft-Windows-Sysmon' Guid='{5770385f-c22a-43e0-bf4c-06f5698ffbd9}'/><EventID>1</EventID><Version>5</Version><Level>4</Level><Task>1</Task><Opcode>0</Opcode><Keywords>0x8000000000000000</Keywords><TimeCreated SystemTime='2020-11-22T08:54:36.9822808Z'/><EventRecordID>9510</EventRecordID><Correlation/><Execution ProcessID='35996' ThreadID='36956'/><Channel>Microsoft-Windows-Sysmon/Operational</Channel><Computer>DESKTOP-OD0Q7OR</Computer><Security UserID='S-1-5-18'/></System><EventData><Data Name='RuleName'>-</Data><Data Name='UtcTime'>2020-11-22 08:54:36.980</Data><Data Name='ProcessGuid'>{c9037512-274c-5fba-1e8f-010000000b00}</Data><Data Name='ProcessId'>40604</Data><Data Name='Image'>D:\케이쉴드주니어\python\FindWally\program\volatility\vol_2.6.exe</Data><Data Name='FileVersion'>-</Data><Data Name='Description'>-</Data><Data Name='Product'>-</Data><Data Name='Company'>-</Data><Data Name='OriginalFileName'>-</Data><Data Name='CommandLine'>vol_2.6.exe -f WIN-UDBRDQCHDVH-20201114-073411.raw --profile=Win7SP1x64 -o 0xfffff8a002191010 printkey</Data><Data Name='CurrentDirectory'>D:\케이쉴드주니어\python\FindWally\program\volatility\</Data><Data Name='User'>DESKTOP-OD0Q7OR\dayou</Data><Data Name='LogonGuid'>{c9037512-8161-5fb8-7198-7d2b00000000}</Data><Data Name='LogonId'>0x2b7d9871</Data><Data Name='TerminalSessionId'>10</Data><Data Name='IntegrityLevel'>High</Data><Data Name='Hashes'>SHA1=AE08F33AB8B4E4D452FD44B0D42645475DE62218</Data><Data Name='ParentProcessGuid'>{c9037512-274c-5fba-1d8f-010000000b00}</Data><Data Name='ParentProcessId'>39732</Data><Data Name='ParentImage'>D:\케이쉴드주니어\python\FindWally\program\volatility\vol_2.6.exe</Data><Data Name='ParentCommandLine'>vol_2.6.exe -f WIN-UDBRDQCHDVH-20201114-073411.raw --profile=Win7SP1x64 -o 0xfffff8a002191010 printkey</Data></EventData></Event>
<Event xmlns='http://schemas.microsoft.com/win/2004/08/events/event'><System><Provider Name='Microsoft-Windows-Sysmon' Guid='{5770385f-c22a-43e0-bf4c-06f5698ffbd9}'/><EventID>1</EventID><Version>5</Version><Level>4</Level><Task>1</Task><Opcode>0</Opcode><Keywords>0x8000000000000000</Keywords><TimeCreated SystemTime='2020-11-22T08:54:37.7161524Z'/><EventRecordID>9511</EventRecordID><Correlation/><Execution ProcessID='35996' ThreadID='36956'/><Channel>Microsoft-Windows-Sysmon/Operational</Channel><Computer>DESKTOP-OD0Q7OR</Computer><Security UserID='S-1-5-18'/></System><EventData><Data Name='RuleName'>-</Data><Data Name='UtcTime'>2020-11-22 08:54:37.712</Data><Data Name='ProcessGuid'>{c9037512-274d-5fba-1f8f-010000000b00}</Data><Data Name='ProcessId'>33080</Data><Data Name='Image'>C:\Program Files (x86)\Google\Chrome\Application\chrome.exe</Data><Data Name='FileVersion'>86.0.4240.198</Data><Data Name='Description'>Google Chrome</Data><Data Name='Product'>Google Chrome</Data><Data Name='Company'>Google LLC</Data><Data Name='OriginalFileName'>chrome.exe</Data><Data Name='CommandLine'>"C:\Program Files (x86)\Google\Chrome\Application\chrome.exe" --type=renderer --field-trial-handle=1708,7834201927063821937,15256828772809768920,131072 --lang=ko --extension-process --device-scale-factor=1 --num-raster-threads=3 --enable-main-frame-before-activation --renderer-client-id=1988 --no-v8-untrusted-code-mitigations --mojo-platform-channel-handle=12552 /prefetch:1</Data><Data Name='CurrentDirectory'>C:\Program Files (x86)\Google\Chrome\Application\86.0.4240.198\</Data><Data Name='User'>DESKTOP-OD0Q7OR\dayou</Data><Data Name='LogonGuid'>{c9037512-8161-5fb8-94a9-7d2b00000000}</Data><Data Name='LogonId'>0x2b7da994</Data><Data Name='TerminalSessionId'>10</Data><Data Name='IntegrityLevel'>Low</Data><Data Name='Hashes'>SHA1=D00945460AC8E6CA9AA407B5B3DCC2B84CED3178</Data><Data Name='ParentProcessGuid'>{c9037512-8a88-5fb8-4444-010000000b00}</Data><Data Name='ParentProcessId'>13148</Data><Data Name='ParentImage'>C:\Program Files (x86)\Google\Chrome\Application\chrome.exe</Data><Data Name='ParentCommandLine'>"C:\Program Files (x86)\Google\Chrome\Application\chrome.exe" </Data></EventData></Event>
<Event xmlns='http://schemas.microsoft.com/win/2004/08/events/event'><System><Provider Name='Microsoft-Windows-Sysmon' Guid='{5770385f-c22a-43e0-bf4c-06f5698ffbd9}'/><EventID>1</EventID><Version>5</Version><Level>4</Level><Task>1</Task><Opcode>0</Opcode><Keywords>0x8000000000000000</Keywords><TimeCreated SystemTime='2020-11-22T08:54:37.8012562Z'/><EventRecordID>9512</EventRecordID><Correlation/><Execution ProcessID='35996' ThreadID='36956'/><Channel>Microsoft-Windows-Sysmon/Operational</Channel><Computer>DESKTOP-OD0Q7OR</Computer><Security UserID='S-1-5-18'/></System><EventData><Data Name='RuleName'>-</Data><Data Name='UtcTime'>2020-11-22 08:54:37.798</Data><Data Name='ProcessGuid'>{c9037512-274d-5fba-208f-010000000b00}</Data><Data Name='ProcessId'>33824</Data><Data Name='Image'>C:\Program Files (x86)\Google\Chrome\Application\chrome.exe</Data><Data Name='FileVersion'>86.0.4240.198</Data><Data Name='Description'>Google Chrome</Data><Data Name='Product'>Google Chrome</Data><Data Name='Company'>Google LLC</Data><Data Name='OriginalFileName'>chrome.exe</Data><Data Name='CommandLine'>"C:\Program Files (x86)\Google\Chrome\Application\chrome.exe" --type=renderer --field-trial-handle=1708,7834201927063821937,15256828772809768920,131072 --lang=ko --extension-process --device-scale-factor=1 --num-raster-threads=3 --enable-main-frame-before-activation --renderer-client-id=1989 --no-v8-untrusted-code-mitigations --mojo-platform-channel-handle=9640 /prefetch:1</Data><Data Name='CurrentDirectory'>C:\Program Files (x86)\Google\Chrome\Application\86.0.4240.198\</Data><Data Name='User'>DESKTOP-OD0Q7OR\dayou</Data><Data Name='LogonGuid'>{c9037512-8161-5fb8-94a9-7d2b00000000}</Data><Data Name='LogonId'>0x2b7da994</Data><Data Name='TerminalSessionId'>10</Data><Data Name='IntegrityLevel'>Low</Data><Data Name='Hashes'>SHA1=D00945460AC8E6CA9AA407B5B3DCC2B84CED3178</Data><Data Name='ParentProcessGuid'>{c9037512-8a88-5fb8-4444-010000000b00}</Data><Data Name='ParentProcessId'>13148</Data><Data Name='ParentImage'>C:\Program Files (x86)\Google\Chrome\Application\chrome.exe</Data><Data Name='ParentCommandLine'>"C:\Program Files (x86)\Google\Chrome\Application\chrome.exe" </Data></EventData></Event>
<Event xmlns='http://schemas.microsoft.com/win/2004/08/events/event'><System><Provider Name='Microsoft-Windows-Sysmon' Guid='{5770385f-c22a-43e0-bf4c-06f5698ffbd9}'/><EventID>5</EventID><Version>3</Version><Level>4</Level><Task>5</Task><Opcode>0</Opcode><Keywords>0x8000000000000000</Keywords><TimeCreated SystemTime='2020-11-22T08:54:38.5188853Z'/><EventRecordID>9513</EventRecordID><Correlation/><Execution ProcessID='35996' ThreadID='36956'/><Channel>Microsoft-Windows-Sysmon/Operational</Channel><Computer>DESKTOP-OD0Q7OR</Computer><Security UserID='S-1-5-18'/></System><EventData><Data Name='RuleName'>-</Data><Data Name='UtcTime'>2020-11-22 08:54:38.517</Data><Data Name='ProcessGuid'>{c9037512-274c-5fba-1e8f-010000000b00}</Data><Data Name='ProcessId'>40604</Data><Data Name='Image'>D:\케이쉴드주니어\python\FindWally\program\volatility\vol_2.6.exe</Data></EventData></Event>
<Event xmlns='http://schemas.microsoft.com/win/2004/08/events/event'><System><Provider Name='Microsoft-Windows-Sysmon' Guid='{5770385f-c22a-43e0-bf4c-06f5698ffbd9}'/><EventID>5</EventID><Version>3</Version><Level>4</Level><Task>5</Task><Opcode>0</Opcode><Keywords>0x8000000000000000</Keywords><TimeCreated SystemTime='2020-11-22T08:54:38.6763384Z'/><EventRecordID>9514</EventRecordID><Correlation/><Execution ProcessID='35996' ThreadID='36956'/><Channel>Microsoft-Windows-Sysmon/Operational</Channel><Computer>DESKTOP-OD0Q7OR</Computer><Security UserID='S-1-5-18'/></System><EventData><Data Name='RuleName'>-</Data><Data Name='UtcTime'>2020-11-22 08:54:38.675</Data><Data Name='ProcessGuid'>{c9037512-274c-5fba-1d8f-010000000b00}</Data><Data Name='ProcessId'>39732</Data><Data Name='Image'>D:\케이쉴드주니어\python\FindWally\program\volatility\vol_2.6.exe</Data></EventData></Event>
<Event xmlns='http://schemas.microsoft.com/win/2004/08/events/event'><System><Provider Name='Microsoft-Windows-Sysmon' Guid='{5770385f-c22a-43e0-bf4c-06f5698ffbd9}'/><EventID>1</EventID><Version>5</Version><Level>4</Level><Task>1</Task><Opcode>0</Opcode><Keywords>0x8000000000000000</Keywords><TimeCreated SystemTime='2020-11-22T08:54:38.6798557Z'/><EventRecordID>9515</EventRecordID><Correlation/><Execution ProcessID='35996' ThreadID='36956'/><Channel>Microsoft-Windows-Sysmon/Operational</Channel><Computer>DESKTOP-OD0Q7OR</Computer><Security UserID='S-1-5-18'/></System><EventData><Data Name='RuleName'>-</Data><Data Name='UtcTime'>2020-11-22 08:54:38.677</Data><Data Name='ProcessGuid'>{c9037512-274e-5fba-218f-010000000b00}</Data><Data Name='ProcessId'>34944</Data><Data Name='Image'>D:\케이쉴드주니어\python\FindWally\program\volatility\vol_2.6.exe</Data><Data Name='FileVersion'>-</Data><Data Name='Description'>-</Data><Data Name='Product'>-</Data><Data Name='Company'>-</Data><Data Name='OriginalFileName'>-</Data><Data Name='CommandLine'>vol_2.6.exe -f WIN-UDBRDQCHDVH-20201114-073411.raw --profile=Win7SP1x64 -o 0xfffff8a005f24010 printkey</Data><Data Name='CurrentDirectory'>D:\케이쉴드주니어\python\FindWally\program\volatility\</Data><Data Name='User'>DESKTOP-OD0Q7OR\dayou</Data><Data Name='LogonGuid'>{c9037512-8161-5fb8-7198-7d2b00000000}</Data><Data Name='LogonId'>0x2b7d9871</Data><Data Name='TerminalSessionId'>10</Data><Data Name='IntegrityLevel'>High</Data><Data Name='Hashes'>SHA1=AE08F33AB8B4E4D452FD44B0D42645475DE62218</Data><Data Name='ParentProcessGuid'>{c9037512-26a2-5fba-be8e-010000000b00}</Data><Data Name='ParentProcessId'>39444</Data><Data Name='ParentImage'>D:\Anaconda3\python.exe</Data><Data Name='ParentCommandLine'>"D:\Anaconda3\python.exe" "-c" "from multiprocessing.spawn import spawn_main; spawn_main(parent_pid=11048, pipe_handle=2476)" "--multiprocessing-fork"</Data></EventData></Event>
<Event xmlns='http://schemas.microsoft.com/win/2004/08/events/event'><System><Provider Name='Microsoft-Windows-Sysmon' Guid='{5770385f-c22a-43e0-bf4c-06f5698ffbd9}'/><EventID>1</EventID><Version>5</Version><Level>4</Level><Task>1</Task><Opcode>0</Opcode><Keywords>0x8000000000000000</Keywords><TimeCreated SystemTime='2020-11-22T08:54:39.5473711Z'/><EventRecordID>9516</EventRecordID><Correlation/><Execution ProcessID='35996' ThreadID='36956'/><Channel>Microsoft-Windows-Sysmon/Operational</Channel><Computer>DESKTOP-OD0Q7OR</Computer><Security UserID='S-1-5-18'/></System><EventData><Data Name='RuleName'>-</Data><Data Name='UtcTime'>2020-11-22 08:54:39.545</Data><Data Name='ProcessGuid'>{c9037512-274f-5fba-228f-010000000b00}</Data><Data Name='ProcessId'>40184</Data><Data Name='Image'>D:\케이쉴드주니어\python\FindWally\program\volatility\vol_2.6.exe</Data><Data Name='FileVersion'>-</Data><Data Name='Description'>-</Data><Data Name='Product'>-</Data><Data Name='Company'>-</Data><Data Name='OriginalFileName'>-</Data><Data Name='CommandLine'>vol_2.6.exe -f WIN-UDBRDQCHDVH-20201114-073411.raw --profile=Win7SP1x64 -o 0xfffff8a005f24010 printkey</Data><Data Name='CurrentDirectory'>D:\케이쉴드주니어\python\FindWally\program\volatility\</Data><Data Name='User'>DESKTOP-OD0Q7OR\dayou</Data><Data Name='LogonGuid'>{c9037512-8161-5fb8-7198-7d2b00000000}</Data><Data Name='LogonId'>0x2b7d9871</Data><Data Name='TerminalSessionId'>10</Data><Data Name='IntegrityLevel'>High</Data><Data Name='Hashes'>SHA1=AE08F33AB8B4E4D452FD44B0D42645475DE62218</Data><Data Name='ParentProcessGuid'>{c9037512-274e-5fba-218f-010000000b00}</Data><Data Name='ParentProcessId'>34944</Data><Data Name='ParentImage'>D:\케이쉴드주니어\python\FindWally\program\volatility\vol_2.6.exe</Data><Data Name='ParentCommandLine'>vol_2.6.exe -f WIN-UDBRDQCHDVH-20201114-073411.raw --profile=Win7SP1x64 -o 0xfffff8a005f24010 printkey</Data></EventData></Event>
<Event xmlns='http://schemas.microsoft.com/win/2004/08/events/event'><System><Provider Name='Microsoft-Windows-Sysmon' Guid='{5770385f-c22a-43e0-bf4c-06f5698ffbd9}'/><EventID>1</EventID><Version>5</Version><Level>4</Level><Task>1</Task><Opcode>0</Opcode><Keywords>0x8000000000000000</Keywords><TimeCreated SystemTime='2020-11-22T08:54:40.0404862Z'/><EventRecordID>9517</EventRecordID><Correlation/><Execution ProcessID='35996' ThreadID='36956'/><Channel>Microsoft-Windows-Sysmon/Operational</Channel><Computer>DESKTOP-OD0Q7OR</Computer><Security UserID='S-1-5-18'/></System><EventData><Data Name='RuleName'>-</Data><Data Name='UtcTime'>2020-11-22 08:54:40.037</Data><Data Name='ProcessGuid'>{c9037512-2750-5fba-238f-010000000b00}</Data><Data Name='ProcessId'>38100</Data><Data Name='Image'>D:\PyCharm Community Edition 2020.2.3\bin\runnerw64.exe</Data><Data Name='FileVersion'>1.0.0.1</Data><Data Name='Description'>Command line runner</Data><Data Name='Product'>IntelliJ Platform</Data><Data Name='Company'>JetBrains s.r.o.</Data><Data Name='OriginalFileName'>runnerw.exe</Data><Data Name='CommandLine'>"D:\PyCharm Community Edition 2020.2.3\bin\runnerw64.exe" "C:\Program Files\Git\cmd\git.exe" -c credential.helper= -c core.quotepath=false -c log.showSignature=false status --porcelain -z --untracked-files=no --ignored=no -- program/volatility/20201122-175147/hivelist.json program/volatility/20201122-175147/imageinfo_data.json program/volatility/20201122-175147/printkey_Run_hit_process_value.json program/volatility/20201122-175147/printkey_Run_process.json program/volatility/20201122-175147/printkey_software_hit_process_subkeys.json program/volatility/20201122-175147/pstree.json program/volatility/20201122-175147/pstree_hit_process_path.json program/volatility/20201122-175147/sub_pstree.json program/volatility/20201122-175147/subprocess_powershell_hit_process.json program/volatility/json/Detect_explorer_subprocess_hit_process.json program/volatility/json/Dlllist_Syswow64_netscan_yarascan_hit_process.json program/volatility/json/Result_hit_process.json program/volatility/json/hivelist.json program/volatility/json/imageinfo_data.json program/volatility/json/ldrmodules_hit_process.json program/volatility/json/ldrmodules_process_dll.json program/volatility/json/netscan_and_psxview_hit_process.json program/volatility/json/netscan_hit_process.json program/volatility/json/netscan_process.json program/volatility/json/printkey_Run_hit_process_value.json program/volatility/json/printkey_Run_process.json program/volatility/json/printkey_hit_process_subkeys.json program/volatility/json/printkey_software_hit_process_subkeys.json program/volatility/json/pstree.json program/volatility/json/pstree_hit_process_path.json program/volatility/json/psxview_hit_process.json program/volatility/json/psxview_process.json program/volatility/json/sub_pstree.json program/volatility/json/subprocess_powershell_hit_process.json program/volatility/json/yarascan_hit_process.json src/core/Sysmon/ProcessTree/Entry.py src/core/Sysmon/ProcessTree/Node.py src/core/Sysmon/ProcessTree/Process.py src/core/Sysmon/ProcessTree/ProcessTree.py src/core/Sysmon/ProcessTree/ProcessTreeAnalyzer.py src/core/Sysmon/ProcessTree/Xml.py src/core/Sysmon/ProcessTree/__init__.py src/core/Sysmon/Rule/1/rule.json src/core/Sysmon/Rule/1st_filtering/First_filtering.json src/core/Sysmon/Rule/1st_filtering/include_living_of_the_land.xml src/core/Sysmon/Rule/1st_filtering/pars.py src/core/Sysmon/Rule/DetectProcess.py src/core/Sysmon/Rule/Rule.py src/core/Sysmon/Rule/RuleEventIdOneFive.json src/core/Sysmon/Rule/RuleEventIdThree.json src/core/Sysmon/Rule/RuleSet.py src/core/Sysmon/Rule/make_json.py "src/core/Sysmon/Sysmon Set/FW_Sysmon_config.xml" "src/core/Sysmon/Sysmon Set/Sysmon_Event_Collecter.py" src/core/Sysmon/Sysmon_Event_Collecter.py src/core/Sysmon/a.txt src/core/Sysmon/detected/a.txt src/core/Sysmon/event_tmp.xml src/core/Sysmon/main.py src/gui/2020-11-18.xml src/gui/2020-11-22.xml src/gui/AfterDetectedResultFrame.py src/gui/DefenderLog_frame.py src/gui/EventLogAnalysis_frame.py src/gui/GUI_DefenderLog.py src/gui/GUI_Main.py src/gui/GUI_Main_Merge.py src/gui/GUI_Memory.py src/gui/GUI_Sys.py src/gui/GUI_Sys2.py src/gui/LiveDetectedResultFrame.py src/gui/Main_frame.py src/gui/dict.xml src/gui/event_tmp.xml src/gui/sysmon_bySUN.py</Data><Data Name='CurrentDirectory'>D:\케이쉴드주니어\python\FindWally\</Data><Data Name='User'>DESKTOP-OD0Q7OR\dayou</Data><Data Name='LogonGuid'>{c9037512-8161-5fb8-7198-7d2b00000000}</Data><Data Name='LogonId'>0x2b7d9871</Data><Data Name='TerminalSessionId'>10</Data><Data Name='IntegrityLevel'>High</Data><Data Name='Hashes'>SHA1=F613D1D9ED9FCFA8BF3D422512D05250F3F7FF04</Data><Data Name='ParentProcessGuid'>{c9037512-2528-5fba-008d-010000000b00}</Data><Data Name='ParentProcessId'>38188</Data><Data Name='ParentImage'>D:\PyCharm Community Edition 2020.2.3\bin\pycharm64.exe</Data><Data Name='ParentCommandLine'>"D:\PyCharm Community Edition 2020.2.3\bin\pycharm64.exe" </Data></EventData></Event>
<Event xmlns='http://schemas.microsoft.com/win/2004/08/events/event'><System><Provider Name='Microsoft-Windows-Sysmon' Guid='{5770385f-c22a-43e0-bf4c-06f5698ffbd9}'/><EventID>1</EventID><Version>5</Version><Level>4</Level><Task>1</Task><Opcode>0</Opcode><Keywords>0x8000000000000000</Keywords><TimeCreated SystemTime='2020-11-22T08:54:40.0487278Z'/><EventRecordID>9518</EventRecordID><Correlation/><Execution ProcessID='35996' ThreadID='36956'/><Channel>Microsoft-Windows-Sysmon/Operational</Channel><Computer>DESKTOP-OD0Q7OR</Computer><Security UserID='S-1-5-18'/></System><EventData><Data Name='RuleName'>-</Data><Data Name='UtcTime'>2020-11-22 08:54:40.046</Data><Data Name='ProcessGuid'>{c9037512-2750-5fba-248f-010000000b00}</Data><Data Name='ProcessId'>35644</Data><Data Name='Image'>C:\Windows\System32\conhost.exe</Data><Data Name='FileVersion'>10.0.19041.546 (WinBuild.160101.0800)</Data><Data Name='Description'>Console Window Host</Data><Data Name='Product'>Microsoft® Windows® Operating System</Data><Data Name='Company'>Microsoft Corporation</Data><Data Name='OriginalFileName'>CONHOST.EXE</Data><Data Name='CommandLine'>\??\C:\WINDOWS\system32\conhost.exe 0xffffffff -ForceV1</Data><Data Name='CurrentDirectory'>C:\WINDOWS</Data><Data Name='User'>DESKTOP-OD0Q7OR\dayou</Data><Data Name='LogonGuid'>{c9037512-8161-5fb8-7198-7d2b00000000}</Data><Data Name='LogonId'>0x2b7d9871</Data><Data Name='TerminalSessionId'>10</Data><Data Name='IntegrityLevel'>High</Data><Data Name='Hashes'>SHA1=A1E4B2CC40A39BF64012D1411F92B12D1F9791E8</Data><Data Name='ParentProcessGuid'>{c9037512-2750-5fba-238f-010000000b00}</Data><Data Name='ParentProcessId'>38100</Data><Data Name='ParentImage'>D:\PyCharm Community Edition 2020.2.3\bin\runnerw64.exe</Data><Data Name='ParentCommandLine'>"D:\PyCharm Community Edition 2020.2.3\bin\runnerw64.exe" "C:\Program Files\Git\cmd\git.exe" -c credential.helper= -c core.quotepath=false -c log.showSignature=false status --porcelain -z --untracked-files=no --ignored=no -- program/volatility/20201122-175147/hivelist.json program/volatility/20201122-175147/imageinfo_data.json program/volatility/20201122-175147/printkey_Run_hit_process_value.json program/volatility/20201122-175147/printkey_Run_process.json program/volatility/20201122-175147/printkey_software_hit_process_subkeys.json program/volatility/20201122-175147/pstree.json program/volatility/20201122-175147/pstree_hit_process_path.json program/volatility/20201122-175147/sub_pstree.json program/volatility/20201122-175147/subprocess_powershell_hit_process.json program/volatility/json/Detect_explorer_subprocess_hit_process.json program/volatility/json/Dlllist_Syswow64_netscan_yarascan_hit_process.json program/volatility/json/Result_hit_process.json program/volatility/json/hivelist.json program/volatility/json/imageinfo_data.json program/volatility/json/ldrmodules_hit_process.json program/volatility/json/ldrmodules_process_dll.json program/volatility/json/netscan_and_psxview_hit_process.json program/volatility/json/netscan_hit_process.json program/volatility/json/netscan_process.json program/volatility/json/printkey_Run_hit_process_value.json program/volatility/json/printkey_Run_process.json program/volatility/json/printkey_hit_process_subkeys.json program/volatility/json/printkey_software_hit_process_subkeys.json program/volatility/json/pstree.json program/volatility/json/pstree_hit_process_path.json program/volatility/json/psxview_hit_process.json program/volatility/json/psxview_process.json program/volatility/json/sub_pstree.json program/volatility/json/subprocess_powershell_hit_process.json program/volatility/json/yarascan_hit_process.json src/core/Sysmon/ProcessTree/Entry.py src/core/Sysmon/ProcessTree/Node.py src/core/Sysmon/ProcessTree/Process.py src/core/Sysmon/ProcessTree/ProcessTree.py src/core/Sysmon/ProcessTree/ProcessTreeAnalyzer.py src/core/Sysmon/ProcessTree/Xml.py src/core/Sysmon/ProcessTree/__init__.py src/core/Sysmon/Rule/1/rule.json src/core/Sysmon/Rule/1st_filtering/First_filtering.json src/core/Sysmon/Rule/1st_filtering/include_living_of_the_land.xml src/core/Sysmon/Rule/1st_filtering/pars.py src/core/Sysmon/Rule/DetectProcess.py src/core/Sysmon/Rule/Rule.py src/core/Sysmon/Rule/RuleEventIdOneFive.json src/core/Sysmon/Rule/RuleEventIdThree.json src/core/Sysmon/Rule/RuleSet.py src/core/Sysmon/Rule/make_json.py "src/core/Sysmon/Sysmon Set/FW_Sysmon_config.xml" "src/core/Sysmon/Sysmon Set/Sysmon_Event_Collecter.py" src/core/Sysmon/Sysmon_Event_Collecter.py src/core/Sysmon/a.txt src/core/Sysmon/detected/a.txt src/core/Sysmon/event_tmp.xml src/core/Sysmon/main.py src/gui/2020-11-18.xml src/gui/2020-11-22.xml src/gui/AfterDetectedResultFrame.py src/gui/DefenderLog_frame.py src/gui/EventLogAnalysis_frame.py src/gui/GUI_DefenderLog.py src/gui/GUI_Main.py src/gui/GUI_Main_Merge.py src/gui/GUI_Memory.py src/gui/GUI_Sys.py src/gui/GUI_Sys2.py src/gui/LiveDetectedResultFrame.py src/gui/Main_frame.py src/gui/dict.xml src/gui/event_tmp.xml src/gui/sysmon_bySUN.py</Data></EventData></Event>
<Event xmlns='http://schemas.microsoft.com/win/2004/08/events/event'><System><Provider Name='Microsoft-Windows-Sysmon' Guid='{5770385f-c22a-43e0-bf4c-06f5698ffbd9}'/><EventID>1</EventID><Version>5</Version><Level>4</Level><Task>1</Task><Opcode>0</Opcode><Keywords>0x8000000000000000</Keywords><TimeCreated SystemTime='2020-11-22T08:54:40.0739143Z'/><EventRecordID>9519</EventRecordID><Correlation/><Execution ProcessID='35996' ThreadID='36956'/><Channel>Microsoft-Windows-Sysmon/Operational</Channel><Computer>DESKTOP-OD0Q7OR</Computer><Security UserID='S-1-5-18'/></System><EventData><Data Name='RuleName'>-</Data><Data Name='UtcTime'>2020-11-22 08:54:40.071</Data><Data Name='ProcessGuid'>{c9037512-2750-5fba-258f-010000000b00}</Data><Data Name='ProcessId'>35040</Data><Data Name='Image'>C:\Program Files\Git\cmd\git.exe</Data><Data Name='FileVersion'>-</Data><Data Name='Description'>Git for Windows</Data><Data Name='Product'>Git</Data><Data Name='Company'>The Git Development Community</Data><Data Name='OriginalFileName'>git.exe</Data><Data Name='CommandLine'>"C:\Program Files\Git\cmd\git.exe" -c credential.helper= -c core.quotepath=false -c log.showSignature=false status --porcelain -z --untracked-files=no --ignored=no -- program/volatility/20201122-175147/hivelist.json program/volatility/20201122-175147/imageinfo_data.json program/volatility/20201122-175147/printkey_Run_hit_process_value.json program/volatility/20201122-175147/printkey_Run_process.json program/volatility/20201122-175147/printkey_software_hit_process_subkeys.json program/volatility/20201122-175147/pstree.json program/volatility/20201122-175147/pstree_hit_process_path.json program/volatility/20201122-175147/sub_pstree.json program/volatility/20201122-175147/subprocess_powershell_hit_process.json program/volatility/json/Detect_explorer_subprocess_hit_process.json program/volatility/json/Dlllist_Syswow64_netscan_yarascan_hit_process.json program/volatility/json/Result_hit_process.json program/volatility/json/hivelist.json program/volatility/json/imageinfo_data.json program/volatility/json/ldrmodules_hit_process.json program/volatility/json/ldrmodules_process_dll.json program/volatility/json/netscan_and_psxview_hit_process.json program/volatility/json/netscan_hit_process.json program/volatility/json/netscan_process.json program/volatility/json/printkey_Run_hit_process_value.json program/volatility/json/printkey_Run_process.json program/volatility/json/printkey_hit_process_subkeys.json program/volatility/json/printkey_software_hit_process_subkeys.json program/volatility/json/pstree.json program/volatility/json/pstree_hit_process_path.json program/volatility/json/psxview_hit_process.json program/volatility/json/psxview_process.json program/volatility/json/sub_pstree.json program/volatility/json/subprocess_powershell_hit_process.json program/volatility/json/yarascan_hit_process.json src/core/Sysmon/ProcessTree/Entry.py src/core/Sysmon/ProcessTree/Node.py src/core/Sysmon/ProcessTree/Process.py src/core/Sysmon/ProcessTree/ProcessTree.py src/core/Sysmon/ProcessTree/ProcessTreeAnalyzer.py src/core/Sysmon/ProcessTree/Xml.py src/core/Sysmon/ProcessTree/__init__.py src/core/Sysmon/Rule/1/rule.json src/core/Sysmon/Rule/1st_filtering/First_filtering.json src/core/Sysmon/Rule/1st_filtering/include_living_of_the_land.xml src/core/Sysmon/Rule/1st_filtering/pars.py src/core/Sysmon/Rule/DetectProcess.py src/core/Sysmon/Rule/Rule.py src/core/Sysmon/Rule/RuleEventIdOneFive.json src/core/Sysmon/Rule/RuleEventIdThree.json src/core/Sysmon/Rule/RuleSet.py src/core/Sysmon/Rule/make_json.py "src/core/Sysmon/Sysmon Set/FW_Sysmon_config.xml" "src/core/Sysmon/Sysmon Set/Sysmon_Event_Collecter.py" src/core/Sysmon/Sysmon_Event_Collecter.py src/core/Sysmon/a.txt src/core/Sysmon/detected/a.txt src/core/Sysmon/event_tmp.xml src/core/Sysmon/main.py src/gui/2020-11-18.xml src/gui/2020-11-22.xml src/gui/AfterDetectedResultFrame.py src/gui/DefenderLog_frame.py src/gui/EventLogAnalysis_frame.py src/gui/GUI_DefenderLog.py src/gui/GUI_Main.py src/gui/GUI_Main_Merge.py src/gui/GUI_Memory.py src/gui/GUI_Sys.py src/gui/GUI_Sys2.py src/gui/LiveDetectedResultFrame.py src/gui/Main_frame.py src/gui/dict.xml src/gui/event_tmp.xml src/gui/sysmon_bySUN.py</Data><Data Name='CurrentDirectory'>D:\케이쉴드주니어\python\FindWally\</Data><Data Name='User'>DESKTOP-OD0Q7OR\dayou</Data><Data Name='LogonGuid'>{c9037512-8161-5fb8-7198-7d2b00000000}</Data><Data Name='LogonId'>0x2b7d9871</Data><Data Name='TerminalSessionId'>10</Data><Data Name='IntegrityLevel'>High</Data><Data Name='Hashes'>SHA1=6A306F8BCEC852018CA937EE85BA02F5D2E6EEAA</Data><Data Name='ParentProcessGuid'>{c9037512-2750-5fba-238f-010000000b00}</Data><Data Name='ParentProcessId'>38100</Data><Data Name='ParentImage'>D:\PyCharm Community Edition 2020.2.3\bin\runnerw64.exe</Data><Data Name='ParentCommandLine'>"D:\PyCharm Community Edition 2020.2.3\bin\runnerw64.exe" "C:\Program Files\Git\cmd\git.exe" -c credential.helper= -c core.quotepath=false -c log.showSignature=false status --porcelain -z --untracked-files=no --ignored=no -- program/volatility/20201122-175147/hivelist.json program/volatility/20201122-175147/imageinfo_data.json program/volatility/20201122-175147/printkey_Run_hit_process_value.json program/volatility/20201122-175147/printkey_Run_process.json program/volatility/20201122-175147/printkey_software_hit_process_subkeys.json program/volatility/20201122-175147/pstree.json program/volatility/20201122-175147/pstree_hit_process_path.json program/volatility/20201122-175147/sub_pstree.json program/volatility/20201122-175147/subprocess_powershell_hit_process.json program/volatility/json/Detect_explorer_subprocess_hit_process.json program/volatility/json/Dlllist_Syswow64_netscan_yarascan_hit_process.json program/volatility/json/Result_hit_process.json program/volatility/json/hivelist.json program/volatility/json/imageinfo_data.json program/volatility/json/ldrmodules_hit_process.json program/volatility/json/ldrmodules_process_dll.json program/volatility/json/netscan_and_psxview_hit_process.json program/volatility/json/netscan_hit_process.json program/volatility/json/netscan_process.json program/volatility/json/printkey_Run_hit_process_value.json program/volatility/json/printkey_Run_process.json program/volatility/json/printkey_hit_process_subkeys.json program/volatility/json/printkey_software_hit_process_subkeys.json program/volatility/json/pstree.json program/volatility/json/pstree_hit_process_path.json program/volatility/json/psxview_hit_process.json program/volatility/json/psxview_process.json program/volatility/json/sub_pstree.json program/volatility/json/subprocess_powershell_hit_process.json program/volatility/json/yarascan_hit_process.json src/core/Sysmon/ProcessTree/Entry.py src/core/Sysmon/ProcessTree/Node.py src/core/Sysmon/ProcessTree/Process.py src/core/Sysmon/ProcessTree/ProcessTree.py src/core/Sysmon/ProcessTree/ProcessTreeAnalyzer.py src/core/Sysmon/ProcessTree/Xml.py src/core/Sysmon/ProcessTree/__init__.py src/core/Sysmon/Rule/1/rule.json src/core/Sysmon/Rule/1st_filtering/First_filtering.json src/core/Sysmon/Rule/1st_filtering/include_living_of_the_land.xml src/core/Sysmon/Rule/1st_filtering/pars.py src/core/Sysmon/Rule/DetectProcess.py src/core/Sysmon/Rule/Rule.py src/core/Sysmon/Rule/RuleEventIdOneFive.json src/core/Sysmon/Rule/RuleEventIdThree.json src/core/Sysmon/Rule/RuleSet.py src/core/Sysmon/Rule/make_json.py "src/core/Sysmon/Sysmon Set/FW_Sysmon_config.xml" "src/core/Sysmon/Sysmon Set/Sysmon_Event_Collecter.py" src/core/Sysmon/Sysmon_Event_Collecter.py src/core/Sysmon/a.txt src/core/Sysmon/detected/a.txt src/core/Sysmon/event_tmp.xml src/core/Sysmon/main.py src/gui/2020-11-18.xml src/gui/2020-11-22.xml src/gui/AfterDetectedResultFrame.py src/gui/DefenderLog_frame.py src/gui/EventLogAnalysis_frame.py src/gui/GUI_DefenderLog.py src/gui/GUI_Main.py src/gui/GUI_Main_Merge.py src/gui/GUI_Memory.py src/gui/GUI_Sys.py src/gui/GUI_Sys2.py src/gui/LiveDetectedResultFrame.py src/gui/Main_frame.py src/gui/dict.xml src/gui/event_tmp.xml src/gui/sysmon_bySUN.py</Data></EventData></Event>
