<Event xmlns='http://schemas.microsoft.com/win/2004/08/events/event'><System><Provider Name='Microsoft-Windows-Sysmon' Guid='{5770385f-c22a-43e0-bf4c-06f5698ffbd9}'/><EventID>5</EventID><Version>3</Version><Level>4</Level><Task>5</Task><Opcode>0</Opcode><Keywords>0x8000000000000000</Keywords><TimeCreated SystemTime='2020-11-22T08:54:49.6155777Z'/><EventRecordID>9550</EventRecordID><Correlation/><Execution ProcessID='35996' ThreadID='36956'/><Channel>Microsoft-Windows-Sysmon/Operational</Channel><Computer>DESKTOP-OD0Q7OR</Computer><Security UserID='S-1-5-18'/></System><EventData><Data Name='RuleName'>-</Data><Data Name='UtcTime'>2020-11-22 08:54:49.614</Data><Data Name='ProcessGuid'>{c9037512-2756-5fba-318f-010000000b00}</Data><Data Name='ProcessId'>40460</Data><Data Name='Image'>D:\케이쉴드주니어\python\FindWally\program\volatility\vol_2.6.exe</Data></EventData></Event>
<Event xmlns='http://schemas.microsoft.com/win/2004/08/events/event'><System><Provider Name='Microsoft-Windows-Sysmon' Guid='{5770385f-c22a-43e0-bf4c-06f5698ffbd9}'/><EventID>1</EventID><Version>5</Version><Level>4</Level><Task>1</Task><Opcode>0</Opcode><Keywords>0x8000000000000000</Keywords><TimeCreated SystemTime='2020-11-22T08:54:49.6191267Z'/><EventRecordID>9551</EventRecordID><Correlation/><Execution ProcessID='35996' ThreadID='36956'/><Channel>Microsoft-Windows-Sysmon/Operational</Channel><Computer>DESKTOP-OD0Q7OR</Computer><Security UserID='S-1-5-18'/></System><EventData><Data Name='RuleName'>-</Data><Data Name='UtcTime'>2020-11-22 08:54:49.616</Data><Data Name='ProcessGuid'>{c9037512-2759-5fba-338f-010000000b00}</Data><Data Name='ProcessId'>36192</Data><Data Name='Image'>D:\케이쉴드주니어\python\FindWally\program\volatility\vol_2.6.exe</Data><Data Name='FileVersion'>-</Data><Data Name='Description'>-</Data><Data Name='Product'>-</Data><Data Name='Company'>-</Data><Data Name='OriginalFileName'>-</Data><Data Name='CommandLine'>vol_2.6.exe -f WIN-UDBRDQCHDVH-20201114-073411.raw --profile=Win7SP1x64 -o 0xfffff8a0000f3010 printkey</Data><Data Name='CurrentDirectory'>D:\케이쉴드주니어\python\FindWally\program\volatility\</Data><Data Name='User'>DESKTOP-OD0Q7OR\dayou</Data><Data Name='LogonGuid'>{c9037512-8161-5fb8-7198-7d2b00000000}</Data><Data Name='LogonId'>0x2b7d9871</Data><Data Name='TerminalSessionId'>10</Data><Data Name='IntegrityLevel'>High</Data><Data Name='Hashes'>SHA1=AE08F33AB8B4E4D452FD44B0D42645475DE62218</Data><Data Name='ParentProcessGuid'>{c9037512-26a2-5fba-be8e-010000000b00}</Data><Data Name='ParentProcessId'>39444</Data><Data Name='ParentImage'>D:\Anaconda3\python.exe</Data><Data Name='ParentCommandLine'>"D:\Anaconda3\python.exe" "-c" "from multiprocessing.spawn import spawn_main; spawn_main(parent_pid=11048, pipe_handle=2476)" "--multiprocessing-fork"</Data></EventData></Event>
<Event xmlns='http://schemas.microsoft.com/win/2004/08/events/event'><System><Provider Name='Microsoft-Windows-Sysmon' Guid='{5770385f-c22a-43e0-bf4c-06f5698ffbd9}'/><EventID>1</EventID><Version>5</Version><Level>4</Level><Task>1</Task><Opcode>0</Opcode><Keywords>0x8000000000000000</Keywords><TimeCreated SystemTime='2020-11-22T08:54:50.4705589Z'/><EventRecordID>9552</EventRecordID><Correlation/><Execution ProcessID='35996' ThreadID='36956'/><Channel>Microsoft-Windows-Sysmon/Operational</Channel><Computer>DESKTOP-OD0Q7OR</Computer><Security UserID='S-1-5-18'/></System><EventData><Data Name='RuleName'>-</Data><Data Name='UtcTime'>2020-11-22 08:54:50.468</Data><Data Name='ProcessGuid'>{c9037512-275a-5fba-348f-010000000b00}</Data><Data Name='ProcessId'>36684</Data><Data Name='Image'>D:\케이쉴드주니어\python\FindWally\program\volatility\vol_2.6.exe</Data><Data Name='FileVersion'>-</Data><Data Name='Description'>-</Data><Data Name='Product'>-</Data><Data Name='Company'>-</Data><Data Name='OriginalFileName'>-</Data><Data Name='CommandLine'>vol_2.6.exe -f WIN-UDBRDQCHDVH-20201114-073411.raw --profile=Win7SP1x64 -o 0xfffff8a0000f3010 printkey</Data><Data Name='CurrentDirectory'>D:\케이쉴드주니어\python\FindWally\program\volatility\</Data><Data Name='User'>DESKTOP-OD0Q7OR\dayou</Data><Data Name='LogonGuid'>{c9037512-8161-5fb8-7198-7d2b00000000}</Data><Data Name='LogonId'>0x2b7d9871</Data><Data Name='TerminalSessionId'>10</Data><Data Name='IntegrityLevel'>High</Data><Data Name='Hashes'>SHA1=AE08F33AB8B4E4D452FD44B0D42645475DE62218</Data><Data Name='ParentProcessGuid'>{c9037512-2759-5fba-338f-010000000b00}</Data><Data Name='ParentProcessId'>36192</Data><Data Name='ParentImage'>D:\케이쉴드주니어\python\FindWally\program\volatility\vol_2.6.exe</Data><Data Name='ParentCommandLine'>vol_2.6.exe -f WIN-UDBRDQCHDVH-20201114-073411.raw --profile=Win7SP1x64 -o 0xfffff8a0000f3010 printkey</Data></EventData></Event>
<Event xmlns='http://schemas.microsoft.com/win/2004/08/events/event'><System><Provider Name='Microsoft-Windows-Sysmon' Guid='{5770385f-c22a-43e0-bf4c-06f5698ffbd9}'/><EventID>5</EventID><Version>3</Version><Level>4</Level><Task>5</Task><Opcode>0</Opcode><Keywords>0x8000000000000000</Keywords><TimeCreated SystemTime='2020-11-22T08:54:52.3503406Z'/><EventRecordID>9553</EventRecordID><Correlation/><Execution ProcessID='35996' ThreadID='36956'/><Channel>Microsoft-Windows-Sysmon/Operational</Channel><Computer>DESKTOP-OD0Q7OR</Computer><Security UserID='S-1-5-18'/></System><EventData><Data Name='RuleName'>-</Data><Data Name='UtcTime'>2020-11-22 08:54:52.349</Data><Data Name='ProcessGuid'>{c9037512-275a-5fba-348f-010000000b00}</Data><Data Name='ProcessId'>36684</Data><Data Name='Image'>D:\케이쉴드주니어\python\FindWally\program\volatility\vol_2.6.exe</Data></EventData></Event>
<Event xmlns='http://schemas.microsoft.com/win/2004/08/events/event'><System><Provider Name='Microsoft-Windows-Sysmon' Guid='{5770385f-c22a-43e0-bf4c-06f5698ffbd9}'/><EventID>5</EventID><Version>3</Version><Level>4</Level><Task>5</Task><Opcode>0</Opcode><Keywords>0x8000000000000000</Keywords><TimeCreated SystemTime='2020-11-22T08:54:52.5190370Z'/><EventRecordID>9554</EventRecordID><Correlation/><Execution ProcessID='35996' ThreadID='36956'/><Channel>Microsoft-Windows-Sysmon/Operational</Channel><Computer>DESKTOP-OD0Q7OR</Computer><Security UserID='S-1-5-18'/></System><EventData><Data Name='RuleName'>-</Data><Data Name='UtcTime'>2020-11-22 08:54:52.517</Data><Data Name='ProcessGuid'>{c9037512-2759-5fba-338f-010000000b00}</Data><Data Name='ProcessId'>36192</Data><Data Name='Image'>D:\케이쉴드주니어\python\FindWally\program\volatility\vol_2.6.exe</Data></EventData></Event>
<Event xmlns='http://schemas.microsoft.com/win/2004/08/events/event'><System><Provider Name='Microsoft-Windows-Sysmon' Guid='{5770385f-c22a-43e0-bf4c-06f5698ffbd9}'/><EventID>1</EventID><Version>5</Version><Level>4</Level><Task>1</Task><Opcode>0</Opcode><Keywords>0x8000000000000000</Keywords><TimeCreated SystemTime='2020-11-22T08:54:52.5226086Z'/><EventRecordID>9555</EventRecordID><Correlation/><Execution ProcessID='35996' ThreadID='36956'/><Channel>Microsoft-Windows-Sysmon/Operational</Channel><Computer>DESKTOP-OD0Q7OR</Computer><Security UserID='S-1-5-18'/></System><EventData><Data Name='RuleName'>-</Data><Data Name='UtcTime'>2020-11-22 08:54:52.520</Data><Data Name='ProcessGuid'>{c9037512-275c-5fba-358f-010000000b00}</Data><Data Name='ProcessId'>28060</Data><Data Name='Image'>D:\케이쉴드주니어\python\FindWally\program\volatility\vol_2.6.exe</Data><Data Name='FileVersion'>-</Data><Data Name='Description'>-</Data><Data Name='Product'>-</Data><Data Name='Company'>-</Data><Data Name='OriginalFileName'>-</Data><Data Name='CommandLine'>vol_2.6.exe -f WIN-UDBRDQCHDVH-20201114-073411.raw --profile=Win7SP1x64 -o 0xfffff8a00145b1d0 printkey</Data><Data Name='CurrentDirectory'>D:\케이쉴드주니어\python\FindWally\program\volatility\</Data><Data Name='User'>DESKTOP-OD0Q7OR\dayou</Data><Data Name='LogonGuid'>{c9037512-8161-5fb8-7198-7d2b00000000}</Data><Data Name='LogonId'>0x2b7d9871</Data><Data Name='TerminalSessionId'>10</Data><Data Name='IntegrityLevel'>High</Data><Data Name='Hashes'>SHA1=AE08F33AB8B4E4D452FD44B0D42645475DE62218</Data><Data Name='ParentProcessGuid'>{c9037512-26a2-5fba-be8e-010000000b00}</Data><Data Name='ParentProcessId'>39444</Data><Data Name='ParentImage'>D:\Anaconda3\python.exe</Data><Data Name='ParentCommandLine'>"D:\Anaconda3\python.exe" "-c" "from multiprocessing.spawn import spawn_main; spawn_main(parent_pid=11048, pipe_handle=2476)" "--multiprocessing-fork"</Data></EventData></Event>
<Event xmlns='http://schemas.microsoft.com/win/2004/08/events/event'><System><Provider Name='Microsoft-Windows-Sysmon' Guid='{5770385f-c22a-43e0-bf4c-06f5698ffbd9}'/><EventID>5</EventID><Version>3</Version><Level>4</Level><Task>5</Task><Opcode>0</Opcode><Keywords>0x8000000000000000</Keywords><TimeCreated SystemTime='2020-11-22T08:54:52.9824254Z'/><EventRecordID>9556</EventRecordID><Correlation/><Execution ProcessID='35996' ThreadID='36956'/><Channel>Microsoft-Windows-Sysmon/Operational</Channel><Computer>DESKTOP-OD0Q7OR</Computer><Security UserID='S-1-5-18'/></System><EventData><Data Name='RuleName'>-</Data><Data Name='UtcTime'>2020-11-22 08:54:52.981</Data><Data Name='ProcessGuid'>{c9037512-274d-5fba-1f8f-010000000b00}</Data><Data Name='ProcessId'>33080</Data><Data Name='Image'>C:\Program Files (x86)\Google\Chrome\Application\chrome.exe</Data></EventData></Event>
<Event xmlns='http://schemas.microsoft.com/win/2004/08/events/event'><System><Provider Name='Microsoft-Windows-Sysmon' Guid='{5770385f-c22a-43e0-bf4c-06f5698ffbd9}'/><EventID>1</EventID><Version>5</Version><Level>4</Level><Task>1</Task><Opcode>0</Opcode><Keywords>0x8000000000000000</Keywords><TimeCreated SystemTime='2020-11-22T08:54:53.3719315Z'/><EventRecordID>9557</EventRecordID><Correlation/><Execution ProcessID='35996' ThreadID='36956'/><Channel>Microsoft-Windows-Sysmon/Operational</Channel><Computer>DESKTOP-OD0Q7OR</Computer><Security UserID='S-1-5-18'/></System><EventData><Data Name='RuleName'>-</Data><Data Name='UtcTime'>2020-11-22 08:54:53.370</Data><Data Name='ProcessGuid'>{c9037512-275d-5fba-368f-010000000b00}</Data><Data Name='ProcessId'>28656</Data><Data Name='Image'>D:\케이쉴드주니어\python\FindWally\program\volatility\vol_2.6.exe</Data><Data Name='FileVersion'>-</Data><Data Name='Description'>-</Data><Data Name='Product'>-</Data><Data Name='Company'>-</Data><Data Name='OriginalFileName'>-</Data><Data Name='CommandLine'>vol_2.6.exe -f WIN-UDBRDQCHDVH-20201114-073411.raw --profile=Win7SP1x64 -o 0xfffff8a00145b1d0 printkey</Data><Data Name='CurrentDirectory'>D:\케이쉴드주니어\python\FindWally\program\volatility\</Data><Data Name='User'>DESKTOP-OD0Q7OR\dayou</Data><Data Name='LogonGuid'>{c9037512-8161-5fb8-7198-7d2b00000000}</Data><Data Name='LogonId'>0x2b7d9871</Data><Data Name='TerminalSessionId'>10</Data><Data Name='IntegrityLevel'>High</Data><Data Name='Hashes'>SHA1=AE08F33AB8B4E4D452FD44B0D42645475DE62218</Data><Data Name='ParentProcessGuid'>{c9037512-275c-5fba-358f-010000000b00}</Data><Data Name='ParentProcessId'>28060</Data><Data Name='ParentImage'>D:\케이쉴드주니어\python\FindWally\program\volatility\vol_2.6.exe</Data><Data Name='ParentCommandLine'>vol_2.6.exe -f WIN-UDBRDQCHDVH-20201114-073411.raw --profile=Win7SP1x64 -o 0xfffff8a00145b1d0 printkey</Data></EventData></Event>
<Event xmlns='http://schemas.microsoft.com/win/2004/08/events/event'><System><Provider Name='Microsoft-Windows-Sysmon' Guid='{5770385f-c22a-43e0-bf4c-06f5698ffbd9}'/><EventID>5</EventID><Version>3</Version><Level>4</Level><Task>5</Task><Opcode>0</Opcode><Keywords>0x8000000000000000</Keywords><TimeCreated SystemTime='2020-11-22T08:54:53.4817410Z'/><EventRecordID>9558</EventRecordID><Correlation/><Execution ProcessID='35996' ThreadID='36956'/><Channel>Microsoft-Windows-Sysmon/Operational</Channel><Computer>DESKTOP-OD0Q7OR</Computer><Security UserID='S-1-5-18'/></System><EventData><Data Name='RuleName'>-</Data><Data Name='UtcTime'>2020-11-22 08:54:53.480</Data><Data Name='ProcessGuid'>{c9037512-274d-5fba-208f-010000000b00}</Data><Data Name='ProcessId'>33824</Data><Data Name='Image'>C:\Program Files (x86)\Google\Chrome\Application\chrome.exe</Data></EventData></Event>
<Event xmlns='http://schemas.microsoft.com/win/2004/08/events/event'><System><Provider Name='Microsoft-Windows-Sysmon' Guid='{5770385f-c22a-43e0-bf4c-06f5698ffbd9}'/><EventID>5</EventID><Version>3</Version><Level>4</Level><Task>5</Task><Opcode>0</Opcode><Keywords>0x8000000000000000</Keywords><TimeCreated SystemTime='2020-11-22T08:54:54.9546400Z'/><EventRecordID>9559</EventRecordID><Correlation/><Execution ProcessID='35996' ThreadID='36956'/><Channel>Microsoft-Windows-Sysmon/Operational</Channel><Computer>DESKTOP-OD0Q7OR</Computer><Security UserID='S-1-5-18'/></System><EventData><Data Name='RuleName'>-</Data><Data Name='UtcTime'>2020-11-22 08:54:54.953</Data><Data Name='ProcessGuid'>{c9037512-275d-5fba-368f-010000000b00}</Data><Data Name='ProcessId'>28656</Data><Data Name='Image'>D:\케이쉴드주니어\python\FindWally\program\volatility\vol_2.6.exe</Data></EventData></Event>
<Event xmlns='http://schemas.microsoft.com/win/2004/08/events/event'><System><Provider Name='Microsoft-Windows-Sysmon' Guid='{5770385f-c22a-43e0-bf4c-06f5698ffbd9}'/><EventID>5</EventID><Version>3</Version><Level>4</Level><Task>5</Task><Opcode>0</Opcode><Keywords>0x8000000000000000</Keywords><TimeCreated SystemTime='2020-11-22T08:54:55.1222663Z'/><EventRecordID>9560</EventRecordID><Correlation/><Execution ProcessID='35996' ThreadID='36956'/><Channel>Microsoft-Windows-Sysmon/Operational</Channel><Computer>DESKTOP-OD0Q7OR</Computer><Security UserID='S-1-5-18'/></System><EventData><Data Name='RuleName'>-</Data><Data Name='UtcTime'>2020-11-22 08:54:55.122</Data><Data Name='ProcessGuid'>{c9037512-275c-5fba-358f-010000000b00}</Data><Data Name='ProcessId'>28060</Data><Data Name='Image'>D:\케이쉴드주니어\python\FindWally\program\volatility\vol_2.6.exe</Data></EventData></Event>
<Event xmlns='http://schemas.microsoft.com/win/2004/08/events/event'><System><Provider Name='Microsoft-Windows-Sysmon' Guid='{5770385f-c22a-43e0-bf4c-06f5698ffbd9}'/><EventID>1</EventID><Version>5</Version><Level>4</Level><Task>1</Task><Opcode>0</Opcode><Keywords>0x8000000000000000</Keywords><TimeCreated SystemTime='2020-11-22T08:54:55.1256449Z'/><EventRecordID>9561</EventRecordID><Correlation/><Execution ProcessID='35996' ThreadID='36956'/><Channel>Microsoft-Windows-Sysmon/Operational</Channel><Computer>DESKTOP-OD0Q7OR</Computer><Security UserID='S-1-5-18'/></System><EventData><Data Name='RuleName'>-</Data><Data Name='UtcTime'>2020-11-22 08:54:55.123</Data><Data Name='ProcessGuid'>{c9037512-275f-5fba-378f-010000000b00}</Data><Data Name='ProcessId'>40044</Data><Data Name='Image'>D:\케이쉴드주니어\python\FindWally\program\volatility\vol_2.6.exe</Data><Data Name='FileVersion'>-</Data><Data Name='Description'>-</Data><Data Name='Product'>-</Data><Data Name='Company'>-</Data><Data Name='OriginalFileName'>-</Data><Data Name='CommandLine'>vol_2.6.exe -f WIN-UDBRDQCHDVH-20201114-073411.raw --profile=Win7SP1x64 -o 0xfffff8a001730010 printkey</Data><Data Name='CurrentDirectory'>D:\케이쉴드주니어\python\FindWally\program\volatility\</Data><Data Name='User'>DESKTOP-OD0Q7OR\dayou</Data><Data Name='LogonGuid'>{c9037512-8161-5fb8-7198-7d2b00000000}</Data><Data Name='LogonId'>0x2b7d9871</Data><Data Name='TerminalSessionId'>10</Data><Data Name='IntegrityLevel'>High</Data><Data Name='Hashes'>SHA1=AE08F33AB8B4E4D452FD44B0D42645475DE62218</Data><Data Name='ParentProcessGuid'>{c9037512-26a2-5fba-be8e-010000000b00}</Data><Data Name='ParentProcessId'>39444</Data><Data Name='ParentImage'>D:\Anaconda3\python.exe</Data><Data Name='ParentCommandLine'>"D:\Anaconda3\python.exe" "-c" "from multiprocessing.spawn import spawn_main; spawn_main(parent_pid=11048, pipe_handle=2476)" "--multiprocessing-fork"</Data></EventData></Event>
<Event xmlns='http://schemas.microsoft.com/win/2004/08/events/event'><System><Provider Name='Microsoft-Windows-Sysmon' Guid='{5770385f-c22a-43e0-bf4c-06f5698ffbd9}'/><EventID>1</EventID><Version>5</Version><Level>4</Level><Task>1</Task><Opcode>0</Opcode><Keywords>0x8000000000000000</Keywords><TimeCreated SystemTime='2020-11-22T08:54:55.9767773Z'/><EventRecordID>9562</EventRecordID><Correlation/><Execution ProcessID='35996' ThreadID='36956'/><Channel>Microsoft-Windows-Sysmon/Operational</Channel><Computer>DESKTOP-OD0Q7OR</Computer><Security UserID='S-1-5-18'/></System><EventData><Data Name='RuleName'>-</Data><Data Name='UtcTime'>2020-11-22 08:54:55.974</Data><Data Name='ProcessGuid'>{c9037512-275f-5fba-388f-010000000b00}</Data><Data Name='ProcessId'>38220</Data><Data Name='Image'>D:\케이쉴드주니어\python\FindWally\program\volatility\vol_2.6.exe</Data><Data Name='FileVersion'>-</Data><Data Name='Description'>-</Data><Data Name='Product'>-</Data><Data Name='Company'>-</Data><Data Name='OriginalFileName'>-</Data><Data Name='CommandLine'>vol_2.6.exe -f WIN-UDBRDQCHDVH-20201114-073411.raw --profile=Win7SP1x64 -o 0xfffff8a001730010 printkey</Data><Data Name='CurrentDirectory'>D:\케이쉴드주니어\python\FindWally\program\volatility\</Data><Data Name='User'>DESKTOP-OD0Q7OR\dayou</Data><Data Name='LogonGuid'>{c9037512-8161-5fb8-7198-7d2b00000000}</Data><Data Name='LogonId'>0x2b7d9871</Data><Data Name='TerminalSessionId'>10</Data><Data Name='IntegrityLevel'>High</Data><Data Name='Hashes'>SHA1=AE08F33AB8B4E4D452FD44B0D42645475DE62218</Data><Data Name='ParentProcessGuid'>{c9037512-275f-5fba-378f-010000000b00}</Data><Data Name='ParentProcessId'>40044</Data><Data Name='ParentImage'>D:\케이쉴드주니어\python\FindWally\program\volatility\vol_2.6.exe</Data><Data Name='ParentCommandLine'>vol_2.6.exe -f WIN-UDBRDQCHDVH-20201114-073411.raw --profile=Win7SP1x64 -o 0xfffff8a001730010 printkey</Data></EventData></Event>
<Event xmlns='http://schemas.microsoft.com/win/2004/08/events/event'><System><Provider Name='Microsoft-Windows-Sysmon' Guid='{5770385f-c22a-43e0-bf4c-06f5698ffbd9}'/><EventID>5</EventID><Version>3</Version><Level>4</Level><Task>5</Task><Opcode>0</Opcode><Keywords>0x8000000000000000</Keywords><TimeCreated SystemTime='2020-11-22T08:54:57.5937823Z'/><EventRecordID>9563</EventRecordID><Correlation/><Execution ProcessID='35996' ThreadID='36956'/><Channel>Microsoft-Windows-Sysmon/Operational</Channel><Computer>DESKTOP-OD0Q7OR</Computer><Security UserID='S-1-5-18'/></System><EventData><Data Name='RuleName'>-</Data><Data Name='UtcTime'>2020-11-22 08:54:57.593</Data><Data Name='ProcessGuid'>{c9037512-275f-5fba-388f-010000000b00}</Data><Data Name='ProcessId'>38220</Data><Data Name='Image'>D:\케이쉴드주니어\python\FindWally\program\volatility\vol_2.6.exe</Data></EventData></Event>
<Event xmlns='http://schemas.microsoft.com/win/2004/08/events/event'><System><Provider Name='Microsoft-Windows-Sysmon' Guid='{5770385f-c22a-43e0-bf4c-06f5698ffbd9}'/><EventID>5</EventID><Version>3</Version><Level>4</Level><Task>5</Task><Opcode>0</Opcode><Keywords>0x8000000000000000</Keywords><TimeCreated SystemTime='2020-11-22T08:54:57.7544428Z'/><EventRecordID>9564</EventRecordID><Correlation/><Execution ProcessID='35996' ThreadID='36956'/><Channel>Microsoft-Windows-Sysmon/Operational</Channel><Computer>DESKTOP-OD0Q7OR</Computer><Security UserID='S-1-5-18'/></System><EventData><Data Name='RuleName'>-</Data><Data Name='UtcTime'>2020-11-22 08:54:57.753</Data><Data Name='ProcessGuid'>{c9037512-275f-5fba-378f-010000000b00}</Data><Data Name='ProcessId'>40044</Data><Data Name='Image'>D:\케이쉴드주니어\python\FindWally\program\volatility\vol_2.6.exe</Data></EventData></Event>
<Event xmlns='http://schemas.microsoft.com/win/2004/08/events/event'><System><Provider Name='Microsoft-Windows-Sysmon' Guid='{5770385f-c22a-43e0-bf4c-06f5698ffbd9}'/><EventID>1</EventID><Version>5</Version><Level>4</Level><Task>1</Task><Opcode>0</Opcode><Keywords>0x8000000000000000</Keywords><TimeCreated SystemTime='2020-11-22T08:54:57.7579001Z'/><EventRecordID>9565</EventRecordID><Correlation/><Execution ProcessID='35996' ThreadID='36956'/><Channel>Microsoft-Windows-Sysmon/Operational</Channel><Computer>DESKTOP-OD0Q7OR</Computer><Security UserID='S-1-5-18'/></System><EventData><Data Name='RuleName'>-</Data><Data Name='UtcTime'>2020-11-22 08:54:57.755</Data><Data Name='ProcessGuid'>{c9037512-2761-5fba-398f-010000000b00}</Data><Data Name='ProcessId'>40384</Data><Data Name='Image'>D:\케이쉴드주니어\python\FindWally\program\volatility\vol_2.6.exe</Data><Data Name='FileVersion'>-</Data><Data Name='Description'>-</Data><Data Name='Product'>-</Data><Data Name='Company'>-</Data><Data Name='OriginalFileName'>-</Data><Data Name='CommandLine'>vol_2.6.exe -f WIN-UDBRDQCHDVH-20201114-073411.raw --profile=Win7SP1x64 -o 0xfffff8a001794010 printkey</Data><Data Name='CurrentDirectory'>D:\케이쉴드주니어\python\FindWally\program\volatility\</Data><Data Name='User'>DESKTOP-OD0Q7OR\dayou</Data><Data Name='LogonGuid'>{c9037512-8161-5fb8-7198-7d2b00000000}</Data><Data Name='LogonId'>0x2b7d9871</Data><Data Name='TerminalSessionId'>10</Data><Data Name='IntegrityLevel'>High</Data><Data Name='Hashes'>SHA1=AE08F33AB8B4E4D452FD44B0D42645475DE62218</Data><Data Name='ParentProcessGuid'>{c9037512-26a2-5fba-be8e-010000000b00}</Data><Data Name='ParentProcessId'>39444</Data><Data Name='ParentImage'>D:\Anaconda3\python.exe</Data><Data Name='ParentCommandLine'>"D:\Anaconda3\python.exe" "-c" "from multiprocessing.spawn import spawn_main; spawn_main(parent_pid=11048, pipe_handle=2476)" "--multiprocessing-fork"</Data></EventData></Event>
<Event xmlns='http://schemas.microsoft.com/win/2004/08/events/event'><System><Provider Name='Microsoft-Windows-Sysmon' Guid='{5770385f-c22a-43e0-bf4c-06f5698ffbd9}'/><EventID>1</EventID><Version>5</Version><Level>4</Level><Task>1</Task><Opcode>0</Opcode><Keywords>0x8000000000000000</Keywords><TimeCreated SystemTime='2020-11-22T08:54:58.6075281Z'/><EventRecordID>9566</EventRecordID><Correlation/><Execution ProcessID='35996' ThreadID='36956'/><Channel>Microsoft-Windows-Sysmon/Operational</Channel><Computer>DESKTOP-OD0Q7OR</Computer><Security UserID='S-1-5-18'/></System><EventData><Data Name='RuleName'>-</Data><Data Name='UtcTime'>2020-11-22 08:54:58.605</Data><Data Name='ProcessGuid'>{c9037512-2762-5fba-3a8f-010000000b00}</Data><Data Name='ProcessId'>37900</Data><Data Name='Image'>D:\케이쉴드주니어\python\FindWally\program\volatility\vol_2.6.exe</Data><Data Name='FileVersion'>-</Data><Data Name='Description'>-</Data><Data Name='Product'>-</Data><Data Name='Company'>-</Data><Data Name='OriginalFileName'>-</Data><Data Name='CommandLine'>vol_2.6.exe -f WIN-UDBRDQCHDVH-20201114-073411.raw --profile=Win7SP1x64 -o 0xfffff8a001794010 printkey</Data><Data Name='CurrentDirectory'>D:\케이쉴드주니어\python\FindWally\program\volatility\</Data><Data Name='User'>DESKTOP-OD0Q7OR\dayou</Data><Data Name='LogonGuid'>{c9037512-8161-5fb8-7198-7d2b00000000}</Data><Data Name='LogonId'>0x2b7d9871</Data><Data Name='TerminalSessionId'>10</Data><Data Name='IntegrityLevel'>High</Data><Data Name='Hashes'>SHA1=AE08F33AB8B4E4D452FD44B0D42645475DE62218</Data><Data Name='ParentProcessGuid'>{c9037512-2761-5fba-398f-010000000b00}</Data><Data Name='ParentProcessId'>40384</Data><Data Name='ParentImage'>D:\케이쉴드주니어\python\FindWally\program\volatility\vol_2.6.exe</Data><Data Name='ParentCommandLine'>vol_2.6.exe -f WIN-UDBRDQCHDVH-20201114-073411.raw --profile=Win7SP1x64 -o 0xfffff8a001794010 printkey</Data></EventData></Event>
<Event xmlns='http://schemas.microsoft.com/win/2004/08/events/event'><System><Provider Name='Microsoft-Windows-Sysmon' Guid='{5770385f-c22a-43e0-bf4c-06f5698ffbd9}'/><EventID>5</EventID><Version>3</Version><Level>4</Level><Task>5</Task><Opcode>0</Opcode><Keywords>0x8000000000000000</Keywords><TimeCreated SystemTime='2020-11-22T08:55:00.1466334Z'/><EventRecordID>9567</EventRecordID><Correlation/><Execution ProcessID='35996' ThreadID='36956'/><Channel>Microsoft-Windows-Sysmon/Operational</Channel><Computer>DESKTOP-OD0Q7OR</Computer><Security UserID='S-1-5-18'/></System><EventData><Data Name='RuleName'>-</Data><Data Name='UtcTime'>2020-11-22 08:55:00.146</Data><Data Name='ProcessGuid'>{c9037512-2762-5fba-3a8f-010000000b00}</Data><Data Name='ProcessId'>37900</Data><Data Name='Image'>D:\케이쉴드주니어\python\FindWally\program\volatility\vol_2.6.exe</Data></EventData></Event>
<Event xmlns='http://schemas.microsoft.com/win/2004/08/events/event'><System><Provider Name='Microsoft-Windows-Sysmon' Guid='{5770385f-c22a-43e0-bf4c-06f5698ffbd9}'/><EventID>5</EventID><Version>3</Version><Level>4</Level><Task>5</Task><Opcode>0</Opcode><Keywords>0x8000000000000000</Keywords><TimeCreated SystemTime='2020-11-22T08:55:00.3121312Z'/><EventRecordID>9568</EventRecordID><Correlation/><Execution ProcessID='35996' ThreadID='36956'/><Channel>Microsoft-Windows-Sysmon/Operational</Channel><Computer>DESKTOP-OD0Q7OR</Computer><Security UserID='S-1-5-18'/></System><EventData><Data Name='RuleName'>-</Data><Data Name='UtcTime'>2020-11-22 08:55:00.311</Data><Data Name='ProcessGuid'>{c9037512-2761-5fba-398f-010000000b00}</Data><Data Name='ProcessId'>40384</Data><Data Name='Image'>D:\케이쉴드주니어\python\FindWally\program\volatility\vol_2.6.exe</Data></EventData></Event>
<Event xmlns='http://schemas.microsoft.com/win/2004/08/events/event'><System><Provider Name='Microsoft-Windows-Sysmon' Guid='{5770385f-c22a-43e0-bf4c-06f5698ffbd9}'/><EventID>1</EventID><Version>5</Version><Level>4</Level><Task>1</Task><Opcode>0</Opcode><Keywords>0x8000000000000000</Keywords><TimeCreated SystemTime='2020-11-22T08:55:00.3154907Z'/><EventRecordID>9569</EventRecordID><Correlation/><Execution ProcessID='35996' ThreadID='36956'/><Channel>Microsoft-Windows-Sysmon/Operational</Channel><Computer>DESKTOP-OD0Q7OR</Computer><Security UserID='S-1-5-18'/></System><EventData><Data Name='RuleName'>-</Data><Data Name='UtcTime'>2020-11-22 08:55:00.313</Data><Data Name='ProcessGuid'>{c9037512-2764-5fba-3b8f-010000000b00}</Data><Data Name='ProcessId'>36724</Data><Data Name='Image'>D:\케이쉴드주니어\python\FindWally\program\volatility\vol_2.6.exe</Data><Data Name='FileVersion'>-</Data><Data Name='Description'>-</Data><Data Name='Product'>-</Data><Data Name='Company'>-</Data><Data Name='OriginalFileName'>-</Data><Data Name='CommandLine'>vol_2.6.exe -f WIN-UDBRDQCHDVH-20201114-073411.raw --profile=Win7SP1x64 -o 0xfffff8a001969010 printkey</Data><Data Name='CurrentDirectory'>D:\케이쉴드주니어\python\FindWally\program\volatility\</Data><Data Name='User'>DESKTOP-OD0Q7OR\dayou</Data><Data Name='LogonGuid'>{c9037512-8161-5fb8-7198-7d2b00000000}</Data><Data Name='LogonId'>0x2b7d9871</Data><Data Name='TerminalSessionId'>10</Data><Data Name='IntegrityLevel'>High</Data><Data Name='Hashes'>SHA1=AE08F33AB8B4E4D452FD44B0D42645475DE62218</Data><Data Name='ParentProcessGuid'>{c9037512-26a2-5fba-be8e-010000000b00}</Data><Data Name='ParentProcessId'>39444</Data><Data Name='ParentImage'>D:\Anaconda3\python.exe</Data><Data Name='ParentCommandLine'>"D:\Anaconda3\python.exe" "-c" "from multiprocessing.spawn import spawn_main; spawn_main(parent_pid=11048, pipe_handle=2476)" "--multiprocessing-fork"</Data></EventData></Event>
<Event xmlns='http://schemas.microsoft.com/win/2004/08/events/event'><System><Provider Name='Microsoft-Windows-Sysmon' Guid='{5770385f-c22a-43e0-bf4c-06f5698ffbd9}'/><EventID>1</EventID><Version>5</Version><Level>4</Level><Task>1</Task><Opcode>0</Opcode><Keywords>0x8000000000000000</Keywords><TimeCreated SystemTime='2020-11-22T08:55:01.5054490Z'/><EventRecordID>9570</EventRecordID><Correlation/><Execution ProcessID='35996' ThreadID='36956'/><Channel>Microsoft-Windows-Sysmon/Operational</Channel><Computer>DESKTOP-OD0Q7OR</Computer><Security UserID='S-1-5-18'/></System><EventData><Data Name='RuleName'>-</Data><Data Name='UtcTime'>2020-11-22 08:55:01.503</Data><Data Name='ProcessGuid'>{c9037512-2765-5fba-3c8f-010000000b00}</Data><Data Name='ProcessId'>40220</Data><Data Name='Image'>D:\케이쉴드주니어\python\FindWally\program\volatility\vol_2.6.exe</Data><Data Name='FileVersion'>-</Data><Data Name='Description'>-</Data><Data Name='Product'>-</Data><Data Name='Company'>-</Data><Data Name='OriginalFileName'>-</Data><Data Name='CommandLine'>vol_2.6.exe -f WIN-UDBRDQCHDVH-20201114-073411.raw --profile=Win7SP1x64 -o 0xfffff8a001969010 printkey</Data><Data Name='CurrentDirectory'>D:\케이쉴드주니어\python\FindWally\program\volatility\</Data><Data Name='User'>DESKTOP-OD0Q7OR\dayou</Data><Data Name='LogonGuid'>{c9037512-8161-5fb8-7198-7d2b00000000}</Data><Data Name='LogonId'>0x2b7d9871</Data><Data Name='TerminalSessionId'>10</Data><Data Name='IntegrityLevel'>High</Data><Data Name='Hashes'>SHA1=AE08F33AB8B4E4D452FD44B0D42645475DE62218</Data><Data Name='ParentProcessGuid'>{c9037512-2764-5fba-3b8f-010000000b00}</Data><Data Name='ParentProcessId'>36724</Data><Data Name='ParentImage'>D:\케이쉴드주니어\python\FindWally\program\volatility\vol_2.6.exe</Data><Data Name='ParentCommandLine'>vol_2.6.exe -f WIN-UDBRDQCHDVH-20201114-073411.raw --profile=Win7SP1x64 -o 0xfffff8a001969010 printkey</Data></EventData></Event>
<Event xmlns='http://schemas.microsoft.com/win/2004/08/events/event'><System><Provider Name='Microsoft-Windows-Sysmon' Guid='{5770385f-c22a-43e0-bf4c-06f5698ffbd9}'/><EventID>5</EventID><Version>3</Version><Level>4</Level><Task>5</Task><Opcode>0</Opcode><Keywords>0x8000000000000000</Keywords><TimeCreated SystemTime='2020-11-22T08:55:03.3294381Z'/><EventRecordID>9571</EventRecordID><Correlation/><Execution ProcessID='35996' ThreadID='36956'/><Channel>Microsoft-Windows-Sysmon/Operational</Channel><Computer>DESKTOP-OD0Q7OR</Computer><Security UserID='S-1-5-18'/></System><EventData><Data Name='RuleName'>-</Data><Data Name='UtcTime'>2020-11-22 08:55:03.328</Data><Data Name='ProcessGuid'>{c9037512-2765-5fba-3c8f-010000000b00}</Data><Data Name='ProcessId'>40220</Data><Data Name='Image'>D:\케이쉴드주니어\python\FindWally\program\volatility\vol_2.6.exe</Data></EventData></Event>
<Event xmlns='http://schemas.microsoft.com/win/2004/08/events/event'><System><Provider Name='Microsoft-Windows-Sysmon' Guid='{5770385f-c22a-43e0-bf4c-06f5698ffbd9}'/><EventID>5</EventID><Version>3</Version><Level>4</Level><Task>5</Task><Opcode>0</Opcode><Keywords>0x8000000000000000</Keywords><TimeCreated SystemTime='2020-11-22T08:55:03.4917942Z'/><EventRecordID>9572</EventRecordID><Correlation/><Execution ProcessID='35996' ThreadID='36956'/><Channel>Microsoft-Windows-Sysmon/Operational</Channel><Computer>DESKTOP-OD0Q7OR</Computer><Security UserID='S-1-5-18'/></System><EventData><Data Name='RuleName'>-</Data><Data Name='UtcTime'>2020-11-22 08:55:03.491</Data><Data Name='ProcessGuid'>{c9037512-2764-5fba-3b8f-010000000b00}</Data><Data Name='ProcessId'>36724</Data><Data Name='Image'>D:\케이쉴드주니어\python\FindWally\program\volatility\vol_2.6.exe</Data></EventData></Event>
<Event xmlns='http://schemas.microsoft.com/win/2004/08/events/event'><System><Provider Name='Microsoft-Windows-Sysmon' Guid='{5770385f-c22a-43e0-bf4c-06f5698ffbd9}'/><EventID>1</EventID><Version>5</Version><Level>4</Level><Task>1</Task><Opcode>0</Opcode><Keywords>0x8000000000000000</Keywords><TimeCreated SystemTime='2020-11-22T08:55:03.4952622Z'/><EventRecordID>9573</EventRecordID><Correlation/><Execution ProcessID='35996' ThreadID='36956'/><Channel>Microsoft-Windows-Sysmon/Operational</Channel><Computer>DESKTOP-OD0Q7OR</Computer><Security UserID='S-1-5-18'/></System><EventData><Data Name='RuleName'>-</Data><Data Name='UtcTime'>2020-11-22 08:55:03.493</Data><Data Name='ProcessGuid'>{c9037512-2767-5fba-3d8f-010000000b00}</Data><Data Name='ProcessId'>39648</Data><Data Name='Image'>D:\케이쉴드주니어\python\FindWally\program\volatility\vol_2.6.exe</Data><Data Name='FileVersion'>-</Data><Data Name='Description'>-</Data><Data Name='Product'>-</Data><Data Name='Company'>-</Data><Data Name='OriginalFileName'>-</Data><Data Name='CommandLine'>vol_2.6.exe -f WIN-UDBRDQCHDVH-20201114-073411.raw --profile=Win7SP1x64 -o 0xfffff8a0019fe010 printkey</Data><Data Name='CurrentDirectory'>D:\케이쉴드주니어\python\FindWally\program\volatility\</Data><Data Name='User'>DESKTOP-OD0Q7OR\dayou</Data><Data Name='LogonGuid'>{c9037512-8161-5fb8-7198-7d2b00000000}</Data><Data Name='LogonId'>0x2b7d9871</Data><Data Name='TerminalSessionId'>10</Data><Data Name='IntegrityLevel'>High</Data><Data Name='Hashes'>SHA1=AE08F33AB8B4E4D452FD44B0D42645475DE62218</Data><Data Name='ParentProcessGuid'>{c9037512-26a2-5fba-be8e-010000000b00}</Data><Data Name='ParentProcessId'>39444</Data><Data Name='ParentImage'>D:\Anaconda3\python.exe</Data><Data Name='ParentCommandLine'>"D:\Anaconda3\python.exe" "-c" "from multiprocessing.spawn import spawn_main; spawn_main(parent_pid=11048, pipe_handle=2476)" "--multiprocessing-fork"</Data></EventData></Event>
<Event xmlns='http://schemas.microsoft.com/win/2004/08/events/event'><System><Provider Name='Microsoft-Windows-Sysmon' Guid='{5770385f-c22a-43e0-bf4c-06f5698ffbd9}'/><EventID>1</EventID><Version>5</Version><Level>4</Level><Task>1</Task><Opcode>0</Opcode><Keywords>0x8000000000000000</Keywords><TimeCreated SystemTime='2020-11-22T08:55:04.3459425Z'/><EventRecordID>9574</EventRecordID><Correlation/><Execution ProcessID='35996' ThreadID='36956'/><Channel>Microsoft-Windows-Sysmon/Operational</Channel><Computer>DESKTOP-OD0Q7OR</Computer><Security UserID='S-1-5-18'/></System><EventData><Data Name='RuleName'>-</Data><Data Name='UtcTime'>2020-11-22 08:55:04.343</Data><Data Name='ProcessGuid'>{c9037512-2768-5fba-3e8f-010000000b00}</Data><Data Name='ProcessId'>40832</Data><Data Name='Image'>D:\케이쉴드주니어\python\FindWally\program\volatility\vol_2.6.exe</Data><Data Name='FileVersion'>-</Data><Data Name='Description'>-</Data><Data Name='Product'>-</Data><Data Name='Company'>-</Data><Data Name='OriginalFileName'>-</Data><Data Name='CommandLine'>vol_2.6.exe -f WIN-UDBRDQCHDVH-20201114-073411.raw --profile=Win7SP1x64 -o 0xfffff8a0019fe010 printkey</Data><Data Name='CurrentDirectory'>D:\케이쉴드주니어\python\FindWally\program\volatility\</Data><Data Name='User'>DESKTOP-OD0Q7OR\dayou</Data><Data Name='LogonGuid'>{c9037512-8161-5fb8-7198-7d2b00000000}</Data><Data Name='LogonId'>0x2b7d9871</Data><Data Name='TerminalSessionId'>10</Data><Data Name='IntegrityLevel'>High</Data><Data Name='Hashes'>SHA1=AE08F33AB8B4E4D452FD44B0D42645475DE62218</Data><Data Name='ParentProcessGuid'>{c9037512-2767-5fba-3d8f-010000000b00}</Data><Data Name='ParentProcessId'>39648</Data><Data Name='ParentImage'>D:\케이쉴드주니어\python\FindWally\program\volatility\vol_2.6.exe</Data><Data Name='ParentCommandLine'>vol_2.6.exe -f WIN-UDBRDQCHDVH-20201114-073411.raw --profile=Win7SP1x64 -o 0xfffff8a0019fe010 printkey</Data></EventData></Event>
<Event xmlns='http://schemas.microsoft.com/win/2004/08/events/event'><System><Provider Name='Microsoft-Windows-Sysmon' Guid='{5770385f-c22a-43e0-bf4c-06f5698ffbd9}'/><EventID>5</EventID><Version>3</Version><Level>4</Level><Task>5</Task><Opcode>0</Opcode><Keywords>0x8000000000000000</Keywords><TimeCreated SystemTime='2020-11-22T08:55:04.5592803Z'/><EventRecordID>9575</EventRecordID><Correlation/><Execution ProcessID='35996' ThreadID='36956'/><Channel>Microsoft-Windows-Sysmon/Operational</Channel><Computer>DESKTOP-OD0Q7OR</Computer><Security UserID='S-1-5-18'/></System><EventData><Data Name='RuleName'>-</Data><Data Name='UtcTime'>2020-11-22 08:55:04.558</Data><Data Name='ProcessGuid'>{c9037512-272c-5fba-ff8e-010000000b00}</Data><Data Name='ProcessId'>38936</Data><Data Name='Image'>C:\Windows\System32\wbem\WmiPrvSE.exe</Data></EventData></Event>
<Event xmlns='http://schemas.microsoft.com/win/2004/08/events/event'><System><Provider Name='Microsoft-Windows-Sysmon' Guid='{5770385f-c22a-43e0-bf4c-06f5698ffbd9}'/><EventID>5</EventID><Version>3</Version><Level>4</Level><Task>5</Task><Opcode>0</Opcode><Keywords>0x8000000000000000</Keywords><TimeCreated SystemTime='2020-11-22T08:55:06.1497547Z'/><EventRecordID>9576</EventRecordID><Correlation/><Execution ProcessID='35996' ThreadID='36956'/><Channel>Microsoft-Windows-Sysmon/Operational</Channel><Computer>DESKTOP-OD0Q7OR</Computer><Security UserID='S-1-5-18'/></System><EventData><Data Name='RuleName'>-</Data><Data Name='UtcTime'>2020-11-22 08:55:06.149</Data><Data Name='ProcessGuid'>{c9037512-2768-5fba-3e8f-010000000b00}</Data><Data Name='ProcessId'>40832</Data><Data Name='Image'>D:\케이쉴드주니어\python\FindWally\program\volatility\vol_2.6.exe</Data></EventData></Event>
<Event xmlns='http://schemas.microsoft.com/win/2004/08/events/event'><System><Provider Name='Microsoft-Windows-Sysmon' Guid='{5770385f-c22a-43e0-bf4c-06f5698ffbd9}'/><EventID>5</EventID><Version>3</Version><Level>4</Level><Task>5</Task><Opcode>0</Opcode><Keywords>0x8000000000000000</Keywords><TimeCreated SystemTime='2020-11-22T08:55:06.3254525Z'/><EventRecordID>9577</EventRecordID><Correlation/><Execution ProcessID='35996' ThreadID='36956'/><Channel>Microsoft-Windows-Sysmon/Operational</Channel><Computer>DESKTOP-OD0Q7OR</Computer><Security UserID='S-1-5-18'/></System><EventData><Data Name='RuleName'>-</Data><Data Name='UtcTime'>2020-11-22 08:55:06.324</Data><Data Name='ProcessGuid'>{c9037512-2767-5fba-3d8f-010000000b00}</Data><Data Name='ProcessId'>39648</Data><Data Name='Image'>D:\케이쉴드주니어\python\FindWally\program\volatility\vol_2.6.exe</Data></EventData></Event>
<Event xmlns='http://schemas.microsoft.com/win/2004/08/events/event'><System><Provider Name='Microsoft-Windows-Sysmon' Guid='{5770385f-c22a-43e0-bf4c-06f5698ffbd9}'/><EventID>1</EventID><Version>5</Version><Level>4</Level><Task>1</Task><Opcode>0</Opcode><Keywords>0x8000000000000000</Keywords><TimeCreated SystemTime='2020-11-22T08:55:06.3288285Z'/><EventRecordID>9578</EventRecordID><Correlation/><Execution ProcessID='35996' ThreadID='36956'/><Channel>Microsoft-Windows-Sysmon/Operational</Channel><Computer>DESKTOP-OD0Q7OR</Computer><Security UserID='S-1-5-18'/></System><EventData><Data Name='RuleName'>-</Data><Data Name='UtcTime'>2020-11-22 08:55:06.326</Data><Data Name='ProcessGuid'>{c9037512-276a-5fba-3f8f-010000000b00}</Data><Data Name='ProcessId'>39084</Data><Data Name='Image'>D:\케이쉴드주니어\python\FindWally\program\volatility\vol_2.6.exe</Data><Data Name='FileVersion'>-</Data><Data Name='Description'>-</Data><Data Name='Product'>-</Data><Data Name='Company'>-</Data><Data Name='OriginalFileName'>-</Data><Data Name='CommandLine'>vol_2.6.exe -f WIN-UDBRDQCHDVH-20201114-073411.raw --profile=Win7SP1x64 -o 0xfffff8a001c20010 printkey</Data><Data Name='CurrentDirectory'>D:\케이쉴드주니어\python\FindWally\program\volatility\</Data><Data Name='User'>DESKTOP-OD0Q7OR\dayou</Data><Data Name='LogonGuid'>{c9037512-8161-5fb8-7198-7d2b00000000}</Data><Data Name='LogonId'>0x2b7d9871</Data><Data Name='TerminalSessionId'>10</Data><Data Name='IntegrityLevel'>High</Data><Data Name='Hashes'>SHA1=AE08F33AB8B4E4D452FD44B0D42645475DE62218</Data><Data Name='ParentProcessGuid'>{c9037512-26a2-5fba-be8e-010000000b00}</Data><Data Name='ParentProcessId'>39444</Data><Data Name='ParentImage'>D:\Anaconda3\python.exe</Data><Data Name='ParentCommandLine'>"D:\Anaconda3\python.exe" "-c" "from multiprocessing.spawn import spawn_main; spawn_main(parent_pid=11048, pipe_handle=2476)" "--multiprocessing-fork"</Data></EventData></Event>
<Event xmlns='http://schemas.microsoft.com/win/2004/08/events/event'><System><Provider Name='Microsoft-Windows-Sysmon' Guid='{5770385f-c22a-43e0-bf4c-06f5698ffbd9}'/><EventID>1</EventID><Version>5</Version><Level>4</Level><Task>1</Task><Opcode>0</Opcode><Keywords>0x8000000000000000</Keywords><TimeCreated SystemTime='2020-11-22T08:55:07.3539229Z'/><EventRecordID>9579</EventRecordID><Correlation/><Execution ProcessID='35996' ThreadID='36956'/><Channel>Microsoft-Windows-Sysmon/Operational</Channel><Computer>DESKTOP-OD0Q7OR</Computer><Security UserID='S-1-5-18'/></System><EventData><Data Name='RuleName'>-</Data><Data Name='UtcTime'>2020-11-22 08:55:07.352</Data><Data Name='ProcessGuid'>{c9037512-276b-5fba-408f-010000000b00}</Data><Data Name='ProcessId'>35640</Data><Data Name='Image'>D:\케이쉴드주니어\python\FindWally\program\volatility\vol_2.6.exe</Data><Data Name='FileVersion'>-</Data><Data Name='Description'>-</Data><Data Name='Product'>-</Data><Data Name='Company'>-</Data><Data Name='OriginalFileName'>-</Data><Data Name='CommandLine'>vol_2.6.exe -f WIN-UDBRDQCHDVH-20201114-073411.raw --profile=Win7SP1x64 -o 0xfffff8a001c20010 printkey</Data><Data Name='CurrentDirectory'>D:\케이쉴드주니어\python\FindWally\program\volatility\</Data><Data Name='User'>DESKTOP-OD0Q7OR\dayou</Data><Data Name='LogonGuid'>{c9037512-8161-5fb8-7198-7d2b00000000}</Data><Data Name='LogonId'>0x2b7d9871</Data><Data Name='TerminalSessionId'>10</Data><Data Name='IntegrityLevel'>High</Data><Data Name='Hashes'>SHA1=AE08F33AB8B4E4D452FD44B0D42645475DE62218</Data><Data Name='ParentProcessGuid'>{c9037512-276a-5fba-3f8f-010000000b00}</Data><Data Name='ParentProcessId'>39084</Data><Data Name='ParentImage'>D:\케이쉴드주니어\python\FindWally\program\volatility\vol_2.6.exe</Data><Data Name='ParentCommandLine'>vol_2.6.exe -f WIN-UDBRDQCHDVH-20201114-073411.raw --profile=Win7SP1x64 -o 0xfffff8a001c20010 printkey</Data></EventData></Event>
<Event xmlns='http://schemas.microsoft.com/win/2004/08/events/event'><System><Provider Name='Microsoft-Windows-Sysmon' Guid='{5770385f-c22a-43e0-bf4c-06f5698ffbd9}'/><EventID>5</EventID><Version>3</Version><Level>4</Level><Task>5</Task><Opcode>0</Opcode><Keywords>0x8000000000000000</Keywords><TimeCreated SystemTime='2020-11-22T08:55:09.4026080Z'/><EventRecordID>9580</EventRecordID><Correlation/><Execution ProcessID='35996' ThreadID='36956'/><Channel>Microsoft-Windows-Sysmon/Operational</Channel><Computer>DESKTOP-OD0Q7OR</Computer><Security UserID='S-1-5-18'/></System><EventData><Data Name='RuleName'>-</Data><Data Name='UtcTime'>2020-11-22 08:55:09.402</Data><Data Name='ProcessGuid'>{c9037512-276b-5fba-408f-010000000b00}</Data><Data Name='ProcessId'>35640</Data><Data Name='Image'>D:\케이쉴드주니어\python\FindWally\program\volatility\vol_2.6.exe</Data></EventData></Event>
<Event xmlns='http://schemas.microsoft.com/win/2004/08/events/event'><System><Provider Name='Microsoft-Windows-Sysmon' Guid='{5770385f-c22a-43e0-bf4c-06f5698ffbd9}'/><EventID>5</EventID><Version>3</Version><Level>4</Level><Task>5</Task><Opcode>0</Opcode><Keywords>0x8000000000000000</Keywords><TimeCreated SystemTime='2020-11-22T08:55:09.5604031Z'/><EventRecordID>9581</EventRecordID><Correlation/><Execution ProcessID='35996' ThreadID='36956'/><Channel>Microsoft-Windows-Sysmon/Operational</Channel><Computer>DESKTOP-OD0Q7OR</Computer><Security UserID='S-1-5-18'/></System><EventData><Data Name='RuleName'>-</Data><Data Name='UtcTime'>2020-11-22 08:55:09.559</Data><Data Name='ProcessGuid'>{c9037512-276a-5fba-3f8f-010000000b00}</Data><Data Name='ProcessId'>39084</Data><Data Name='Image'>D:\케이쉴드주니어\python\FindWally\program\volatility\vol_2.6.exe</Data></EventData></Event>
<Event xmlns='http://schemas.microsoft.com/win/2004/08/events/event'><System><Provider Name='Microsoft-Windows-Sysmon' Guid='{5770385f-c22a-43e0-bf4c-06f5698ffbd9}'/><EventID>1</EventID><Version>5</Version><Level>4</Level><Task>1</Task><Opcode>0</Opcode><Keywords>0x8000000000000000</Keywords><TimeCreated SystemTime='2020-11-22T08:55:09.8705527Z'/><EventRecordID>9582</EventRecordID><Correlation/><Execution ProcessID='35996' ThreadID='36956'/><Channel>Microsoft-Windows-Sysmon/Operational</Channel><Computer>DESKTOP-OD0Q7OR</Computer><Security UserID='S-1-5-18'/></System><EventData><Data Name='RuleName'>-</Data><Data Name='UtcTime'>2020-11-22 08:55:09.868</Data><Data Name='ProcessGuid'>{c9037512-276d-5fba-418f-010000000b00}</Data><Data Name='ProcessId'>4844</Data><Data Name='Image'>D:\케이쉴드주니어\python\FindWally\program\volatility\vol_2.6.exe</Data><Data Name='FileVersion'>-</Data><Data Name='Description'>-</Data><Data Name='Product'>-</Data><Data Name='Company'>-</Data><Data Name='OriginalFileName'>-</Data><Data Name='CommandLine'>vol_2.6.exe -f WIN-UDBRDQCHDVH-20201114-073411.raw --profile=Win7SP1x64 netscan</Data><Data Name='CurrentDirectory'>D:\케이쉴드주니어\python\FindWally\program\volatility\</Data><Data Name='User'>DESKTOP-OD0Q7OR\dayou</Data><Data Name='LogonGuid'>{c9037512-8161-5fb8-7198-7d2b00000000}</Data><Data Name='LogonId'>0x2b7d9871</Data><Data Name='TerminalSessionId'>10</Data><Data Name='IntegrityLevel'>High</Data><Data Name='Hashes'>SHA1=AE08F33AB8B4E4D452FD44B0D42645475DE62218</Data><Data Name='ParentProcessGuid'>{c9037512-26a2-5fba-be8e-010000000b00}</Data><Data Name='ParentProcessId'>39444</Data><Data Name='ParentImage'>D:\Anaconda3\python.exe</Data><Data Name='ParentCommandLine'>"D:\Anaconda3\python.exe" "-c" "from multiprocessing.spawn import spawn_main; spawn_main(parent_pid=11048, pipe_handle=2476)" "--multiprocessing-fork"</Data></EventData></Event>
<Event xmlns='http://schemas.microsoft.com/win/2004/08/events/event'><System><Provider Name='Microsoft-Windows-Sysmon' Guid='{5770385f-c22a-43e0-bf4c-06f5698ffbd9}'/><EventID>1</EventID><Version>5</Version><Level>4</Level><Task>1</Task><Opcode>0</Opcode><Keywords>0x8000000000000000</Keywords><TimeCreated SystemTime='2020-11-22T08:55:10.7227778Z'/><EventRecordID>9583</EventRecordID><Correlation/><Execution ProcessID='35996' ThreadID='36956'/><Channel>Microsoft-Windows-Sysmon/Operational</Channel><Computer>DESKTOP-OD0Q7OR</Computer><Security UserID='S-1-5-18'/></System><EventData><Data Name='RuleName'>-</Data><Data Name='UtcTime'>2020-11-22 08:55:10.720</Data><Data Name='ProcessGuid'>{c9037512-276e-5fba-428f-010000000b00}</Data><Data Name='ProcessId'>35428</Data><Data Name='Image'>D:\케이쉴드주니어\python\FindWally\program\volatility\vol_2.6.exe</Data><Data Name='FileVersion'>-</Data><Data Name='Description'>-</Data><Data Name='Product'>-</Data><Data Name='Company'>-</Data><Data Name='OriginalFileName'>-</Data><Data Name='CommandLine'>vol_2.6.exe -f WIN-UDBRDQCHDVH-20201114-073411.raw --profile=Win7SP1x64 netscan</Data><Data Name='CurrentDirectory'>D:\케이쉴드주니어\python\FindWally\program\volatility\</Data><Data Name='User'>DESKTOP-OD0Q7OR\dayou</Data><Data Name='LogonGuid'>{c9037512-8161-5fb8-7198-7d2b00000000}</Data><Data Name='LogonId'>0x2b7d9871</Data><Data Name='TerminalSessionId'>10</Data><Data Name='IntegrityLevel'>High</Data><Data Name='Hashes'>SHA1=AE08F33AB8B4E4D452FD44B0D42645475DE62218</Data><Data Name='ParentProcessGuid'>{c9037512-276d-5fba-418f-010000000b00}</Data><Data Name='ParentProcessId'>4844</Data><Data Name='ParentImage'>D:\케이쉴드주니어\python\FindWally\program\volatility\vol_2.6.exe</Data><Data Name='ParentCommandLine'>vol_2.6.exe -f WIN-UDBRDQCHDVH-20201114-073411.raw --profile=Win7SP1x64 netscan</Data></EventData></Event>
