<Event xmlns='http://schemas.microsoft.com/win/2004/08/events/event'><System><Provider Name='Microsoft-Windows-Sysmon' Guid='{5770385f-c22a-43e0-bf4c-06f5698ffbd9}'/><EventID>5</EventID><Version>3</Version><Level>4</Level><Task>5</Task><Opcode>0</Opcode><Keywords>0x8000000000000000</Keywords><TimeCreated SystemTime='2020-11-22T08:55:26.3798013Z'/><EventRecordID>9608</EventRecordID><Correlation/><Execution ProcessID='35996' ThreadID='36956'/><Channel>Microsoft-Windows-Sysmon/Operational</Channel><Computer>DESKTOP-OD0Q7OR</Computer><Security UserID='S-1-5-18'/></System><EventData><Data Name='RuleName'>-</Data><Data Name='UtcTime'>2020-11-22 08:55:26.379</Data><Data Name='ProcessGuid'>{c9037512-2773-5fba-4e8f-010000000b00}</Data><Data Name='ProcessId'>35664</Data><Data Name='Image'>D:\케이쉴드주니어\python\FindWally\program\volatility\vol_2.6.exe</Data></EventData></Event>
<Event xmlns='http://schemas.microsoft.com/win/2004/08/events/event'><System><Provider Name='Microsoft-Windows-Sysmon' Guid='{5770385f-c22a-43e0-bf4c-06f5698ffbd9}'/><EventID>5</EventID><Version>3</Version><Level>4</Level><Task>5</Task><Opcode>0</Opcode><Keywords>0x8000000000000000</Keywords><TimeCreated SystemTime='2020-11-22T08:55:26.5369767Z'/><EventRecordID>9609</EventRecordID><Correlation/><Execution ProcessID='35996' ThreadID='36956'/><Channel>Microsoft-Windows-Sysmon/Operational</Channel><Computer>DESKTOP-OD0Q7OR</Computer><Security UserID='S-1-5-18'/></System><EventData><Data Name='RuleName'>-</Data><Data Name='UtcTime'>2020-11-22 08:55:26.536</Data><Data Name='ProcessGuid'>{c9037512-2773-5fba-4d8f-010000000b00}</Data><Data Name='ProcessId'>39640</Data><Data Name='Image'>D:\케이쉴드주니어\python\FindWally\program\volatility\vol_2.6.exe</Data></EventData></Event>
<Event xmlns='http://schemas.microsoft.com/win/2004/08/events/event'><System><Provider Name='Microsoft-Windows-Sysmon' Guid='{5770385f-c22a-43e0-bf4c-06f5698ffbd9}'/><EventID>1</EventID><Version>5</Version><Level>4</Level><Task>1</Task><Opcode>0</Opcode><Keywords>0x8000000000000000</Keywords><TimeCreated SystemTime='2020-11-22T08:55:26.8387862Z'/><EventRecordID>9610</EventRecordID><Correlation/><Execution ProcessID='35996' ThreadID='36956'/><Channel>Microsoft-Windows-Sysmon/Operational</Channel><Computer>DESKTOP-OD0Q7OR</Computer><Security UserID='S-1-5-18'/></System><EventData><Data Name='RuleName'>-</Data><Data Name='UtcTime'>2020-11-22 08:55:26.836</Data><Data Name='ProcessGuid'>{c9037512-277e-5fba-4f8f-010000000b00}</Data><Data Name='ProcessId'>38564</Data><Data Name='Image'>D:\케이쉴드주니어\python\FindWally\program\volatility\vol_2.6.exe</Data><Data Name='FileVersion'>-</Data><Data Name='Description'>-</Data><Data Name='Product'>-</Data><Data Name='Company'>-</Data><Data Name='OriginalFileName'>-</Data><Data Name='CommandLine'>vol_2.6.exe -f WIN-UDBRDQCHDVH-20201114-073411.raw --profile=Win7SP1x64 ldrmodules</Data><Data Name='CurrentDirectory'>D:\케이쉴드주니어\python\FindWally\program\volatility\</Data><Data Name='User'>DESKTOP-OD0Q7OR\dayou</Data><Data Name='LogonGuid'>{c9037512-8161-5fb8-7198-7d2b00000000}</Data><Data Name='LogonId'>0x2b7d9871</Data><Data Name='TerminalSessionId'>10</Data><Data Name='IntegrityLevel'>High</Data><Data Name='Hashes'>SHA1=AE08F33AB8B4E4D452FD44B0D42645475DE62218</Data><Data Name='ParentProcessGuid'>{c9037512-26a2-5fba-be8e-010000000b00}</Data><Data Name='ParentProcessId'>39444</Data><Data Name='ParentImage'>D:\Anaconda3\python.exe</Data><Data Name='ParentCommandLine'>"D:\Anaconda3\python.exe" "-c" "from multiprocessing.spawn import spawn_main; spawn_main(parent_pid=11048, pipe_handle=2476)" "--multiprocessing-fork"</Data></EventData></Event>
<Event xmlns='http://schemas.microsoft.com/win/2004/08/events/event'><System><Provider Name='Microsoft-Windows-Sysmon' Guid='{5770385f-c22a-43e0-bf4c-06f5698ffbd9}'/><EventID>1</EventID><Version>5</Version><Level>4</Level><Task>1</Task><Opcode>0</Opcode><Keywords>0x8000000000000000</Keywords><TimeCreated SystemTime='2020-11-22T08:55:27.7039134Z'/><EventRecordID>9611</EventRecordID><Correlation/><Execution ProcessID='35996' ThreadID='36956'/><Channel>Microsoft-Windows-Sysmon/Operational</Channel><Computer>DESKTOP-OD0Q7OR</Computer><Security UserID='S-1-5-18'/></System><EventData><Data Name='RuleName'>-</Data><Data Name='UtcTime'>2020-11-22 08:55:27.701</Data><Data Name='ProcessGuid'>{c9037512-277f-5fba-508f-010000000b00}</Data><Data Name='ProcessId'>40032</Data><Data Name='Image'>D:\케이쉴드주니어\python\FindWally\program\volatility\vol_2.6.exe</Data><Data Name='FileVersion'>-</Data><Data Name='Description'>-</Data><Data Name='Product'>-</Data><Data Name='Company'>-</Data><Data Name='OriginalFileName'>-</Data><Data Name='CommandLine'>vol_2.6.exe -f WIN-UDBRDQCHDVH-20201114-073411.raw --profile=Win7SP1x64 ldrmodules</Data><Data Name='CurrentDirectory'>D:\케이쉴드주니어\python\FindWally\program\volatility\</Data><Data Name='User'>DESKTOP-OD0Q7OR\dayou</Data><Data Name='LogonGuid'>{c9037512-8161-5fb8-7198-7d2b00000000}</Data><Data Name='LogonId'>0x2b7d9871</Data><Data Name='TerminalSessionId'>10</Data><Data Name='IntegrityLevel'>High</Data><Data Name='Hashes'>SHA1=AE08F33AB8B4E4D452FD44B0D42645475DE62218</Data><Data Name='ParentProcessGuid'>{c9037512-277e-5fba-4f8f-010000000b00}</Data><Data Name='ParentProcessId'>38564</Data><Data Name='ParentImage'>D:\케이쉴드주니어\python\FindWally\program\volatility\vol_2.6.exe</Data><Data Name='ParentCommandLine'>vol_2.6.exe -f WIN-UDBRDQCHDVH-20201114-073411.raw --profile=Win7SP1x64 ldrmodules</Data></EventData></Event>
<Event xmlns='http://schemas.microsoft.com/win/2004/08/events/event'><System><Provider Name='Microsoft-Windows-Sysmon' Guid='{5770385f-c22a-43e0-bf4c-06f5698ffbd9}'/><EventID>1</EventID><Version>5</Version><Level>4</Level><Task>1</Task><Opcode>0</Opcode><Keywords>0x8000000000000000</Keywords><TimeCreated SystemTime='2020-11-22T08:55:32.5551222Z'/><EventRecordID>9612</EventRecordID><Correlation/><Execution ProcessID='35996' ThreadID='36956'/><Channel>Microsoft-Windows-Sysmon/Operational</Channel><Computer>DESKTOP-OD0Q7OR</Computer><Security UserID='S-1-5-18'/></System><EventData><Data Name='RuleName'>-</Data><Data Name='UtcTime'>2020-11-22 08:55:32.551</Data><Data Name='ProcessGuid'>{c9037512-2784-5fba-518f-010000000b00}</Data><Data Name='ProcessId'>39716</Data><Data Name='Image'>C:\Program Files (x86)\Google\Chrome\Application\chrome.exe</Data><Data Name='FileVersion'>86.0.4240.198</Data><Data Name='Description'>Google Chrome</Data><Data Name='Product'>Google Chrome</Data><Data Name='Company'>Google LLC</Data><Data Name='OriginalFileName'>chrome.exe</Data><Data Name='CommandLine'>"C:\Program Files (x86)\Google\Chrome\Application\chrome.exe" --type=renderer --field-trial-handle=1708,7834201927063821937,15256828772809768920,131072 --lang=ko --extension-process --device-scale-factor=1 --num-raster-threads=3 --enable-main-frame-before-activation --renderer-client-id=1990 --no-v8-untrusted-code-mitigations --mojo-platform-channel-handle=7364 /prefetch:1</Data><Data Name='CurrentDirectory'>C:\Program Files (x86)\Google\Chrome\Application\86.0.4240.198\</Data><Data Name='User'>DESKTOP-OD0Q7OR\dayou</Data><Data Name='LogonGuid'>{c9037512-8161-5fb8-94a9-7d2b00000000}</Data><Data Name='LogonId'>0x2b7da994</Data><Data Name='TerminalSessionId'>10</Data><Data Name='IntegrityLevel'>Low</Data><Data Name='Hashes'>SHA1=D00945460AC8E6CA9AA407B5B3DCC2B84CED3178</Data><Data Name='ParentProcessGuid'>{c9037512-8a88-5fb8-4444-010000000b00}</Data><Data Name='ParentProcessId'>13148</Data><Data Name='ParentImage'>C:\Program Files (x86)\Google\Chrome\Application\chrome.exe</Data><Data Name='ParentCommandLine'>"C:\Program Files (x86)\Google\Chrome\Application\chrome.exe" </Data></EventData></Event>
<Event xmlns='http://schemas.microsoft.com/win/2004/08/events/event'><System><Provider Name='Microsoft-Windows-Sysmon' Guid='{5770385f-c22a-43e0-bf4c-06f5698ffbd9}'/><EventID>5</EventID><Version>3</Version><Level>4</Level><Task>5</Task><Opcode>0</Opcode><Keywords>0x8000000000000000</Keywords><TimeCreated SystemTime='2020-11-22T08:55:39.3597237Z'/><EventRecordID>9613</EventRecordID><Correlation/><Execution ProcessID='35996' ThreadID='36956'/><Channel>Microsoft-Windows-Sysmon/Operational</Channel><Computer>DESKTOP-OD0Q7OR</Computer><Security UserID='S-1-5-18'/></System><EventData><Data Name='RuleName'>-</Data><Data Name='UtcTime'>2020-11-22 08:55:39.359</Data><Data Name='ProcessGuid'>{c9037512-277f-5fba-508f-010000000b00}</Data><Data Name='ProcessId'>40032</Data><Data Name='Image'>D:\케이쉴드주니어\python\FindWally\program\volatility\vol_2.6.exe</Data></EventData></Event>
<Event xmlns='http://schemas.microsoft.com/win/2004/08/events/event'><System><Provider Name='Microsoft-Windows-Sysmon' Guid='{5770385f-c22a-43e0-bf4c-06f5698ffbd9}'/><EventID>5</EventID><Version>3</Version><Level>4</Level><Task>5</Task><Opcode>0</Opcode><Keywords>0x8000000000000000</Keywords><TimeCreated SystemTime='2020-11-22T08:55:39.5253523Z'/><EventRecordID>9614</EventRecordID><Correlation/><Execution ProcessID='35996' ThreadID='36956'/><Channel>Microsoft-Windows-Sysmon/Operational</Channel><Computer>DESKTOP-OD0Q7OR</Computer><Security UserID='S-1-5-18'/></System><EventData><Data Name='RuleName'>-</Data><Data Name='UtcTime'>2020-11-22 08:55:39.524</Data><Data Name='ProcessGuid'>{c9037512-277e-5fba-4f8f-010000000b00}</Data><Data Name='ProcessId'>38564</Data><Data Name='Image'>D:\케이쉴드주니어\python\FindWally\program\volatility\vol_2.6.exe</Data></EventData></Event>
<Event xmlns='http://schemas.microsoft.com/win/2004/08/events/event'><System><Provider Name='Microsoft-Windows-Sysmon' Guid='{5770385f-c22a-43e0-bf4c-06f5698ffbd9}'/><EventID>1</EventID><Version>5</Version><Level>4</Level><Task>1</Task><Opcode>0</Opcode><Keywords>0x8000000000000000</Keywords><TimeCreated SystemTime='2020-11-22T08:55:39.8582359Z'/><EventRecordID>9615</EventRecordID><Correlation/><Execution ProcessID='35996' ThreadID='36956'/><Channel>Microsoft-Windows-Sysmon/Operational</Channel><Computer>DESKTOP-OD0Q7OR</Computer><Security UserID='S-1-5-18'/></System><EventData><Data Name='RuleName'>-</Data><Data Name='UtcTime'>2020-11-22 08:55:39.855</Data><Data Name='ProcessGuid'>{c9037512-278b-5fba-528f-010000000b00}</Data><Data Name='ProcessId'>39520</Data><Data Name='Image'>D:\케이쉴드주니어\python\FindWally\program\volatility\vol_2.6.exe</Data><Data Name='FileVersion'>-</Data><Data Name='Description'>-</Data><Data Name='Product'>-</Data><Data Name='Company'>-</Data><Data Name='OriginalFileName'>-</Data><Data Name='CommandLine'>vol_2.6.exe -f WIN-UDBRDQCHDVH-20201114-073411.raw --profile=Win7SP1x64 yarascan --yara-rules=\x10'</Data><Data Name='CurrentDirectory'>D:\케이쉴드주니어\python\FindWally\program\volatility\</Data><Data Name='User'>DESKTOP-OD0Q7OR\dayou</Data><Data Name='LogonGuid'>{c9037512-8161-5fb8-7198-7d2b00000000}</Data><Data Name='LogonId'>0x2b7d9871</Data><Data Name='TerminalSessionId'>10</Data><Data Name='IntegrityLevel'>High</Data><Data Name='Hashes'>SHA1=AE08F33AB8B4E4D452FD44B0D42645475DE62218</Data><Data Name='ParentProcessGuid'>{c9037512-26a2-5fba-be8e-010000000b00}</Data><Data Name='ParentProcessId'>39444</Data><Data Name='ParentImage'>D:\Anaconda3\python.exe</Data><Data Name='ParentCommandLine'>"D:\Anaconda3\python.exe" "-c" "from multiprocessing.spawn import spawn_main; spawn_main(parent_pid=11048, pipe_handle=2476)" "--multiprocessing-fork"</Data></EventData></Event>
<Event xmlns='http://schemas.microsoft.com/win/2004/08/events/event'><System><Provider Name='Microsoft-Windows-Sysmon' Guid='{5770385f-c22a-43e0-bf4c-06f5698ffbd9}'/><EventID>1</EventID><Version>5</Version><Level>4</Level><Task>1</Task><Opcode>0</Opcode><Keywords>0x8000000000000000</Keywords><TimeCreated SystemTime='2020-11-22T08:55:40.7298587Z'/><EventRecordID>9616</EventRecordID><Correlation/><Execution ProcessID='35996' ThreadID='36956'/><Channel>Microsoft-Windows-Sysmon/Operational</Channel><Computer>DESKTOP-OD0Q7OR</Computer><Security UserID='S-1-5-18'/></System><EventData><Data Name='RuleName'>-</Data><Data Name='UtcTime'>2020-11-22 08:55:40.727</Data><Data Name='ProcessGuid'>{c9037512-278c-5fba-538f-010000000b00}</Data><Data Name='ProcessId'>38552</Data><Data Name='Image'>D:\케이쉴드주니어\python\FindWally\program\volatility\vol_2.6.exe</Data><Data Name='FileVersion'>-</Data><Data Name='Description'>-</Data><Data Name='Product'>-</Data><Data Name='Company'>-</Data><Data Name='OriginalFileName'>-</Data><Data Name='CommandLine'>vol_2.6.exe -f WIN-UDBRDQCHDVH-20201114-073411.raw --profile=Win7SP1x64 yarascan --yara-rules=\x10'</Data><Data Name='CurrentDirectory'>D:\케이쉴드주니어\python\FindWally\program\volatility\</Data><Data Name='User'>DESKTOP-OD0Q7OR\dayou</Data><Data Name='LogonGuid'>{c9037512-8161-5fb8-7198-7d2b00000000}</Data><Data Name='LogonId'>0x2b7d9871</Data><Data Name='TerminalSessionId'>10</Data><Data Name='IntegrityLevel'>High</Data><Data Name='Hashes'>SHA1=AE08F33AB8B4E4D452FD44B0D42645475DE62218</Data><Data Name='ParentProcessGuid'>{c9037512-278b-5fba-528f-010000000b00}</Data><Data Name='ParentProcessId'>39520</Data><Data Name='ParentImage'>D:\케이쉴드주니어\python\FindWally\program\volatility\vol_2.6.exe</Data><Data Name='ParentCommandLine'>vol_2.6.exe -f WIN-UDBRDQCHDVH-20201114-073411.raw --profile=Win7SP1x64 yarascan --yara-rules=\x10'</Data></EventData></Event>
<Event xmlns='http://schemas.microsoft.com/win/2004/08/events/event'><System><Provider Name='Microsoft-Windows-Sysmon' Guid='{5770385f-c22a-43e0-bf4c-06f5698ffbd9}'/><EventID>1</EventID><Version>5</Version><Level>4</Level><Task>1</Task><Opcode>0</Opcode><Keywords>0x8000000000000000</Keywords><TimeCreated SystemTime='2020-11-22T08:55:43.9165553Z'/><EventRecordID>9617</EventRecordID><Correlation/><Execution ProcessID='35996' ThreadID='36956'/><Channel>Microsoft-Windows-Sysmon/Operational</Channel><Computer>DESKTOP-OD0Q7OR</Computer><Security UserID='S-1-5-18'/></System><EventData><Data Name='RuleName'>-</Data><Data Name='UtcTime'>2020-11-22 08:55:43.913</Data><Data Name='ProcessGuid'>{c9037512-278f-5fba-548f-010000000b00}</Data><Data Name='ProcessId'>18536</Data><Data Name='Image'>C:\Program Files (x86)\Google\Chrome\Application\chrome.exe</Data><Data Name='FileVersion'>86.0.4240.198</Data><Data Name='Description'>Google Chrome</Data><Data Name='Product'>Google Chrome</Data><Data Name='Company'>Google LLC</Data><Data Name='OriginalFileName'>chrome.exe</Data><Data Name='CommandLine'>"C:\Program Files (x86)\Google\Chrome\Application\chrome.exe" --type=renderer --field-trial-handle=1708,7834201927063821937,15256828772809768920,131072 --lang=ko --extension-process --device-scale-factor=1 --num-raster-threads=3 --enable-main-frame-before-activation --renderer-client-id=1991 --no-v8-untrusted-code-mitigations --mojo-platform-channel-handle=13440 /prefetch:1</Data><Data Name='CurrentDirectory'>C:\Program Files (x86)\Google\Chrome\Application\86.0.4240.198\</Data><Data Name='User'>DESKTOP-OD0Q7OR\dayou</Data><Data Name='LogonGuid'>{c9037512-8161-5fb8-94a9-7d2b00000000}</Data><Data Name='LogonId'>0x2b7da994</Data><Data Name='TerminalSessionId'>10</Data><Data Name='IntegrityLevel'>Low</Data><Data Name='Hashes'>SHA1=D00945460AC8E6CA9AA407B5B3DCC2B84CED3178</Data><Data Name='ParentProcessGuid'>{c9037512-8a88-5fb8-4444-010000000b00}</Data><Data Name='ParentProcessId'>13148</Data><Data Name='ParentImage'>C:\Program Files (x86)\Google\Chrome\Application\chrome.exe</Data><Data Name='ParentCommandLine'>"C:\Program Files (x86)\Google\Chrome\Application\chrome.exe" </Data></EventData></Event>
<Event xmlns='http://schemas.microsoft.com/win/2004/08/events/event'><System><Provider Name='Microsoft-Windows-Sysmon' Guid='{5770385f-c22a-43e0-bf4c-06f5698ffbd9}'/><EventID>5</EventID><Version>3</Version><Level>4</Level><Task>5</Task><Opcode>0</Opcode><Keywords>0x8000000000000000</Keywords><TimeCreated SystemTime='2020-11-22T08:55:47.6228541Z'/><EventRecordID>9618</EventRecordID><Correlation/><Execution ProcessID='35996' ThreadID='36956'/><Channel>Microsoft-Windows-Sysmon/Operational</Channel><Computer>DESKTOP-OD0Q7OR</Computer><Security UserID='S-1-5-18'/></System><EventData><Data Name='RuleName'>-</Data><Data Name='UtcTime'>2020-11-22 08:55:47.622</Data><Data Name='ProcessGuid'>{c9037512-2784-5fba-518f-010000000b00}</Data><Data Name='ProcessId'>39716</Data><Data Name='Image'>C:\Program Files (x86)\Google\Chrome\Application\chrome.exe</Data></EventData></Event>
<Event xmlns='http://schemas.microsoft.com/win/2004/08/events/event'><System><Provider Name='Microsoft-Windows-Sysmon' Guid='{5770385f-c22a-43e0-bf4c-06f5698ffbd9}'/><EventID>1</EventID><Version>5</Version><Level>4</Level><Task>1</Task><Opcode>0</Opcode><Keywords>0x8000000000000000</Keywords><TimeCreated SystemTime='2020-11-22T08:55:58.2607913Z'/><EventRecordID>9619</EventRecordID><Correlation/><Execution ProcessID='35996' ThreadID='36956'/><Channel>Microsoft-Windows-Sysmon/Operational</Channel><Computer>DESKTOP-OD0Q7OR</Computer><Security UserID='S-1-5-18'/></System><EventData><Data Name='RuleName'>-</Data><Data Name='UtcTime'>2020-11-22 08:55:58.257</Data><Data Name='ProcessGuid'>{c9037512-279e-5fba-558f-010000000b00}</Data><Data Name='ProcessId'>37972</Data><Data Name='Image'>C:\Program Files (x86)\Google\Chrome\Application\chrome.exe</Data><Data Name='FileVersion'>86.0.4240.198</Data><Data Name='Description'>Google Chrome</Data><Data Name='Product'>Google Chrome</Data><Data Name='Company'>Google LLC</Data><Data Name='OriginalFileName'>chrome.exe</Data><Data Name='CommandLine'>"C:\Program Files (x86)\Google\Chrome\Application\chrome.exe" --type=renderer --field-trial-handle=1708,7834201927063821937,15256828772809768920,131072 --lang=ko --extension-process --device-scale-factor=1 --num-raster-threads=3 --enable-main-frame-before-activation --renderer-client-id=1992 --no-v8-untrusted-code-mitigations --mojo-platform-channel-handle=16004 /prefetch:1</Data><Data Name='CurrentDirectory'>C:\Program Files (x86)\Google\Chrome\Application\86.0.4240.198\</Data><Data Name='User'>DESKTOP-OD0Q7OR\dayou</Data><Data Name='LogonGuid'>{c9037512-8161-5fb8-94a9-7d2b00000000}</Data><Data Name='LogonId'>0x2b7da994</Data><Data Name='TerminalSessionId'>10</Data><Data Name='IntegrityLevel'>Low</Data><Data Name='Hashes'>SHA1=D00945460AC8E6CA9AA407B5B3DCC2B84CED3178</Data><Data Name='ParentProcessGuid'>{c9037512-8a88-5fb8-4444-010000000b00}</Data><Data Name='ParentProcessId'>13148</Data><Data Name='ParentImage'>C:\Program Files (x86)\Google\Chrome\Application\chrome.exe</Data><Data Name='ParentCommandLine'>"C:\Program Files (x86)\Google\Chrome\Application\chrome.exe" </Data></EventData></Event>
<Event xmlns='http://schemas.microsoft.com/win/2004/08/events/event'><System><Provider Name='Microsoft-Windows-Sysmon' Guid='{5770385f-c22a-43e0-bf4c-06f5698ffbd9}'/><EventID>5</EventID><Version>3</Version><Level>4</Level><Task>5</Task><Opcode>0</Opcode><Keywords>0x8000000000000000</Keywords><TimeCreated SystemTime='2020-11-22T08:55:59.2169135Z'/><EventRecordID>9620</EventRecordID><Correlation/><Execution ProcessID='35996' ThreadID='36956'/><Channel>Microsoft-Windows-Sysmon/Operational</Channel><Computer>DESKTOP-OD0Q7OR</Computer><Security UserID='S-1-5-18'/></System><EventData><Data Name='RuleName'>-</Data><Data Name='UtcTime'>2020-11-22 08:55:59.216</Data><Data Name='ProcessGuid'>{c9037512-278f-5fba-548f-010000000b00}</Data><Data Name='ProcessId'>18536</Data><Data Name='Image'>C:\Program Files (x86)\Google\Chrome\Application\chrome.exe</Data></EventData></Event>
<Event xmlns='http://schemas.microsoft.com/win/2004/08/events/event'><System><Provider Name='Microsoft-Windows-Sysmon' Guid='{5770385f-c22a-43e0-bf4c-06f5698ffbd9}'/><EventID>1</EventID><Version>5</Version><Level>4</Level><Task>1</Task><Opcode>0</Opcode><Keywords>0x8000000000000000</Keywords><TimeCreated SystemTime='2020-11-22T08:56:09.4668678Z'/><EventRecordID>9621</EventRecordID><Correlation/><Execution ProcessID='35996' ThreadID='36956'/><Channel>Microsoft-Windows-Sysmon/Operational</Channel><Computer>DESKTOP-OD0Q7OR</Computer><Security UserID='S-1-5-18'/></System><EventData><Data Name='RuleName'>-</Data><Data Name='UtcTime'>2020-11-22 08:56:09.463</Data><Data Name='ProcessGuid'>{c9037512-27a9-5fba-568f-010000000b00}</Data><Data Name='ProcessId'>39960</Data><Data Name='Image'>C:\Program Files (x86)\Google\Chrome\Application\chrome.exe</Data><Data Name='FileVersion'>86.0.4240.198</Data><Data Name='Description'>Google Chrome</Data><Data Name='Product'>Google Chrome</Data><Data Name='Company'>Google LLC</Data><Data Name='OriginalFileName'>chrome.exe</Data><Data Name='CommandLine'>"C:\Program Files (x86)\Google\Chrome\Application\chrome.exe" --type=renderer --field-trial-handle=1708,7834201927063821937,15256828772809768920,131072 --lang=ko --extension-process --device-scale-factor=1 --num-raster-threads=3 --enable-main-frame-before-activation --renderer-client-id=1993 --no-v8-untrusted-code-mitigations --mojo-platform-channel-handle=13840 /prefetch:1</Data><Data Name='CurrentDirectory'>C:\Program Files (x86)\Google\Chrome\Application\86.0.4240.198\</Data><Data Name='User'>DESKTOP-OD0Q7OR\dayou</Data><Data Name='LogonGuid'>{c9037512-8161-5fb8-94a9-7d2b00000000}</Data><Data Name='LogonId'>0x2b7da994</Data><Data Name='TerminalSessionId'>10</Data><Data Name='IntegrityLevel'>Low</Data><Data Name='Hashes'>SHA1=D00945460AC8E6CA9AA407B5B3DCC2B84CED3178</Data><Data Name='ParentProcessGuid'>{c9037512-8a88-5fb8-4444-010000000b00}</Data><Data Name='ParentProcessId'>13148</Data><Data Name='ParentImage'>C:\Program Files (x86)\Google\Chrome\Application\chrome.exe</Data><Data Name='ParentCommandLine'>"C:\Program Files (x86)\Google\Chrome\Application\chrome.exe" </Data></EventData></Event>
<Event xmlns='http://schemas.microsoft.com/win/2004/08/events/event'><System><Provider Name='Microsoft-Windows-Sysmon' Guid='{5770385f-c22a-43e0-bf4c-06f5698ffbd9}'/><EventID>5</EventID><Version>3</Version><Level>4</Level><Task>5</Task><Opcode>0</Opcode><Keywords>0x8000000000000000</Keywords><TimeCreated SystemTime='2020-11-22T08:56:19.4661668Z'/><EventRecordID>9622</EventRecordID><Correlation/><Execution ProcessID='35996' ThreadID='36956'/><Channel>Microsoft-Windows-Sysmon/Operational</Channel><Computer>DESKTOP-OD0Q7OR</Computer><Security UserID='S-1-5-18'/></System><EventData><Data Name='RuleName'>-</Data><Data Name='UtcTime'>2020-11-22 08:56:19.465</Data><Data Name='ProcessGuid'>{c9037512-279e-5fba-558f-010000000b00}</Data><Data Name='ProcessId'>37972</Data><Data Name='Image'>C:\Program Files (x86)\Google\Chrome\Application\chrome.exe</Data></EventData></Event>
<Event xmlns='http://schemas.microsoft.com/win/2004/08/events/event'><System><Provider Name='Microsoft-Windows-Sysmon' Guid='{5770385f-c22a-43e0-bf4c-06f5698ffbd9}'/><EventID>5</EventID><Version>3</Version><Level>4</Level><Task>5</Task><Opcode>0</Opcode><Keywords>0x8000000000000000</Keywords><TimeCreated SystemTime='2020-11-22T08:56:24.4650632Z'/><EventRecordID>9623</EventRecordID><Correlation/><Execution ProcessID='35996' ThreadID='36956'/><Channel>Microsoft-Windows-Sysmon/Operational</Channel><Computer>DESKTOP-OD0Q7OR</Computer><Security UserID='S-1-5-18'/></System><EventData><Data Name='RuleName'>-</Data><Data Name='UtcTime'>2020-11-22 08:56:24.464</Data><Data Name='ProcessGuid'>{c9037512-278c-5fba-538f-010000000b00}</Data><Data Name='ProcessId'>38552</Data><Data Name='Image'>D:\케이쉴드주니어\python\FindWally\program\volatility\vol_2.6.exe</Data></EventData></Event>
<Event xmlns='http://schemas.microsoft.com/win/2004/08/events/event'><System><Provider Name='Microsoft-Windows-Sysmon' Guid='{5770385f-c22a-43e0-bf4c-06f5698ffbd9}'/><EventID>5</EventID><Version>3</Version><Level>4</Level><Task>5</Task><Opcode>0</Opcode><Keywords>0x8000000000000000</Keywords><TimeCreated SystemTime='2020-11-22T08:56:24.6259649Z'/><EventRecordID>9624</EventRecordID><Correlation/><Execution ProcessID='35996' ThreadID='36956'/><Channel>Microsoft-Windows-Sysmon/Operational</Channel><Computer>DESKTOP-OD0Q7OR</Computer><Security UserID='S-1-5-18'/></System><EventData><Data Name='RuleName'>-</Data><Data Name='UtcTime'>2020-11-22 08:56:24.625</Data><Data Name='ProcessGuid'>{c9037512-278b-5fba-528f-010000000b00}</Data><Data Name='ProcessId'>39520</Data><Data Name='Image'>D:\케이쉴드주니어\python\FindWally\program\volatility\vol_2.6.exe</Data></EventData></Event>
<Event xmlns='http://schemas.microsoft.com/win/2004/08/events/event'><System><Provider Name='Microsoft-Windows-Sysmon' Guid='{5770385f-c22a-43e0-bf4c-06f5698ffbd9}'/><EventID>5</EventID><Version>3</Version><Level>4</Level><Task>5</Task><Opcode>0</Opcode><Keywords>0x8000000000000000</Keywords><TimeCreated SystemTime='2020-11-22T08:56:24.6588571Z'/><EventRecordID>9625</EventRecordID><Correlation/><Execution ProcessID='35996' ThreadID='36956'/><Channel>Microsoft-Windows-Sysmon/Operational</Channel><Computer>DESKTOP-OD0Q7OR</Computer><Security UserID='S-1-5-18'/></System><EventData><Data Name='RuleName'>-</Data><Data Name='UtcTime'>2020-11-22 08:56:24.658</Data><Data Name='ProcessGuid'>{c9037512-27a9-5fba-568f-010000000b00}</Data><Data Name='ProcessId'>39960</Data><Data Name='Image'>C:\Program Files (x86)\Google\Chrome\Application\chrome.exe</Data></EventData></Event>
<Event xmlns='http://schemas.microsoft.com/win/2004/08/events/event'><System><Provider Name='Microsoft-Windows-Sysmon' Guid='{5770385f-c22a-43e0-bf4c-06f5698ffbd9}'/><EventID>1</EventID><Version>5</Version><Level>4</Level><Task>1</Task><Opcode>0</Opcode><Keywords>0x8000000000000000</Keywords><TimeCreated SystemTime='2020-11-22T08:56:24.6790062Z'/><EventRecordID>9626</EventRecordID><Correlation/><Execution ProcessID='35996' ThreadID='36956'/><Channel>Microsoft-Windows-Sysmon/Operational</Channel><Computer>DESKTOP-OD0Q7OR</Computer><Security UserID='S-1-5-18'/></System><EventData><Data Name='RuleName'>-</Data><Data Name='UtcTime'>2020-11-22 08:56:24.676</Data><Data Name='ProcessGuid'>{c9037512-27b8-5fba-578f-010000000b00}</Data><Data Name='ProcessId'>36192</Data><Data Name='Image'>D:\케이쉴드주니어\python\FindWally\program\volatility\vol_2.6.exe</Data><Data Name='FileVersion'>-</Data><Data Name='Description'>-</Data><Data Name='Product'>-</Data><Data Name='Company'>-</Data><Data Name='OriginalFileName'>-</Data><Data Name='CommandLine'>vol_2.6.exe -f WIN-UDBRDQCHDVH-20201114-073411.raw --profile=Win7SP1x64 yarascan --yara-rules=</Data><Data Name='CurrentDirectory'>D:\케이쉴드주니어\python\FindWally\program\volatility\</Data><Data Name='User'>DESKTOP-OD0Q7OR\dayou</Data><Data Name='LogonGuid'>{c9037512-8161-5fb8-7198-7d2b00000000}</Data><Data Name='LogonId'>0x2b7d9871</Data><Data Name='TerminalSessionId'>10</Data><Data Name='IntegrityLevel'>High</Data><Data Name='Hashes'>SHA1=AE08F33AB8B4E4D452FD44B0D42645475DE62218</Data><Data Name='ParentProcessGuid'>{c9037512-26a2-5fba-be8e-010000000b00}</Data><Data Name='ParentProcessId'>39444</Data><Data Name='ParentImage'>D:\Anaconda3\python.exe</Data><Data Name='ParentCommandLine'>"D:\Anaconda3\python.exe" "-c" "from multiprocessing.spawn import spawn_main; spawn_main(parent_pid=11048, pipe_handle=2476)" "--multiprocessing-fork"</Data></EventData></Event>
<Event xmlns='http://schemas.microsoft.com/win/2004/08/events/event'><System><Provider Name='Microsoft-Windows-Sysmon' Guid='{5770385f-c22a-43e0-bf4c-06f5698ffbd9}'/><EventID>1</EventID><Version>5</Version><Level>4</Level><Task>1</Task><Opcode>0</Opcode><Keywords>0x8000000000000000</Keywords><TimeCreated SystemTime='2020-11-22T08:56:25.5373737Z'/><EventRecordID>9627</EventRecordID><Correlation/><Execution ProcessID='35996' ThreadID='36956'/><Channel>Microsoft-Windows-Sysmon/Operational</Channel><Computer>DESKTOP-OD0Q7OR</Computer><Security UserID='S-1-5-18'/></System><EventData><Data Name='RuleName'>-</Data><Data Name='UtcTime'>2020-11-22 08:56:25.534</Data><Data Name='ProcessGuid'>{c9037512-27b9-5fba-588f-010000000b00}</Data><Data Name='ProcessId'>38732</Data><Data Name='Image'>D:\케이쉴드주니어\python\FindWally\program\volatility\vol_2.6.exe</Data><Data Name='FileVersion'>-</Data><Data Name='Description'>-</Data><Data Name='Product'>-</Data><Data Name='Company'>-</Data><Data Name='OriginalFileName'>-</Data><Data Name='CommandLine'>vol_2.6.exe -f WIN-UDBRDQCHDVH-20201114-073411.raw --profile=Win7SP1x64 yarascan --yara-rules=</Data><Data Name='CurrentDirectory'>D:\케이쉴드주니어\python\FindWally\program\volatility\</Data><Data Name='User'>DESKTOP-OD0Q7OR\dayou</Data><Data Name='LogonGuid'>{c9037512-8161-5fb8-7198-7d2b00000000}</Data><Data Name='LogonId'>0x2b7d9871</Data><Data Name='TerminalSessionId'>10</Data><Data Name='IntegrityLevel'>High</Data><Data Name='Hashes'>SHA1=AE08F33AB8B4E4D452FD44B0D42645475DE62218</Data><Data Name='ParentProcessGuid'>{c9037512-27b8-5fba-578f-010000000b00}</Data><Data Name='ParentProcessId'>36192</Data><Data Name='ParentImage'>D:\케이쉴드주니어\python\FindWally\program\volatility\vol_2.6.exe</Data><Data Name='ParentCommandLine'>vol_2.6.exe -f WIN-UDBRDQCHDVH-20201114-073411.raw --profile=Win7SP1x64 yarascan --yara-rules=</Data></EventData></Event>
<Event xmlns='http://schemas.microsoft.com/win/2004/08/events/event'><System><Provider Name='Microsoft-Windows-Sysmon' Guid='{5770385f-c22a-43e0-bf4c-06f5698ffbd9}'/><EventID>1</EventID><Version>5</Version><Level>4</Level><Task>1</Task><Opcode>0</Opcode><Keywords>0x8000000000000000</Keywords><TimeCreated SystemTime='2020-11-22T08:56:25.5819716Z'/><EventRecordID>9628</EventRecordID><Correlation/><Execution ProcessID='35996' ThreadID='36956'/><Channel>Microsoft-Windows-Sysmon/Operational</Channel><Computer>DESKTOP-OD0Q7OR</Computer><Security UserID='S-1-5-18'/></System><EventData><Data Name='RuleName'>-</Data><Data Name='UtcTime'>2020-11-22 08:56:25.578</Data><Data Name='ProcessGuid'>{c9037512-27b9-5fba-598f-010000000b00}</Data><Data Name='ProcessId'>37952</Data><Data Name='Image'>C:\Program Files (x86)\Google\Chrome\Application\chrome.exe</Data><Data Name='FileVersion'>86.0.4240.198</Data><Data Name='Description'>Google Chrome</Data><Data Name='Product'>Google Chrome</Data><Data Name='Company'>Google LLC</Data><Data Name='OriginalFileName'>chrome.exe</Data><Data Name='CommandLine'>"C:\Program Files (x86)\Google\Chrome\Application\chrome.exe" --type=renderer --field-trial-handle=1708,7834201927063821937,15256828772809768920,131072 --lang=ko --extension-process --device-scale-factor=1 --num-raster-threads=3 --enable-main-frame-before-activation --renderer-client-id=1994 --no-v8-untrusted-code-mitigations --mojo-platform-channel-handle=9148 /prefetch:1</Data><Data Name='CurrentDirectory'>C:\Program Files (x86)\Google\Chrome\Application\86.0.4240.198\</Data><Data Name='User'>DESKTOP-OD0Q7OR\dayou</Data><Data Name='LogonGuid'>{c9037512-8161-5fb8-94a9-7d2b00000000}</Data><Data Name='LogonId'>0x2b7da994</Data><Data Name='TerminalSessionId'>10</Data><Data Name='IntegrityLevel'>Low</Data><Data Name='Hashes'>SHA1=D00945460AC8E6CA9AA407B5B3DCC2B84CED3178</Data><Data Name='ParentProcessGuid'>{c9037512-8a88-5fb8-4444-010000000b00}</Data><Data Name='ParentProcessId'>13148</Data><Data Name='ParentImage'>C:\Program Files (x86)\Google\Chrome\Application\chrome.exe</Data><Data Name='ParentCommandLine'>"C:\Program Files (x86)\Google\Chrome\Application\chrome.exe" </Data></EventData></Event>
<Event xmlns='http://schemas.microsoft.com/win/2004/08/events/event'><System><Provider Name='Microsoft-Windows-Sysmon' Guid='{5770385f-c22a-43e0-bf4c-06f5698ffbd9}'/><EventID>5</EventID><Version>3</Version><Level>4</Level><Task>5</Task><Opcode>0</Opcode><Keywords>0x8000000000000000</Keywords><TimeCreated SystemTime='2020-11-22T08:56:27.0250618Z'/><EventRecordID>9629</EventRecordID><Correlation/><Execution ProcessID='35996' ThreadID='36956'/><Channel>Microsoft-Windows-Sysmon/Operational</Channel><Computer>DESKTOP-OD0Q7OR</Computer><Security UserID='S-1-5-18'/></System><EventData><Data Name='RuleName'>-</Data><Data Name='UtcTime'>2020-11-22 08:56:27.024</Data><Data Name='ProcessGuid'>{c9037512-27b9-5fba-588f-010000000b00}</Data><Data Name='ProcessId'>38732</Data><Data Name='Image'>D:\케이쉴드주니어\python\FindWally\program\volatility\vol_2.6.exe</Data></EventData></Event>
<Event xmlns='http://schemas.microsoft.com/win/2004/08/events/event'><System><Provider Name='Microsoft-Windows-Sysmon' Guid='{5770385f-c22a-43e0-bf4c-06f5698ffbd9}'/><EventID>5</EventID><Version>3</Version><Level>4</Level><Task>5</Task><Opcode>0</Opcode><Keywords>0x8000000000000000</Keywords><TimeCreated SystemTime='2020-11-22T08:56:27.1811754Z'/><EventRecordID>9630</EventRecordID><Correlation/><Execution ProcessID='35996' ThreadID='36956'/><Channel>Microsoft-Windows-Sysmon/Operational</Channel><Computer>DESKTOP-OD0Q7OR</Computer><Security UserID='S-1-5-18'/></System><EventData><Data Name='RuleName'>-</Data><Data Name='UtcTime'>2020-11-22 08:56:27.180</Data><Data Name='ProcessGuid'>{c9037512-27b8-5fba-578f-010000000b00}</Data><Data Name='ProcessId'>36192</Data><Data Name='Image'>D:\케이쉴드주니어\python\FindWally\program\volatility\vol_2.6.exe</Data></EventData></Event>
<Event xmlns='http://schemas.microsoft.com/win/2004/08/events/event'><System><Provider Name='Microsoft-Windows-Sysmon' Guid='{5770385f-c22a-43e0-bf4c-06f5698ffbd9}'/><EventID>1</EventID><Version>5</Version><Level>4</Level><Task>1</Task><Opcode>0</Opcode><Keywords>0x8000000000000000</Keywords><TimeCreated SystemTime='2020-11-22T08:56:27.4860199Z'/><EventRecordID>9631</EventRecordID><Correlation/><Execution ProcessID='35996' ThreadID='36956'/><Channel>Microsoft-Windows-Sysmon/Operational</Channel><Computer>DESKTOP-OD0Q7OR</Computer><Security UserID='S-1-5-18'/></System><EventData><Data Name='RuleName'>-</Data><Data Name='UtcTime'>2020-11-22 08:56:27.483</Data><Data Name='ProcessGuid'>{c9037512-27bb-5fba-5a8f-010000000b00}</Data><Data Name='ProcessId'>39144</Data><Data Name='Image'>D:\케이쉴드주니어\python\FindWally\program\volatility\vol_2.6.exe</Data><Data Name='FileVersion'>-</Data><Data Name='Description'>-</Data><Data Name='Product'>-</Data><Data Name='Company'>-</Data><Data Name='OriginalFileName'>-</Data><Data Name='CommandLine'>vol_2.6.exe -f WIN-UDBRDQCHDVH-20201114-073411.raw --profile=Win7SP1x64 dlllist</Data><Data Name='CurrentDirectory'>D:\케이쉴드주니어\python\FindWally\program\volatility\</Data><Data Name='User'>DESKTOP-OD0Q7OR\dayou</Data><Data Name='LogonGuid'>{c9037512-8161-5fb8-7198-7d2b00000000}</Data><Data Name='LogonId'>0x2b7d9871</Data><Data Name='TerminalSessionId'>10</Data><Data Name='IntegrityLevel'>High</Data><Data Name='Hashes'>SHA1=AE08F33AB8B4E4D452FD44B0D42645475DE62218</Data><Data Name='ParentProcessGuid'>{c9037512-26a2-5fba-be8e-010000000b00}</Data><Data Name='ParentProcessId'>39444</Data><Data Name='ParentImage'>D:\Anaconda3\python.exe</Data><Data Name='ParentCommandLine'>"D:\Anaconda3\python.exe" "-c" "from multiprocessing.spawn import spawn_main; spawn_main(parent_pid=11048, pipe_handle=2476)" "--multiprocessing-fork"</Data></EventData></Event>
<Event xmlns='http://schemas.microsoft.com/win/2004/08/events/event'><System><Provider Name='Microsoft-Windows-Sysmon' Guid='{5770385f-c22a-43e0-bf4c-06f5698ffbd9}'/><EventID>1</EventID><Version>5</Version><Level>4</Level><Task>1</Task><Opcode>0</Opcode><Keywords>0x8000000000000000</Keywords><TimeCreated SystemTime='2020-11-22T08:56:28.5960912Z'/><EventRecordID>9632</EventRecordID><Correlation/><Execution ProcessID='35996' ThreadID='36956'/><Channel>Microsoft-Windows-Sysmon/Operational</Channel><Computer>DESKTOP-OD0Q7OR</Computer><Security UserID='S-1-5-18'/></System><EventData><Data Name='RuleName'>-</Data><Data Name='UtcTime'>2020-11-22 08:56:28.594</Data><Data Name='ProcessGuid'>{c9037512-27bc-5fba-5b8f-010000000b00}</Data><Data Name='ProcessId'>36684</Data><Data Name='Image'>D:\케이쉴드주니어\python\FindWally\program\volatility\vol_2.6.exe</Data><Data Name='FileVersion'>-</Data><Data Name='Description'>-</Data><Data Name='Product'>-</Data><Data Name='Company'>-</Data><Data Name='OriginalFileName'>-</Data><Data Name='CommandLine'>vol_2.6.exe -f WIN-UDBRDQCHDVH-20201114-073411.raw --profile=Win7SP1x64 dlllist</Data><Data Name='CurrentDirectory'>D:\케이쉴드주니어\python\FindWally\program\volatility\</Data><Data Name='User'>DESKTOP-OD0Q7OR\dayou</Data><Data Name='LogonGuid'>{c9037512-8161-5fb8-7198-7d2b00000000}</Data><Data Name='LogonId'>0x2b7d9871</Data><Data Name='TerminalSessionId'>10</Data><Data Name='IntegrityLevel'>High</Data><Data Name='Hashes'>SHA1=AE08F33AB8B4E4D452FD44B0D42645475DE62218</Data><Data Name='ParentProcessGuid'>{c9037512-27bb-5fba-5a8f-010000000b00}</Data><Data Name='ParentProcessId'>39144</Data><Data Name='ParentImage'>D:\케이쉴드주니어\python\FindWally\program\volatility\vol_2.6.exe</Data><Data Name='ParentCommandLine'>vol_2.6.exe -f WIN-UDBRDQCHDVH-20201114-073411.raw --profile=Win7SP1x64 dlllist</Data></EventData></Event>
<Event xmlns='http://schemas.microsoft.com/win/2004/08/events/event'><System><Provider Name='Microsoft-Windows-Sysmon' Guid='{5770385f-c22a-43e0-bf4c-06f5698ffbd9}'/><EventID>5</EventID><Version>3</Version><Level>4</Level><Task>5</Task><Opcode>0</Opcode><Keywords>0x8000000000000000</Keywords><TimeCreated SystemTime='2020-11-22T08:56:32.6321035Z'/><EventRecordID>9633</EventRecordID><Correlation/><Execution ProcessID='35996' ThreadID='36956'/><Channel>Microsoft-Windows-Sysmon/Operational</Channel><Computer>DESKTOP-OD0Q7OR</Computer><Security UserID='S-1-5-18'/></System><EventData><Data Name='RuleName'>-</Data><Data Name='UtcTime'>2020-11-22 08:56:32.631</Data><Data Name='ProcessGuid'>{c9037512-27bc-5fba-5b8f-010000000b00}</Data><Data Name='ProcessId'>36684</Data><Data Name='Image'>D:\케이쉴드주니어\python\FindWally\program\volatility\vol_2.6.exe</Data></EventData></Event>
<Event xmlns='http://schemas.microsoft.com/win/2004/08/events/event'><System><Provider Name='Microsoft-Windows-Sysmon' Guid='{5770385f-c22a-43e0-bf4c-06f5698ffbd9}'/><EventID>5</EventID><Version>3</Version><Level>4</Level><Task>5</Task><Opcode>0</Opcode><Keywords>0x8000000000000000</Keywords><TimeCreated SystemTime='2020-11-22T08:56:32.7896346Z'/><EventRecordID>9634</EventRecordID><Correlation/><Execution ProcessID='35996' ThreadID='36956'/><Channel>Microsoft-Windows-Sysmon/Operational</Channel><Computer>DESKTOP-OD0Q7OR</Computer><Security UserID='S-1-5-18'/></System><EventData><Data Name='RuleName'>-</Data><Data Name='UtcTime'>2020-11-22 08:56:32.789</Data><Data Name='ProcessGuid'>{c9037512-27bb-5fba-5a8f-010000000b00}</Data><Data Name='ProcessId'>39144</Data><Data Name='Image'>D:\케이쉴드주니어\python\FindWally\program\volatility\vol_2.6.exe</Data></EventData></Event>
<Event xmlns='http://schemas.microsoft.com/win/2004/08/events/event'><System><Provider Name='Microsoft-Windows-Sysmon' Guid='{5770385f-c22a-43e0-bf4c-06f5698ffbd9}'/><EventID>1</EventID><Version>5</Version><Level>4</Level><Task>1</Task><Opcode>0</Opcode><Keywords>0x8000000000000000</Keywords><TimeCreated SystemTime='2020-11-22T08:56:32.7980022Z'/><EventRecordID>9635</EventRecordID><Correlation/><Execution ProcessID='35996' ThreadID='36956'/><Channel>Microsoft-Windows-Sysmon/Operational</Channel><Computer>DESKTOP-OD0Q7OR</Computer><Security UserID='S-1-5-18'/></System><EventData><Data Name='RuleName'>-</Data><Data Name='UtcTime'>2020-11-22 08:56:32.795</Data><Data Name='ProcessGuid'>{c9037512-27c0-5fba-5c8f-010000000b00}</Data><Data Name='ProcessId'>28060</Data><Data Name='Image'>D:\케이쉴드주니어\python\FindWally\program\volatility\vol_2.6.exe</Data><Data Name='FileVersion'>-</Data><Data Name='Description'>-</Data><Data Name='Product'>-</Data><Data Name='Company'>-</Data><Data Name='OriginalFileName'>-</Data><Data Name='CommandLine'>vol_2.6.exe -f WIN-UDBRDQCHDVH-20201114-073411.raw --profile=Win7SP1x64 yarascan --yara-rules=socket -p 1032</Data><Data Name='CurrentDirectory'>D:\케이쉴드주니어\python\FindWally\program\volatility\</Data><Data Name='User'>DESKTOP-OD0Q7OR\dayou</Data><Data Name='LogonGuid'>{c9037512-8161-5fb8-7198-7d2b00000000}</Data><Data Name='LogonId'>0x2b7d9871</Data><Data Name='TerminalSessionId'>10</Data><Data Name='IntegrityLevel'>High</Data><Data Name='Hashes'>SHA1=AE08F33AB8B4E4D452FD44B0D42645475DE62218</Data><Data Name='ParentProcessGuid'>{c9037512-26a2-5fba-be8e-010000000b00}</Data><Data Name='ParentProcessId'>39444</Data><Data Name='ParentImage'>D:\Anaconda3\python.exe</Data><Data Name='ParentCommandLine'>"D:\Anaconda3\python.exe" "-c" "from multiprocessing.spawn import spawn_main; spawn_main(parent_pid=11048, pipe_handle=2476)" "--multiprocessing-fork"</Data></EventData></Event>
<Event xmlns='http://schemas.microsoft.com/win/2004/08/events/event'><System><Provider Name='Microsoft-Windows-Sysmon' Guid='{5770385f-c22a-43e0-bf4c-06f5698ffbd9}'/><EventID>1</EventID><Version>5</Version><Level>4</Level><Task>1</Task><Opcode>0</Opcode><Keywords>0x8000000000000000</Keywords><TimeCreated SystemTime='2020-11-22T08:56:33.7994318Z'/><EventRecordID>9636</EventRecordID><Correlation/><Execution ProcessID='35996' ThreadID='36956'/><Channel>Microsoft-Windows-Sysmon/Operational</Channel><Computer>DESKTOP-OD0Q7OR</Computer><Security UserID='S-1-5-18'/></System><EventData><Data Name='RuleName'>-</Data><Data Name='UtcTime'>2020-11-22 08:56:33.797</Data><Data Name='ProcessGuid'>{c9037512-27c1-5fba-5d8f-010000000b00}</Data><Data Name='ProcessId'>9268</Data><Data Name='Image'>D:\케이쉴드주니어\python\FindWally\program\volatility\vol_2.6.exe</Data><Data Name='FileVersion'>-</Data><Data Name='Description'>-</Data><Data Name='Product'>-</Data><Data Name='Company'>-</Data><Data Name='OriginalFileName'>-</Data><Data Name='CommandLine'>vol_2.6.exe -f WIN-UDBRDQCHDVH-20201114-073411.raw --profile=Win7SP1x64 yarascan --yara-rules=socket -p 1032</Data><Data Name='CurrentDirectory'>D:\케이쉴드주니어\python\FindWally\program\volatility\</Data><Data Name='User'>DESKTOP-OD0Q7OR\dayou</Data><Data Name='LogonGuid'>{c9037512-8161-5fb8-7198-7d2b00000000}</Data><Data Name='LogonId'>0x2b7d9871</Data><Data Name='TerminalSessionId'>10</Data><Data Name='IntegrityLevel'>High</Data><Data Name='Hashes'>SHA1=AE08F33AB8B4E4D452FD44B0D42645475DE62218</Data><Data Name='ParentProcessGuid'>{c9037512-27c0-5fba-5c8f-010000000b00}</Data><Data Name='ParentProcessId'>28060</Data><Data Name='ParentImage'>D:\케이쉴드주니어\python\FindWally\program\volatility\vol_2.6.exe</Data><Data Name='ParentCommandLine'>vol_2.6.exe -f WIN-UDBRDQCHDVH-20201114-073411.raw --profile=Win7SP1x64 yarascan --yara-rules=socket -p 1032</Data></EventData></Event>
<Event xmlns='http://schemas.microsoft.com/win/2004/08/events/event'><System><Provider Name='Microsoft-Windows-Sysmon' Guid='{5770385f-c22a-43e0-bf4c-06f5698ffbd9}'/><EventID>5</EventID><Version>3</Version><Level>4</Level><Task>5</Task><Opcode>0</Opcode><Keywords>0x8000000000000000</Keywords><TimeCreated SystemTime='2020-11-22T08:56:36.6544921Z'/><EventRecordID>9637</EventRecordID><Correlation/><Execution ProcessID='35996' ThreadID='36956'/><Channel>Microsoft-Windows-Sysmon/Operational</Channel><Computer>DESKTOP-OD0Q7OR</Computer><Security UserID='S-1-5-18'/></System><EventData><Data Name='RuleName'>-</Data><Data Name='UtcTime'>2020-11-22 08:56:36.653</Data><Data Name='ProcessGuid'>{c9037512-27c1-5fba-5d8f-010000000b00}</Data><Data Name='ProcessId'>9268</Data><Data Name='Image'>D:\케이쉴드주니어\python\FindWally\program\volatility\vol_2.6.exe</Data></EventData></Event>
<Event xmlns='http://schemas.microsoft.com/win/2004/08/events/event'><System><Provider Name='Microsoft-Windows-Sysmon' Guid='{5770385f-c22a-43e0-bf4c-06f5698ffbd9}'/><EventID>1</EventID><Version>5</Version><Level>4</Level><Task>1</Task><Opcode>0</Opcode><Keywords>0x8000000000000000</Keywords><TimeCreated SystemTime='2020-11-22T08:56:36.7827317Z'/><EventRecordID>9638</EventRecordID><Correlation/><Execution ProcessID='35996' ThreadID='36956'/><Channel>Microsoft-Windows-Sysmon/Operational</Channel><Computer>DESKTOP-OD0Q7OR</Computer><Security UserID='S-1-5-18'/></System><EventData><Data Name='RuleName'>-</Data><Data Name='UtcTime'>2020-11-22 08:56:36.779</Data><Data Name='ProcessGuid'>{c9037512-27c4-5fba-5e8f-010000000b00}</Data><Data Name='ProcessId'>39784</Data><Data Name='Image'>C:\Program Files (x86)\Google\Chrome\Application\chrome.exe</Data><Data Name='FileVersion'>86.0.4240.198</Data><Data Name='Description'>Google Chrome</Data><Data Name='Product'>Google Chrome</Data><Data Name='Company'>Google LLC</Data><Data Name='OriginalFileName'>chrome.exe</Data><Data Name='CommandLine'>"C:\Program Files (x86)\Google\Chrome\Application\chrome.exe" --type=renderer --field-trial-handle=1708,7834201927063821937,15256828772809768920,131072 --lang=ko --extension-process --device-scale-factor=1 --num-raster-threads=3 --enable-main-frame-before-activation --renderer-client-id=1995 --no-v8-untrusted-code-mitigations --mojo-platform-channel-handle=15476 /prefetch:1</Data><Data Name='CurrentDirectory'>C:\Program Files (x86)\Google\Chrome\Application\86.0.4240.198\</Data><Data Name='User'>DESKTOP-OD0Q7OR\dayou</Data><Data Name='LogonGuid'>{c9037512-8161-5fb8-94a9-7d2b00000000}</Data><Data Name='LogonId'>0x2b7da994</Data><Data Name='TerminalSessionId'>10</Data><Data Name='IntegrityLevel'>Low</Data><Data Name='Hashes'>SHA1=D00945460AC8E6CA9AA407B5B3DCC2B84CED3178</Data><Data Name='ParentProcessGuid'>{c9037512-8a88-5fb8-4444-010000000b00}</Data><Data Name='ParentProcessId'>13148</Data><Data Name='ParentImage'>C:\Program Files (x86)\Google\Chrome\Application\chrome.exe</Data><Data Name='ParentCommandLine'>"C:\Program Files (x86)\Google\Chrome\Application\chrome.exe" </Data></EventData></Event>
<Event xmlns='http://schemas.microsoft.com/win/2004/08/events/event'><System><Provider Name='Microsoft-Windows-Sysmon' Guid='{5770385f-c22a-43e0-bf4c-06f5698ffbd9}'/><EventID>5</EventID><Version>3</Version><Level>4</Level><Task>5</Task><Opcode>0</Opcode><Keywords>0x8000000000000000</Keywords><TimeCreated SystemTime='2020-11-22T08:56:36.8153106Z'/><EventRecordID>9639</EventRecordID><Correlation/><Execution ProcessID='35996' ThreadID='36956'/><Channel>Microsoft-Windows-Sysmon/Operational</Channel><Computer>DESKTOP-OD0Q7OR</Computer><Security UserID='S-1-5-18'/></System><EventData><Data Name='RuleName'>-</Data><Data Name='UtcTime'>2020-11-22 08:56:36.814</Data><Data Name='ProcessGuid'>{c9037512-27c0-5fba-5c8f-010000000b00}</Data><Data Name='ProcessId'>28060</Data><Data Name='Image'>D:\케이쉴드주니어\python\FindWally\program\volatility\vol_2.6.exe</Data></EventData></Event>
<Event xmlns='http://schemas.microsoft.com/win/2004/08/events/event'><System><Provider Name='Microsoft-Windows-Sysmon' Guid='{5770385f-c22a-43e0-bf4c-06f5698ffbd9}'/><EventID>1</EventID><Version>5</Version><Level>4</Level><Task>1</Task><Opcode>0</Opcode><Keywords>0x8000000000000000</Keywords><TimeCreated SystemTime='2020-11-22T08:56:36.8188456Z'/><EventRecordID>9640</EventRecordID><Correlation/><Execution ProcessID='35996' ThreadID='36956'/><Channel>Microsoft-Windows-Sysmon/Operational</Channel><Computer>DESKTOP-OD0Q7OR</Computer><Security UserID='S-1-5-18'/></System><EventData><Data Name='RuleName'>-</Data><Data Name='UtcTime'>2020-11-22 08:56:36.816</Data><Data Name='ProcessGuid'>{c9037512-27c4-5fba-5f8f-010000000b00}</Data><Data Name='ProcessId'>40052</Data><Data Name='Image'>D:\케이쉴드주니어\python\FindWally\program\volatility\vol_2.6.exe</Data><Data Name='FileVersion'>-</Data><Data Name='Description'>-</Data><Data Name='Product'>-</Data><Data Name='Company'>-</Data><Data Name='OriginalFileName'>-</Data><Data Name='CommandLine'>vol_2.6.exe -f WIN-UDBRDQCHDVH-20201114-073411.raw --profile=Win7SP1x64 yarascan --yara-rules=socket -p 2260</Data><Data Name='CurrentDirectory'>D:\케이쉴드주니어\python\FindWally\program\volatility\</Data><Data Name='User'>DESKTOP-OD0Q7OR\dayou</Data><Data Name='LogonGuid'>{c9037512-8161-5fb8-7198-7d2b00000000}</Data><Data Name='LogonId'>0x2b7d9871</Data><Data Name='TerminalSessionId'>10</Data><Data Name='IntegrityLevel'>High</Data><Data Name='Hashes'>SHA1=AE08F33AB8B4E4D452FD44B0D42645475DE62218</Data><Data Name='ParentProcessGuid'>{c9037512-26a2-5fba-be8e-010000000b00}</Data><Data Name='ParentProcessId'>39444</Data><Data Name='ParentImage'>D:\Anaconda3\python.exe</Data><Data Name='ParentCommandLine'>"D:\Anaconda3\python.exe" "-c" "from multiprocessing.spawn import spawn_main; spawn_main(parent_pid=11048, pipe_handle=2476)" "--multiprocessing-fork"</Data></EventData></Event>
